{"/home/travis/build/npmtest/node-npmtest-couchapp/test.js":{"path":"/home/travis/build/npmtest/node-npmtest-couchapp/test.js","s":{"1":2,"2":2,"3":2,"4":2,"5":2,"6":2,"7":2,"8":1,"9":2,"10":2,"11":1,"12":1,"13":1,"14":1,"15":2,"16":2,"17":2,"18":2,"19":1,"20":1,"21":2,"22":2,"23":2,"24":1,"25":1,"26":1,"27":1,"28":1,"29":1,"30":1,"31":1,"32":1,"33":1,"34":1,"35":1,"36":1,"37":2,"38":2,"39":1,"40":2,"41":2,"42":1,"43":2,"44":2,"45":1,"46":2,"47":2,"48":1,"49":1,"50":1,"51":1,"52":1},"b":{"1":[2,1,1,1],"2":[1,1,1,1],"3":[1,1],"4":[1,1],"5":[1,1],"6":[1,1],"7":[1,1],"8":[1,1],"9":[1,1,1],"10":[1,1],"11":[1,1],"12":[1,1],"13":[1,1],"14":[1,1],"15":[1,1],"16":[1,1]},"f":{"1":2,"2":2,"3":2,"4":2,"5":2,"6":1,"7":1,"8":2,"9":2,"10":2,"11":2,"12":1},"fnMap":{"1":{"name":"(anonymous_1)","line":12,"loc":{"start":{"line":12,"column":1},"end":{"line":12,"column":13}}},"2":{"name":"(anonymous_2)","line":19,"loc":{"start":{"line":19,"column":5},"end":{"line":19,"column":17}}},"3":{"name":"(anonymous_3)","line":23,"loc":{"start":{"line":23,"column":24},"end":{"line":23,"column":36}}},"4":{"name":"(anonymous_4)","line":61,"loc":{"start":{"line":61,"column":5},"end":{"line":61,"column":17}}},"5":{"name":"(anonymous_5)","line":82,"loc":{"start":{"line":82,"column":5},"end":{"line":82,"column":17}}},"6":{"name":"(anonymous_6)","line":102,"loc":{"start":{"line":102,"column":83},"end":{"line":105,"column":10}},"skip":true},"7":{"name":"(anonymous_7)","line":113,"loc":{"start":{"line":113,"column":77},"end":{"line":116,"column":10}},"skip":true},"8":{"name":"(anonymous_8)","line":129,"loc":{"start":{"line":129,"column":12},"end":{"line":129,"column":40}},"skip":true},"9":{"name":"(anonymous_9)","line":137,"loc":{"start":{"line":137,"column":77},"end":{"line":140,"column":10}},"skip":true},"10":{"name":"(anonymous_10)","line":148,"loc":{"start":{"line":148,"column":83},"end":{"line":151,"column":10}},"skip":true},"11":{"name":"(anonymous_11)","line":159,"loc":{"start":{"line":159,"column":79},"end":{"line":162,"column":10}},"skip":true},"12":{"name":"(anonymous_12)","line":170,"loc":{"start":{"line":170,"column":75},"end":{"line":173,"column":10}},"skip":true}},"statementMap":{"1":{"start":{"line":12,"column":0},"end":{"line":185,"column":5}},"2":{"start":{"line":14,"column":4},"end":{"line":14,"column":14}},"3":{"start":{"line":19,"column":4},"end":{"line":56,"column":9}},"4":{"start":{"line":21,"column":8},"end":{"line":21,"column":19}},"5":{"start":{"line":23,"column":8},"end":{"line":35,"column":13}},"6":{"start":{"line":24,"column":12},"end":{"line":34,"column":13}},"7":{"start":{"line":25,"column":16},"end":{"line":28,"column":30}},"8":{"start":{"line":30,"column":16},"end":{"line":33,"column":27}},"9":{"start":{"line":37,"column":8},"end":{"line":39,"column":21}},"10":{"start":{"line":40,"column":8},"end":{"line":53,"column":9}},"11":{"start":{"line":43,"column":12},"end":{"line":46,"column":14}},"12":{"start":{"line":47,"column":12},"end":{"line":47,"column":18}},"13":{"start":{"line":50,"column":12},"end":{"line":51,"column":46}},"14":{"start":{"line":52,"column":12},"end":{"line":52,"column":18}},"15":{"start":{"line":55,"column":8},"end":{"line":55,"column":35}},"16":{"start":{"line":61,"column":4},"end":{"line":63,"column":9}},"17":{"start":{"line":62,"column":8},"end":{"line":62,"column":15}},"18":{"start":{"line":64,"column":4},"end":{"line":77,"column":5}},"19":{"start":{"line":70,"column":8},"end":{"line":70,"column":14}},"20":{"start":{"line":76,"column":8},"end":{"line":76,"column":14}},"21":{"start":{"line":82,"column":4},"end":{"line":84,"column":9}},"22":{"start":{"line":83,"column":8},"end":{"line":83,"column":15}},"23":{"start":{"line":85,"column":4},"end":{"line":184,"column":5}},"24":{"start":{"line":92,"column":8},"end":{"line":94,"column":63}},"25":{"start":{"line":95,"column":8},"end":{"line":95,"column":14}},"26":{"start":{"line":102,"column":8},"end":{"line":111,"column":10},"skip":true},"27":{"start":{"line":109,"column":12},"end":{"line":109,"column":55},"skip":true},"28":{"start":{"line":110,"column":12},"end":{"line":110,"column":48},"skip":true},"29":{"start":{"line":113,"column":8},"end":{"line":126,"column":10},"skip":true},"30":{"start":{"line":120,"column":12},"end":{"line":120,"column":76},"skip":true},"31":{"start":{"line":121,"column":12},"end":{"line":121,"column":73},"skip":true},"32":{"start":{"line":122,"column":12},"end":{"line":122,"column":74},"skip":true},"33":{"start":{"line":123,"column":12},"end":{"line":123,"column":79},"skip":true},"34":{"start":{"line":124,"column":12},"end":{"line":124,"column":25},"skip":true},"35":{"start":{"line":125,"column":12},"end":{"line":125,"column":45},"skip":true},"36":{"start":{"line":128,"column":8},"end":{"line":135,"column":14},"skip":true},"37":{"start":{"line":133,"column":16},"end":{"line":133,"column":29},"skip":true},"38":{"start":{"line":134,"column":16},"end":{"line":134,"column":55},"skip":true},"39":{"start":{"line":137,"column":8},"end":{"line":146,"column":10},"skip":true},"40":{"start":{"line":144,"column":12},"end":{"line":144,"column":25},"skip":true},"41":{"start":{"line":145,"column":12},"end":{"line":145,"column":45},"skip":true},"42":{"start":{"line":148,"column":8},"end":{"line":157,"column":10},"skip":true},"43":{"start":{"line":155,"column":12},"end":{"line":155,"column":25},"skip":true},"44":{"start":{"line":156,"column":12},"end":{"line":156,"column":48},"skip":true},"45":{"start":{"line":159,"column":8},"end":{"line":168,"column":10},"skip":true},"46":{"start":{"line":166,"column":12},"end":{"line":166,"column":25},"skip":true},"47":{"start":{"line":167,"column":12},"end":{"line":167,"column":46},"skip":true},"48":{"start":{"line":170,"column":8},"end":{"line":179,"column":10},"skip":true},"49":{"start":{"line":177,"column":12},"end":{"line":177,"column":94},"skip":true},"50":{"start":{"line":178,"column":12},"end":{"line":178,"column":48},"skip":true},"51":{"start":{"line":182,"column":8},"end":{"line":182,"column":35},"skip":true},"52":{"start":{"line":183,"column":8},"end":{"line":183,"column":14},"skip":true}},"branchMap":{"1":{"line":25,"type":"binary-expr","locations":[{"start":{"line":25,"column":23},"end":{"line":25,"column":62}},{"start":{"line":26,"column":20},"end":{"line":26,"column":70}},{"start":{"line":27,"column":20},"end":{"line":27,"column":71}},{"start":{"line":28,"column":20},"end":{"line":28,"column":29}}]},"2":{"line":30,"type":"binary-expr","locations":[{"start":{"line":30,"column":23},"end":{"line":30,"column":37}},{"start":{"line":31,"column":20},"end":{"line":31,"column":61}},{"start":{"line":32,"column":20},"end":{"line":32,"column":70}},{"start":{"line":33,"column":20},"end":{"line":33,"column":26}}]},"3":{"line":37,"type":"cond-expr","locations":[{"start":{"line":38,"column":14},"end":{"line":38,"column":20}},{"start":{"line":39,"column":14},"end":{"line":39,"column":20}}]},"4":{"line":40,"type":"switch","locations":[{"start":{"line":42,"column":8},"end":{"line":47,"column":18}},{"start":{"line":49,"column":8},"end":{"line":52,"column":18}}]},"5":{"line":44,"type":"binary-expr","locations":[{"start":{"line":44,"column":16},"end":{"line":44,"column":44}},{"start":{"line":44,"column":48},"end":{"line":44,"column":66}}]},"6":{"line":50,"type":"binary-expr","locations":[{"start":{"line":50,"column":21},"end":{"line":50,"column":49}},{"start":{"line":50,"column":53},"end":{"line":50,"column":72}}]},"7":{"line":64,"type":"switch","locations":[{"start":{"line":69,"column":4},"end":{"line":70,"column":14}},{"start":{"line":75,"column":4},"end":{"line":76,"column":14}}]},"8":{"line":85,"type":"switch","locations":[{"start":{"line":90,"column":4},"end":{"line":95,"column":14}},{"start":{"line":101,"column":4},"end":{"line":183,"column":14},"skip":true}]},"9":{"line":92,"type":"binary-expr","locations":[{"start":{"line":92,"column":18},"end":{"line":92,"column":32}},{"start":{"line":93,"column":12},"end":{"line":93,"column":53}},{"start":{"line":94,"column":12},"end":{"line":94,"column":61}}]},"10":{"line":102,"type":"binary-expr","locations":[{"start":{"line":102,"column":45},"end":{"line":102,"column":79},"skip":true},{"start":{"line":102,"column":83},"end":{"line":111,"column":9},"skip":true}]},"11":{"line":113,"type":"binary-expr","locations":[{"start":{"line":113,"column":42},"end":{"line":113,"column":73},"skip":true},{"start":{"line":113,"column":77},"end":{"line":126,"column":9},"skip":true}]},"12":{"line":128,"type":"binary-expr","locations":[{"start":{"line":128,"column":48},"end":{"line":128,"column":85},"skip":true},{"start":{"line":129,"column":12},"end":{"line":135,"column":13},"skip":true}]},"13":{"line":137,"type":"binary-expr","locations":[{"start":{"line":137,"column":42},"end":{"line":137,"column":73},"skip":true},{"start":{"line":137,"column":77},"end":{"line":146,"column":9},"skip":true}]},"14":{"line":148,"type":"binary-expr","locations":[{"start":{"line":148,"column":45},"end":{"line":148,"column":79},"skip":true},{"start":{"line":148,"column":83},"end":{"line":157,"column":9},"skip":true}]},"15":{"line":159,"type":"binary-expr","locations":[{"start":{"line":159,"column":43},"end":{"line":159,"column":75},"skip":true},{"start":{"line":159,"column":79},"end":{"line":168,"column":9},"skip":true}]},"16":{"line":170,"type":"binary-expr","locations":[{"start":{"line":170,"column":41},"end":{"line":170,"column":71},"skip":true},{"start":{"line":170,"column":75},"end":{"line":179,"column":9},"skip":true}]}},"code":["/* istanbul instrument in package npmtest_couchapp */","/*jslint","    bitwise: true,","    browser: true,","    maxerr: 8,","    maxlen: 96,","    node: true,","    nomen: true,","    regexp: true,","    stupid: true","*/","(function () {","    'use strict';","    var local;","","","","    // run shared js-env code - pre-init","    (function () {","        // init local","        local = {};","        // init modeJs","        local.modeJs = (function () {","            try {","                return typeof navigator.userAgent === 'string' &&","                    typeof document.querySelector('body') === 'object' &&","                    typeof XMLHttpRequest.prototype.open === 'function' &&","                    'browser';","            } catch (errorCaughtBrowser) {","                return module.exports &&","                    typeof process.versions.node === 'string' &&","                    typeof require('http').createServer === 'function' &&","                    'node';","            }","        }());","        // init global","        local.global = local.modeJs === 'browser'","            ? window","            : global;","        switch (local.modeJs) {","        // re-init local from window.local","        case 'browser':","            local = local.global.utility2.objectSetDefault(","                local.global.utility2_rollup || local.global.local,","                local.global.utility2","            );","            break;","        // re-init local from example.js","        case 'node':","            local = (local.global.utility2_rollup || require('utility2'))","                .requireExampleJsFromReadme();","            break;","        }","        // export local","        local.global.local = local;","    }());","","","","    // run shared js-env code - function","    (function () {","        return;","    }());","    switch (local.modeJs) {","","","","    // run browser js-env code - function","    case 'browser':","        break;","","","","    // run node js-env code - function","    case 'node':","        break;","    }","","","","    // run shared js-env code - post-init","    (function () {","        return;","    }());","    switch (local.modeJs) {","","","","    // run browser js-env code - post-init","    case 'browser':","        // run tests","        local.nop(local.modeTest &&","            document.querySelector('#testRunButton1') &&","            document.querySelector('#testRunButton1').click());","        break;","","","","    // run node js-env code - post-init","    /* istanbul ignore next */","    case 'node':","        local.testCase_buildApidoc_default = local.testCase_buildApidoc_default || function (","            options,","            onError","        ) {","        /*","         * this function will test buildApidoc's default handling-behavior-behavior","         */","            options = { modulePathList: module.paths };","            local.buildApidoc(options, onError);","        };","","        local.testCase_buildApp_default = local.testCase_buildApp_default || function (","            options,","            onError","        ) {","        /*","         * this function will test buildApp's default handling-behavior-behavior","         */","            local.testCase_buildReadme_default(options, local.onErrorThrow);","            local.testCase_buildLib_default(options, local.onErrorThrow);","            local.testCase_buildTest_default(options, local.onErrorThrow);","            local.testCase_buildCustomOrg_default(options, local.onErrorThrow);","            options = [];","            local.buildApp(options, onError);","        };","","        local.testCase_buildCustomOrg_default = local.testCase_buildCustomOrg_default ||","            function (options, onError) {","            /*","             * this function will test buildCustomOrg's default handling-behavior","             */","                options = {};","                local.buildCustomOrg(options, onError);","            };","","        local.testCase_buildLib_default = local.testCase_buildLib_default || function (","            options,","            onError","        ) {","        /*","         * this function will test buildLib's default handling-behavior","         */","            options = {};","            local.buildLib(options, onError);","        };","","        local.testCase_buildReadme_default = local.testCase_buildReadme_default || function (","            options,","            onError","        ) {","        /*","         * this function will test buildReadme's default handling-behavior-behavior","         */","            options = {};","            local.buildReadme(options, onError);","        };","","        local.testCase_buildTest_default = local.testCase_buildTest_default || function (","            options,","            onError","        ) {","        /*","         * this function will test buildTest's default handling-behavior","         */","            options = {};","            local.buildTest(options, onError);","        };","","        local.testCase_webpage_default = local.testCase_webpage_default || function (","            options,","            onError","        ) {","        /*","         * this function will test webpage's default handling-behavior","         */","            options = { modeCoverageMerge: true, url: local.serverLocalHost + '?modeTest=1' };","            local.browserTest(options, onError);","        };","","        // run test-server","        local.testRunServer(local);","        break;","    }","}());",""],"l":{"12":2,"14":2,"19":2,"21":2,"23":2,"24":2,"25":2,"30":1,"37":2,"40":2,"43":1,"47":1,"50":1,"52":1,"55":2,"61":2,"62":2,"64":2,"70":1,"76":1,"82":2,"83":2,"85":2,"92":1,"95":1,"102":1,"109":1,"110":1,"113":1,"120":1,"121":1,"122":1,"123":1,"124":1,"125":1,"128":1,"133":2,"134":2,"137":1,"144":2,"145":2,"148":1,"155":2,"156":2,"159":1,"166":2,"167":2,"170":1,"177":1,"178":1,"182":1,"183":1}},"/home/travis/build/npmtest/node-npmtest-couchapp/lib.npmtest_couchapp.js":{"path":"/home/travis/build/npmtest/node-npmtest-couchapp/lib.npmtest_couchapp.js","s":{"1":2,"2":2,"3":2,"4":2,"5":2,"6":2,"7":2,"8":1,"9":2,"10":2,"11":2,"12":2,"13":1,"14":1,"15":1,"16":1},"b":{"1":[2,1,1,1],"2":[1,1,1,1],"3":[1,1],"4":[2,2],"5":[1,1]},"f":{"1":2,"2":2,"3":2},"fnMap":{"1":{"name":"(anonymous_1)","line":12,"loc":{"start":{"line":12,"column":1},"end":{"line":12,"column":13}}},"2":{"name":"(anonymous_2)","line":19,"loc":{"start":{"line":19,"column":5},"end":{"line":19,"column":17}}},"3":{"name":"(anonymous_3)","line":23,"loc":{"start":{"line":23,"column":24},"end":{"line":23,"column":36}}}},"statementMap":{"1":{"start":{"line":12,"column":0},"end":{"line":53,"column":5}},"2":{"start":{"line":14,"column":4},"end":{"line":14,"column":14}},"3":{"start":{"line":19,"column":4},"end":{"line":52,"column":9}},"4":{"start":{"line":21,"column":8},"end":{"line":21,"column":19}},"5":{"start":{"line":23,"column":8},"end":{"line":35,"column":13}},"6":{"start":{"line":24,"column":12},"end":{"line":34,"column":13}},"7":{"start":{"line":25,"column":16},"end":{"line":28,"column":30}},"8":{"start":{"line":30,"column":16},"end":{"line":33,"column":27}},"9":{"start":{"line":37,"column":8},"end":{"line":39,"column":21}},"10":{"start":{"line":41,"column":8},"end":{"line":41,"column":54}},"11":{"start":{"line":43,"column":8},"end":{"line":43,"column":53}},"12":{"start":{"line":45,"column":8},"end":{"line":51,"column":9}},"13":{"start":{"line":46,"column":12},"end":{"line":46,"column":59}},"14":{"start":{"line":48,"column":12},"end":{"line":48,"column":35}},"15":{"start":{"line":49,"column":12},"end":{"line":49,"column":49}},"16":{"start":{"line":50,"column":12},"end":{"line":50,"column":43}}},"branchMap":{"1":{"line":25,"type":"binary-expr","locations":[{"start":{"line":25,"column":23},"end":{"line":25,"column":62}},{"start":{"line":26,"column":20},"end":{"line":26,"column":70}},{"start":{"line":27,"column":20},"end":{"line":27,"column":71}},{"start":{"line":28,"column":20},"end":{"line":28,"column":29}}]},"2":{"line":30,"type":"binary-expr","locations":[{"start":{"line":30,"column":23},"end":{"line":30,"column":37}},{"start":{"line":31,"column":20},"end":{"line":31,"column":61}},{"start":{"line":32,"column":20},"end":{"line":32,"column":70}},{"start":{"line":33,"column":20},"end":{"line":33,"column":26}}]},"3":{"line":37,"type":"cond-expr","locations":[{"start":{"line":38,"column":14},"end":{"line":38,"column":20}},{"start":{"line":39,"column":14},"end":{"line":39,"column":20}}]},"4":{"line":41,"type":"binary-expr","locations":[{"start":{"line":41,"column":16},"end":{"line":41,"column":44}},{"start":{"line":41,"column":48},"end":{"line":41,"column":53}}]},"5":{"line":45,"type":"if","locations":[{"start":{"line":45,"column":8},"end":{"line":45,"column":8}},{"start":{"line":45,"column":8},"end":{"line":45,"column":8}}]}},"code":["/* istanbul instrument in package npmtest_couchapp */","/*jslint","    bitwise: true,","    browser: true,","    maxerr: 8,","    maxlen: 96,","    node: true,","    nomen: true,","    regexp: true,","    stupid: true","*/","(function () {","    'use strict';","    var local;","","","","    // run shared js-env code - pre-init","    (function () {","        // init local","        local = {};","        // init modeJs","        local.modeJs = (function () {","            try {","                return typeof navigator.userAgent === 'string' &&","                    typeof document.querySelector('body') === 'object' &&","                    typeof XMLHttpRequest.prototype.open === 'function' &&","                    'browser';","            } catch (errorCaughtBrowser) {","                return module.exports &&","                    typeof process.versions.node === 'string' &&","                    typeof require('http').createServer === 'function' &&","                    'node';","            }","        }());","        // init global","        local.global = local.modeJs === 'browser'","            ? window","            : global;","        // init utility2_rollup","        local = local.global.utility2_rollup || local;","        // init lib","        local.local = local.npmtest_couchapp = local;","        // init exports","        if (local.modeJs === 'browser') {","            local.global.utility2_npmtest_couchapp = local;","        } else {","            module.exports = local;","            module.exports.__dirname = __dirname;","            module.exports.module = module;","        }","    }());","}());",""],"l":{"12":2,"14":2,"19":2,"21":2,"23":2,"24":2,"25":2,"30":1,"37":2,"41":2,"43":2,"45":2,"46":1,"48":1,"49":1,"50":1}},"/home/travis/build/npmtest/node-npmtest-couchapp/example.js":{"path":"/home/travis/build/npmtest/node-npmtest-couchapp/example.js","s":{"1":2,"2":2,"3":2,"4":2,"5":2,"6":2,"7":2,"8":1,"9":2,"10":2,"11":2,"12":2,"13":1,"14":2,"15":2,"16":2,"17":2,"18":2,"19":0,"20":2,"21":1,"22":1,"23":1,"24":1,"25":1,"26":0,"27":0,"28":1,"29":1,"30":2,"31":0,"32":0,"33":0,"34":1,"35":2,"36":2,"37":2,"38":2,"39":2,"40":2,"41":0,"42":2,"43":2,"44":2,"45":1,"46":3,"47":1,"48":1,"49":1,"50":1,"51":1,"52":1,"53":1,"54":1,"55":1,"56":1,"57":0,"58":1,"59":6,"60":6,"61":1,"62":2,"63":0,"64":2,"65":1,"66":1,"67":0,"68":0,"69":0,"70":0,"71":0,"72":0,"73":0,"74":0,"75":0,"76":0,"77":0,"78":0,"79":0,"80":0,"81":0,"82":0,"83":0},"b":{"1":[2,1,1,1],"2":[1,1,1,1],"3":[1,1],"4":[2,2],"5":[1,1],"6":[1,1],"7":[2,0],"8":[2,1,1,1,1,1],"9":[0,2,0],"10":[1,1],"11":[2,1,1],"12":[1,0],"13":[0,2],"14":[2,0,0,0,0,0,0],"15":[0,2],"16":[2,0],"17":[1,1],"18":[0,1],"19":[1,2,0,2],"20":[1,0],"21":[1,1],"22":[0,0],"23":[0,0],"24":[0,0],"25":[0,0],"26":[0,0],"27":[0,0],"28":[0,0]},"f":{"1":2,"2":2,"3":2,"4":2,"5":2,"6":2,"7":2,"8":2,"9":3,"10":1,"11":6,"12":0},"fnMap":{"1":{"name":"(anonymous_1)","line":26,"loc":{"start":{"line":26,"column":1},"end":{"line":26,"column":13}}},"2":{"name":"(anonymous_2)","line":33,"loc":{"start":{"line":33,"column":5},"end":{"line":33,"column":17}}},"3":{"name":"(anonymous_3)","line":37,"loc":{"start":{"line":37,"column":24},"end":{"line":37,"column":36}}},"4":{"name":"(anonymous_4)","line":69,"loc":{"start":{"line":69,"column":31},"end":{"line":69,"column":48}},"skip":true},"5":{"name":"(anonymous_5)","line":78,"loc":{"start":{"line":78,"column":26},"end":{"line":78,"column":45}},"skip":true},"6":{"name":"(anonymous_6)","line":123,"loc":{"start":{"line":123,"column":33},"end":{"line":123,"column":48}},"skip":true},"7":{"name":"(anonymous_7)","line":125,"loc":{"start":{"line":125,"column":27},"end":{"line":125,"column":39}},"skip":true},"8":{"name":"(anonymous_8)","line":133,"loc":{"start":{"line":133,"column":59},"end":{"line":133,"column":74}},"skip":true},"9":{"name":"(anonymous_9)","line":143,"loc":{"start":{"line":143,"column":45},"end":{"line":143,"column":62}},"skip":true},"10":{"name":"(anonymous_10)","line":144,"loc":{"start":{"line":144,"column":73},"end":{"line":144,"column":92}},"skip":true},"11":{"name":"(anonymous_11)","line":272,"loc":{"start":{"line":272,"column":51},"end":{"line":272,"column":77}},"skip":true},"12":{"name":"(anonymous_12)","line":314,"loc":{"start":{"line":314,"column":32},"end":{"line":314,"column":61}},"skip":true}},"statementMap":{"1":{"start":{"line":26,"column":0},"end":{"line":325,"column":5}},"2":{"start":{"line":28,"column":4},"end":{"line":28,"column":14}},"3":{"start":{"line":33,"column":4},"end":{"line":60,"column":9}},"4":{"start":{"line":35,"column":8},"end":{"line":35,"column":19}},"5":{"start":{"line":37,"column":8},"end":{"line":49,"column":13}},"6":{"start":{"line":38,"column":12},"end":{"line":48,"column":13}},"7":{"start":{"line":39,"column":16},"end":{"line":42,"column":30}},"8":{"start":{"line":44,"column":16},"end":{"line":47,"column":27}},"9":{"start":{"line":51,"column":8},"end":{"line":53,"column":21}},"10":{"start":{"line":55,"column":8},"end":{"line":57,"column":45}},"11":{"start":{"line":59,"column":8},"end":{"line":59,"column":35}},"12":{"start":{"line":61,"column":4},"end":{"line":324,"column":5}},"13":{"start":{"line":69,"column":8},"end":{"line":121,"column":10},"skip":true},"14":{"start":{"line":70,"column":12},"end":{"line":88,"column":13},"skip":true},"15":{"start":{"line":76,"column":16},"end":{"line":87,"column":19},"skip":true},"16":{"start":{"line":79,"column":20},"end":{"line":86,"column":21},"skip":true},"17":{"start":{"line":82,"column":24},"end":{"line":82,"column":43},"skip":true},"18":{"start":{"line":83,"column":24},"end":{"line":83,"column":30},"skip":true},"19":{"start":{"line":85,"column":24},"end":{"line":85,"column":49},"skip":true},"20":{"start":{"line":89,"column":12},"end":{"line":107,"column":13},"skip":true},"21":{"start":{"line":92,"column":16},"end":{"line":102,"column":17},"skip":true},"22":{"start":{"line":93,"column":20},"end":{"line":93,"column":86},"skip":true},"23":{"start":{"line":94,"column":20},"end":{"line":95,"column":45},"skip":true},"24":{"start":{"line":96,"column":20},"end":{"line":96,"column":42},"skip":true},"25":{"start":{"line":97,"column":20},"end":{"line":97,"column":48},"skip":true},"26":{"start":{"line":100,"column":20},"end":{"line":100,"column":85},"skip":true},"27":{"start":{"line":101,"column":20},"end":{"line":101,"column":96},"skip":true},"28":{"start":{"line":103,"column":16},"end":{"line":103,"column":22},"skip":true},"29":{"start":{"line":106,"column":16},"end":{"line":106,"column":22},"skip":true},"30":{"start":{"line":108,"column":12},"end":{"line":120,"column":13},"skip":true},"31":{"start":{"line":114,"column":16},"end":{"line":119,"column":17},"skip":true},"32":{"start":{"line":116,"column":20},"end":{"line":116,"column":78},"skip":true},"33":{"start":{"line":118,"column":20},"end":{"line":118,"column":47},"skip":true},"34":{"start":{"line":123,"column":8},"end":{"line":141,"column":11},"skip":true},"35":{"start":{"line":124,"column":12},"end":{"line":124,"column":54},"skip":true},"36":{"start":{"line":125,"column":12},"end":{"line":140,"column":14},"skip":true},"37":{"start":{"line":126,"column":16},"end":{"line":126,"column":28},"skip":true},"38":{"start":{"line":127,"column":16},"end":{"line":127,"column":69},"skip":true},"39":{"start":{"line":128,"column":16},"end":{"line":128,"column":75},"skip":true},"40":{"start":{"line":129,"column":16},"end":{"line":131,"column":17},"skip":true},"41":{"start":{"line":130,"column":20},"end":{"line":130,"column":27},"skip":true},"42":{"start":{"line":133,"column":16},"end":{"line":137,"column":36},"skip":true},"43":{"start":{"line":134,"column":20},"end":{"line":136,"column":55},"skip":true},"44":{"start":{"line":139,"column":16},"end":{"line":139,"column":57},"skip":true},"45":{"start":{"line":143,"column":8},"end":{"line":147,"column":11},"skip":true},"46":{"start":{"line":144,"column":12},"end":{"line":146,"column":15},"skip":true},"47":{"start":{"line":145,"column":16},"end":{"line":145,"column":70},"skip":true},"48":{"start":{"line":149,"column":8},"end":{"line":149,"column":31},"skip":true},"49":{"start":{"line":150,"column":8},"end":{"line":150,"column":14},"skip":true},"50":{"start":{"line":158,"column":8},"end":{"line":158,"column":31},"skip":true},"51":{"start":{"line":160,"column":8},"end":{"line":160,"column":33},"skip":true},"52":{"start":{"line":161,"column":8},"end":{"line":161,"column":37},"skip":true},"53":{"start":{"line":162,"column":8},"end":{"line":162,"column":35},"skip":true},"54":{"start":{"line":164,"column":8},"end":{"line":164,"column":50},"skip":true},"55":{"start":{"line":166,"column":8},"end":{"line":256,"column":2},"skip":true},"56":{"start":{"line":258,"column":8},"end":{"line":286,"column":9},"skip":true},"57":{"start":{"line":259,"column":12},"end":{"line":269,"column":14},"skip":true},"58":{"start":{"line":271,"column":12},"end":{"line":285,"column":19},"skip":true},"59":{"start":{"line":274,"column":20},"end":{"line":274,"column":35},"skip":true},"60":{"start":{"line":275,"column":20},"end":{"line":284,"column":21},"skip":true},"61":{"start":{"line":277,"column":24},"end":{"line":277,"column":64},"skip":true},"62":{"start":{"line":279,"column":24},"end":{"line":279,"column":40},"skip":true},"63":{"start":{"line":281,"column":24},"end":{"line":281,"column":40},"skip":true},"64":{"start":{"line":283,"column":24},"end":{"line":283,"column":39},"skip":true},"65":{"start":{"line":288,"column":8},"end":{"line":290,"column":9},"skip":true},"66":{"start":{"line":289,"column":12},"end":{"line":289,"column":18},"skip":true},"67":{"start":{"line":291,"column":8},"end":{"line":293,"column":54},"skip":true},"68":{"start":{"line":294,"column":8},"end":{"line":301,"column":37},"skip":true},"69":{"start":{"line":302,"column":8},"end":{"line":302,"column":82},"skip":true},"70":{"start":{"line":305,"column":8},"end":{"line":307,"column":9},"skip":true},"71":{"start":{"line":306,"column":12},"end":{"line":306,"column":82},"skip":true},"72":{"start":{"line":309,"column":8},"end":{"line":311,"column":9},"skip":true},"73":{"start":{"line":310,"column":12},"end":{"line":310,"column":18},"skip":true},"74":{"start":{"line":312,"column":8},"end":{"line":312,"column":54},"skip":true},"75":{"start":{"line":313,"column":8},"end":{"line":313,"column":69},"skip":true},"76":{"start":{"line":314,"column":8},"end":{"line":322,"column":36},"skip":true},"77":{"start":{"line":315,"column":12},"end":{"line":315,"column":61},"skip":true},"78":{"start":{"line":316,"column":12},"end":{"line":319,"column":13},"skip":true},"79":{"start":{"line":317,"column":16},"end":{"line":317,"column":75},"skip":true},"80":{"start":{"line":318,"column":16},"end":{"line":318,"column":23},"skip":true},"81":{"start":{"line":320,"column":12},"end":{"line":320,"column":38},"skip":true},"82":{"start":{"line":321,"column":12},"end":{"line":321,"column":27},"skip":true},"83":{"start":{"line":323,"column":8},"end":{"line":323,"column":14},"skip":true}},"branchMap":{"1":{"line":39,"type":"binary-expr","locations":[{"start":{"line":39,"column":23},"end":{"line":39,"column":62}},{"start":{"line":40,"column":20},"end":{"line":40,"column":70}},{"start":{"line":41,"column":20},"end":{"line":41,"column":71}},{"start":{"line":42,"column":20},"end":{"line":42,"column":29}}]},"2":{"line":44,"type":"binary-expr","locations":[{"start":{"line":44,"column":23},"end":{"line":44,"column":37}},{"start":{"line":45,"column":20},"end":{"line":45,"column":61}},{"start":{"line":46,"column":20},"end":{"line":46,"column":70}},{"start":{"line":47,"column":20},"end":{"line":47,"column":26}}]},"3":{"line":51,"type":"cond-expr","locations":[{"start":{"line":52,"column":14},"end":{"line":52,"column":20}},{"start":{"line":53,"column":14},"end":{"line":53,"column":20}}]},"4":{"line":55,"type":"binary-expr","locations":[{"start":{"line":55,"column":16},"end":{"line":55,"column":44}},{"start":{"line":55,"column":49},"end":{"line":57,"column":43}}]},"5":{"line":55,"type":"cond-expr","locations":[{"start":{"line":56,"column":14},"end":{"line":56,"column":52}},{"start":{"line":57,"column":14},"end":{"line":57,"column":43}}]},"6":{"line":61,"type":"switch","locations":[{"start":{"line":68,"column":4},"end":{"line":150,"column":14},"skip":true},{"start":{"line":156,"column":4},"end":{"line":323,"column":14},"skip":true}]},"7":{"line":70,"type":"if","locations":[{"start":{"line":70,"column":12},"end":{"line":70,"column":12},"skip":true},{"start":{"line":70,"column":12},"end":{"line":70,"column":12},"skip":true}]},"8":{"line":70,"type":"binary-expr","locations":[{"start":{"line":70,"column":16},"end":{"line":70,"column":22},"skip":true},{"start":{"line":70,"column":27},"end":{"line":70,"column":32},"skip":true},{"start":{"line":71,"column":20},"end":{"line":71,"column":39},"skip":true},{"start":{"line":72,"column":20},"end":{"line":72,"column":49},"skip":true},{"start":{"line":73,"column":20},"end":{"line":73,"column":58},"skip":true},{"start":{"line":74,"column":20},"end":{"line":74,"column":69},"skip":true}]},"9":{"line":79,"type":"switch","locations":[{"start":{"line":80,"column":20},"end":{"line":80,"column":33},"skip":true},{"start":{"line":81,"column":20},"end":{"line":83,"column":30},"skip":true},{"start":{"line":84,"column":20},"end":{"line":85,"column":49},"skip":true}]},"10":{"line":89,"type":"switch","locations":[{"start":{"line":90,"column":12},"end":{"line":103,"column":22},"skip":true},{"start":{"line":105,"column":12},"end":{"line":106,"column":22},"skip":true}]},"11":{"line":89,"type":"binary-expr","locations":[{"start":{"line":89,"column":20},"end":{"line":89,"column":25},"skip":true},{"start":{"line":89,"column":29},"end":{"line":89,"column":48},"skip":true},{"start":{"line":89,"column":52},"end":{"line":89,"column":74},"skip":true}]},"12":{"line":92,"type":"if","locations":[{"start":{"line":92,"column":16},"end":{"line":92,"column":16},"skip":true},{"start":{"line":92,"column":16},"end":{"line":92,"column":16},"skip":true}]},"13":{"line":108,"type":"if","locations":[{"start":{"line":108,"column":12},"end":{"line":108,"column":12},"skip":true},{"start":{"line":108,"column":12},"end":{"line":108,"column":12},"skip":true}]},"14":{"line":108,"type":"binary-expr","locations":[{"start":{"line":108,"column":16},"end":{"line":108,"column":61},"skip":true},{"start":{"line":108,"column":66},"end":{"line":108,"column":72},"skip":true},{"start":{"line":108,"column":77},"end":{"line":108,"column":82},"skip":true},{"start":{"line":109,"column":20},"end":{"line":109,"column":39},"skip":true},{"start":{"line":110,"column":20},"end":{"line":110,"column":49},"skip":true},{"start":{"line":111,"column":20},"end":{"line":111,"column":58},"skip":true},{"start":{"line":112,"column":20},"end":{"line":112,"column":68},"skip":true}]},"15":{"line":129,"type":"if","locations":[{"start":{"line":129,"column":16},"end":{"line":129,"column":16},"skip":true},{"start":{"line":129,"column":16},"end":{"line":129,"column":16},"skip":true}]},"16":{"line":134,"type":"cond-expr","locations":[{"start":{"line":135,"column":26},"end":{"line":135,"column":29},"skip":true},{"start":{"line":136,"column":26},"end":{"line":136,"column":54},"skip":true}]},"17":{"line":164,"type":"binary-expr","locations":[{"start":{"line":164,"column":27},"end":{"line":164,"column":43},"skip":true},{"start":{"line":164,"column":47},"end":{"line":164,"column":49},"skip":true}]},"18":{"line":258,"type":"if","locations":[{"start":{"line":258,"column":8},"end":{"line":258,"column":8},"skip":true},{"start":{"line":258,"column":8},"end":{"line":258,"column":8},"skip":true}]},"19":{"line":275,"type":"switch","locations":[{"start":{"line":276,"column":20},"end":{"line":277,"column":64},"skip":true},{"start":{"line":278,"column":20},"end":{"line":279,"column":40},"skip":true},{"start":{"line":280,"column":20},"end":{"line":281,"column":40},"skip":true},{"start":{"line":282,"column":20},"end":{"line":283,"column":39},"skip":true}]},"20":{"line":288,"type":"if","locations":[{"start":{"line":288,"column":8},"end":{"line":288,"column":8},"skip":true},{"start":{"line":288,"column":8},"end":{"line":288,"column":8},"skip":true}]},"21":{"line":288,"type":"binary-expr","locations":[{"start":{"line":288,"column":12},"end":{"line":288,"column":40},"skip":true},{"start":{"line":288,"column":44},"end":{"line":288,"column":67},"skip":true}]},"22":{"line":292,"type":"binary-expr","locations":[{"start":{"line":292,"column":12},"end":{"line":292,"column":50},"skip":true},{"start":{"line":293,"column":12},"end":{"line":293,"column":53},"skip":true}]},"23":{"line":295,"type":"binary-expr","locations":[{"start":{"line":295,"column":12},"end":{"line":295,"column":66},"skip":true},{"start":{"line":296,"column":12},"end":{"line":301,"column":36},"skip":true}]},"24":{"line":302,"type":"binary-expr","locations":[{"start":{"line":302,"column":43},"end":{"line":302,"column":75},"skip":true},{"start":{"line":302,"column":79},"end":{"line":302,"column":81},"skip":true}]},"25":{"line":305,"type":"if","locations":[{"start":{"line":305,"column":8},"end":{"line":305,"column":8},"skip":true},{"start":{"line":305,"column":8},"end":{"line":305,"column":8},"skip":true}]},"26":{"line":309,"type":"if","locations":[{"start":{"line":309,"column":8},"end":{"line":309,"column":8},"skip":true},{"start":{"line":309,"column":8},"end":{"line":309,"column":8},"skip":true}]},"27":{"line":312,"type":"binary-expr","locations":[{"start":{"line":312,"column":27},"end":{"line":312,"column":43},"skip":true},{"start":{"line":312,"column":47},"end":{"line":312,"column":53},"skip":true}]},"28":{"line":316,"type":"if","locations":[{"start":{"line":316,"column":12},"end":{"line":316,"column":12},"skip":true},{"start":{"line":316,"column":12},"end":{"line":316,"column":12},"skip":true}]}},"code":["/*","example.js","","quickstart example","","instruction","    1. save this script as example.js","    2. run the shell command:","        $ npm install npmtest-couchapp && PORT=8081 node example.js","    3. play with the browser-demo on http://127.0.0.1:8081","*/","","","","/* istanbul instrument in package npmtest_couchapp */","/*jslint","    bitwise: true,","    browser: true,","    maxerr: 8,","    maxlen: 96,","    node: true,","    nomen: true,","    regexp: true,","    stupid: true","*/","(function () {","    'use strict';","    var local;","","","","    // run shared js-env code - pre-init","    (function () {","        // init local","        local = {};","        // init modeJs","        local.modeJs = (function () {","            try {","                return typeof navigator.userAgent === 'string' &&","                    typeof document.querySelector('body') === 'object' &&","                    typeof XMLHttpRequest.prototype.open === 'function' &&","                    'browser';","            } catch (errorCaughtBrowser) {","                return module.exports &&","                    typeof process.versions.node === 'string' &&","                    typeof require('http').createServer === 'function' &&","                    'node';","            }","        }());","        // init global","        local.global = local.modeJs === 'browser'","            ? window","            : global;","        // init utility2_rollup","        local = local.global.utility2_rollup || (local.modeJs === 'browser'","            ? local.global.utility2_npmtest_couchapp","            : global.utility2_moduleExports);","        // export local","        local.global.local = local;","    }());","    switch (local.modeJs) {","","","","    // post-init","    // run browser js-env code - post-init","    /* istanbul ignore next */","    case 'browser':","        local.testRunBrowser = function (event) {","            if (!event || (event &&","                    event.currentTarget &&","                    event.currentTarget.className &&","                    event.currentTarget.className.includes &&","                    event.currentTarget.className.includes('onreset'))) {","                // reset output","                Array.from(","                    document.querySelectorAll('body > .resettable')","                ).forEach(function (element) {","                    switch (element.tagName) {","                    case 'INPUT':","                    case 'TEXTAREA':","                        element.value = '';","                        break;","                    default:","                        element.textContent = '';","                    }","                });","            }","            switch (event && event.currentTarget && event.currentTarget.id) {","            case 'testRunButton1':","                // show tests","                if (document.querySelector('#testReportDiv1').style.display === 'none') {","                    document.querySelector('#testReportDiv1').style.display = 'block';","                    document.querySelector('#testRunButton1').textContent =","                        'hide internal test';","                    local.modeTest = true;","                    local.testRunDefault(local);","                // hide tests","                } else {","                    document.querySelector('#testReportDiv1').style.display = 'none';","                    document.querySelector('#testRunButton1').textContent = 'run internal test';","                }","                break;","            // custom-case","            default:","                break;","            }","            if (document.querySelector('#inputTextareaEval1') && (!event || (event &&","                    event.currentTarget &&","                    event.currentTarget.className &&","                    event.currentTarget.className.includes &&","                    event.currentTarget.className.includes('oneval')))) {","                // try to eval input-code","                try {","                    /*jslint evil: true*/","                    eval(document.querySelector('#inputTextareaEval1').value);","                } catch (errorCaught) {","                    console.error(errorCaught);","                }","            }","        };","        // log stderr and stdout to #outputTextareaStdout1","        ['error', 'log'].forEach(function (key) {","            console[key + '_original'] = console[key];","            console[key] = function () {","                var element;","                console[key + '_original'].apply(console, arguments);","                element = document.querySelector('#outputTextareaStdout1');","                if (!element) {","                    return;","                }","                // append text to #outputTextareaStdout1","                element.value += Array.from(arguments).map(function (arg) {","                    return typeof arg === 'string'","                        ? arg","                        : JSON.stringify(arg, null, 4);","                }).join(' ') + '\\n';","                // scroll textarea to bottom","                element.scrollTop = element.scrollHeight;","            };","        });","        // init event-handling","        ['change', 'click', 'keyup'].forEach(function (event) {","            Array.from(document.querySelectorAll('.on' + event)).forEach(function (element) {","                element.addEventListener(event, local.testRunBrowser);","            });","        });","        // run tests","        local.testRunBrowser();","        break;","","","","    // run node js-env code - post-init","    /* istanbul ignore next */","    case 'node':","        // export local","        module.exports = local;","        // require modules","        local.fs = require('fs');","        local.http = require('http');","        local.url = require('url');","        // init assets","        local.assetsDict = local.assetsDict || {};","        /* jslint-ignore-begin */","        local.assetsDict['/assets.index.template.html'] = '\\","<!doctype html>\\n\\","<html lang=\"en\">\\n\\","<head>\\n\\","<meta charset=\"UTF-8\">\\n\\","<meta name=\"viewport\" content=\"width=device-width, initial-scale=1\">\\n\\","<title>{{env.npm_package_name}} (v{{env.npm_package_version}})</title>\\n\\","<style>\\n\\","/*csslint\\n\\","    box-sizing: false,\\n\\","    universal-selector: false\\n\\","*/\\n\\","* {\\n\\","    box-sizing: border-box;\\n\\","}\\n\\","body {\\n\\","    background: #dde;\\n\\","    font-family: Arial, Helvetica, sans-serif;\\n\\","    margin: 2rem;\\n\\","}\\n\\","body > * {\\n\\","    margin-bottom: 1rem;\\n\\","}\\n\\",".utility2FooterDiv {\\n\\","    margin-top: 20px;\\n\\","    text-align: center;\\n\\","}\\n\\","</style>\\n\\","<style>\\n\\","/*csslint\\n\\","*/\\n\\","textarea {\\n\\","    font-family: monospace;\\n\\","    height: 10rem;\\n\\","    width: 100%;\\n\\","}\\n\\","textarea[readonly] {\\n\\","    background: #ddd;\\n\\","}\\n\\","</style>\\n\\","</head>\\n\\","<body>\\n\\","<!-- utility2-comment\\n\\","<div id=\"ajaxProgressDiv1\" style=\"background: #d00; height: 2px; left: 0; margin: 0; padding: 0; position: fixed; top: 0; transition: background 0.5s, width 1.5s; width: 25%;\"></div>\\n\\","utility2-comment -->\\n\\","<h1>\\n\\","<!-- utility2-comment\\n\\","    <a\\n\\","        {{#if env.npm_package_homepage}}\\n\\","        href=\"{{env.npm_package_homepage}}\"\\n\\","        {{/if env.npm_package_homepage}}\\n\\","        target=\"_blank\"\\n\\","    >\\n\\","utility2-comment -->\\n\\","        {{env.npm_package_name}} (v{{env.npm_package_version}})\\n\\","<!-- utility2-comment\\n\\","    </a>\\n\\","utility2-comment -->\\n\\","</h1>\\n\\","<h3>{{env.npm_package_description}}</h3>\\n\\","<!-- utility2-comment\\n\\","<h4><a download href=\"assets.app.js\">download standalone app</a></h4>\\n\\","<button class=\"onclick onreset\" id=\"testRunButton1\">run internal test</button><br>\\n\\","<div id=\"testReportDiv1\" style=\"display: none;\"></div>\\n\\","utility2-comment -->\\n\\","\\n\\","\\n\\","\\n\\","<label>stderr and stdout</label>\\n\\","<textarea class=\"resettable\" id=\"outputTextareaStdout1\" readonly></textarea>\\n\\","<!-- utility2-comment\\n\\","{{#if isRollup}}\\n\\","<script src=\"assets.app.js\"></script>\\n\\","{{#unless isRollup}}\\n\\","utility2-comment -->\\n\\","<script src=\"assets.utility2.rollup.js\"></script>\\n\\","<script src=\"jsonp.utility2._stateInit?callback=window.utility2._stateInit\"></script>\\n\\","<script src=\"assets.npmtest_couchapp.rollup.js\"></script>\\n\\","<script src=\"assets.example.js\"></script>\\n\\","<script src=\"assets.test.js\"></script>\\n\\","<!-- utility2-comment\\n\\","{{/if isRollup}}\\n\\","utility2-comment -->\\n\\","<div class=\"utility2FooterDiv\">\\n\\","    [ this app was created with\\n\\","    <a href=\"https://github.com/kaizhu256/node-utility2\" target=\"_blank\">utility2</a>\\n\\","    ]\\n\\","</div>\\n\\","</body>\\n\\","</html>\\n\\","';","        /* jslint-ignore-end */","        if (local.templateRender) {","            local.assetsDict['/'] = local.templateRender(","                local.assetsDict['/assets.index.template.html'],","                {","                    env: local.objectSetDefault(local.env, {","                        npm_package_description: 'the greatest app in the world!',","                        npm_package_name: 'my-app',","                        npm_package_nameAlias: 'my_app',","                        npm_package_version: '0.0.1'","                    })","                }","            );","        } else {","            local.assetsDict['/'] = local.assetsDict['/assets.index.template.html']","                .replace((/\\{\\{env\\.(\\w+?)\\}\\}/g), function (match0, match1) {","                    // jslint-hack","                    String(match0);","                    switch (match1) {","                    case 'npm_package_description':","                        return 'the greatest app in the world!';","                    case 'npm_package_name':","                        return 'my-app';","                    case 'npm_package_nameAlias':","                        return 'my_app';","                    case 'npm_package_version':","                        return '0.0.1';","                    }","                });","        }","        // run the cli","        if (local.global.utility2_rollup || module !== require.main) {","            break;","        }","        local.assetsDict['/assets.example.js'] =","            local.assetsDict['/assets.example.js'] ||","            local.fs.readFileSync(__filename, 'utf8');","        local.assetsDict['/assets.npmtest_couchapp.rollup.js'] =","            local.assetsDict['/assets.npmtest_couchapp.rollup.js'] ||","            local.fs.readFileSync(","                // buildCustomOrg-hack","                local.npmtest_couchapp.__dirname +","                    '/lib.npmtest_couchapp.js',","                'utf8'","            ).replace((/^#!/), '//');","        local.assetsDict['/favicon.ico'] = local.assetsDict['/favicon.ico'] || '';","        // if $npm_config_timeout_exit exists,","        // then exit this process after $npm_config_timeout_exit ms","        if (Number(process.env.npm_config_timeout_exit)) {","            setTimeout(process.exit, Number(process.env.npm_config_timeout_exit));","        }","        // start server","        if (local.global.utility2_serverHttp1) {","            break;","        }","        process.env.PORT = process.env.PORT || '8081';","        console.error('server starting on port ' + process.env.PORT);","        local.http.createServer(function (request, response) {","            request.urlParsed = local.url.parse(request.url);","            if (local.assetsDict[request.urlParsed.pathname] !== undefined) {","                response.end(local.assetsDict[request.urlParsed.pathname]);","                return;","            }","            response.statusCode = 404;","            response.end();","        }).listen(process.env.PORT);","        break;","    }","}());",""],"l":{"26":2,"28":2,"33":2,"35":2,"37":2,"38":2,"39":2,"44":1,"51":2,"55":2,"59":2,"61":2,"69":1,"70":2,"76":2,"79":2,"82":2,"83":2,"85":1,"89":2,"92":1,"93":1,"94":1,"96":1,"97":1,"100":1,"101":1,"103":1,"106":1,"108":2,"114":1,"116":1,"118":1,"123":1,"124":2,"125":2,"126":2,"127":2,"128":2,"129":2,"130":1,"133":2,"134":2,"139":2,"143":1,"144":3,"145":1,"149":1,"150":1,"158":1,"160":1,"161":1,"162":1,"164":1,"166":1,"258":1,"259":1,"271":1,"274":6,"275":6,"277":1,"279":2,"281":1,"283":2,"288":1,"289":1,"291":1,"294":1,"302":1,"305":1,"306":1,"309":1,"310":1,"312":1,"313":1,"314":1,"315":1,"316":1,"317":1,"318":1,"320":1,"321":1,"323":1}},"/home/travis/build/npmtest/node-npmtest-couchapp/node_modules/couchapp/main.js":{"path":"/home/travis/build/npmtest/node-npmtest-couchapp/node_modules/couchapp/main.js","s":{"1":1,"2":1,"3":1,"4":0,"5":0,"6":0,"7":0,"8":0,"9":0,"10":0,"11":0,"12":0,"13":0,"14":0,"15":0,"16":1,"17":1,"18":1,"19":1,"20":0,"21":0,"22":1,"23":1,"24":0,"25":0,"26":0,"27":0,"28":1,"29":0,"30":0,"31":0,"32":0,"33":0,"34":0,"35":0,"36":0,"37":0,"38":0,"39":0,"40":0,"41":0,"42":0,"43":0,"44":0,"45":0,"46":0,"47":0,"48":0,"49":0,"50":0,"51":0,"52":0,"53":0,"54":0,"55":0,"56":0,"57":0,"58":0,"59":0,"60":0,"61":0,"62":0,"63":0,"64":0,"65":0,"66":0,"67":0,"68":0,"69":0,"70":0,"71":0,"72":0,"73":0,"74":0,"75":0,"76":0,"77":0,"78":0,"79":0,"80":0,"81":0,"82":0,"83":0,"84":0,"85":0,"86":0,"87":0,"88":0,"89":0,"90":0,"91":0,"92":0,"93":0,"94":0,"95":0,"96":0,"97":0,"98":0,"99":0,"100":0,"101":0,"102":0,"103":0,"104":0,"105":0,"106":0,"107":0,"108":0,"109":0,"110":0,"111":0,"112":0,"113":0,"114":0,"115":0,"116":0,"117":0,"118":0,"119":0,"120":0,"121":0,"122":0,"123":0,"124":0,"125":0,"126":0,"127":0,"128":0,"129":0,"130":0,"131":0,"132":0,"133":0,"134":0,"135":0,"136":0,"137":0,"138":0,"139":0,"140":0,"141":0,"142":0,"143":0,"144":0,"145":0,"146":0,"147":0,"148":0,"149":0,"150":0,"151":0,"152":0,"153":0,"154":0,"155":0,"156":0,"157":0,"158":0,"159":0,"160":0,"161":0,"162":0,"163":0,"164":0,"165":0,"166":0,"167":0,"168":0,"169":0,"170":0,"171":0,"172":0,"173":0,"174":0,"175":1,"176":1,"177":1,"178":1},"b":{"1":[0,0],"2":[0,0],"3":[0,0],"4":[0,0],"5":[1,1],"6":[0,0],"7":[0,0],"8":[0,0],"9":[0,0],"10":[0,0],"11":[0,0],"12":[0,0],"13":[0,0],"14":[0,0],"15":[0,0],"16":[0,0],"17":[0,0],"18":[0,0],"19":[0,0],"20":[0,0],"21":[0,0],"22":[0,0],"23":[0,0],"24":[0,0],"25":[0,0],"26":[0,0],"27":[0,0],"28":[0,0],"29":[0,0],"30":[0,0],"31":[0,0],"32":[0,0],"33":[0,0],"34":[0,0],"35":[0,0],"36":[0,0],"37":[0,0],"38":[0,0],"39":[0,0],"40":[0,0],"41":[0,0],"42":[0,0],"43":[0,0],"44":[0,0],"45":[0,0],"46":[0,0],"47":[0,0],"48":[0,0],"49":[0,0]},"f":{"1":0,"2":0,"3":0,"4":1,"5":0,"6":0,"7":0,"8":0,"9":0,"10":0,"11":0,"12":0,"13":0,"14":0,"15":0,"16":0,"17":0,"18":0,"19":0,"20":0,"21":0,"22":0,"23":0,"24":0,"25":0,"26":0,"27":0,"28":0,"29":0},"fnMap":{"1":{"name":"loadFiles","line":66,"loc":{"start":{"line":66,"column":0},"end":{"line":66,"column":33}}},"2":{"name":"(anonymous_2)","line":71,"loc":{"start":{"line":71,"column":19},"end":{"line":71,"column":38}}},"3":{"name":"(anonymous_3)","line":79,"loc":{"start":{"line":79,"column":36},"end":{"line":79,"column":50}}},"4":{"name":"loadAttachments","line":96,"loc":{"start":{"line":96,"column":0},"end":{"line":96,"column":45}}},"5":{"name":"copy","line":107,"loc":{"start":{"line":107,"column":0},"end":{"line":107,"column":20}}},"6":{"name":"createApp","line":114,"loc":{"start":{"line":114,"column":0},"end":{"line":114,"column":34}}},"7":{"name":"(anonymous_7)","line":119,"loc":{"start":{"line":119,"column":16},"end":{"line":119,"column":28}}},"8":{"name":"(anonymous_8)","line":120,"loc":{"start":{"line":120,"column":12},"end":{"line":120,"column":25}}},"9":{"name":"(anonymous_9)","line":139,"loc":{"start":{"line":139,"column":13},"end":{"line":139,"column":33}}},"10":{"name":"(anonymous_10)","line":146,"loc":{"start":{"line":146,"column":59},"end":{"line":146,"column":86}}},"11":{"name":"(anonymous_11)","line":153,"loc":{"start":{"line":153,"column":36},"end":{"line":153,"column":63}}},"12":{"name":"(anonymous_12)","line":161,"loc":{"start":{"line":161,"column":13},"end":{"line":161,"column":33}}},"13":{"name":"(anonymous_13)","line":182,"loc":{"start":{"line":182,"column":34},"end":{"line":182,"column":49}}},"14":{"name":"(anonymous_14)","line":183,"loc":{"start":{"line":183,"column":50},"end":{"line":183,"column":72}}},"15":{"name":"(anonymous_15)","line":186,"loc":{"start":{"line":186,"column":28},"end":{"line":186,"column":41}}},"16":{"name":"(anonymous_16)","line":187,"loc":{"start":{"line":187,"column":25},"end":{"line":187,"column":46}}},"17":{"name":"(anonymous_17)","line":231,"loc":{"start":{"line":231,"column":13},"end":{"line":231,"column":33}}},"18":{"name":"(anonymous_18)","line":241,"loc":{"start":{"line":241,"column":13},"end":{"line":241,"column":25}}},"19":{"name":"(anonymous_19)","line":244,"loc":{"start":{"line":244,"column":36},"end":{"line":244,"column":51}}},"20":{"name":"(anonymous_20)","line":248,"loc":{"start":{"line":248,"column":61},"end":{"line":248,"column":80}}},"21":{"name":"(anonymous_21)","line":249,"loc":{"start":{"line":249,"column":32},"end":{"line":249,"column":51}}},"22":{"name":"(anonymous_22)","line":253,"loc":{"start":{"line":253,"column":32},"end":{"line":253,"column":51}}},"23":{"name":"(anonymous_23)","line":256,"loc":{"start":{"line":256,"column":32},"end":{"line":256,"column":57}}},"24":{"name":"(anonymous_24)","line":261,"loc":{"start":{"line":261,"column":18},"end":{"line":261,"column":30}}},"25":{"name":"(anonymous_25)","line":267,"loc":{"start":{"line":267,"column":26},"end":{"line":267,"column":44}}},"26":{"name":"(anonymous_26)","line":275,"loc":{"start":{"line":275,"column":37},"end":{"line":275,"column":58}}},"27":{"name":"(anonymous_27)","line":291,"loc":{"start":{"line":291,"column":48},"end":{"line":291,"column":60}}},"28":{"name":"(anonymous_28)","line":299,"loc":{"start":{"line":299,"column":42},"end":{"line":299,"column":54}}},"29":{"name":"(anonymous_29)","line":312,"loc":{"start":{"line":312,"column":32},"end":{"line":312,"column":59}}}},"statementMap":{"1":{"start":{"line":1,"column":0},"end":{"line":8,"column":3}},"2":{"start":{"line":10,"column":0},"end":{"line":10,"column":77}},"3":{"start":{"line":66,"column":0},"end":{"line":90,"column":1}},"4":{"start":{"line":67,"column":2},"end":{"line":69,"column":15}},"5":{"start":{"line":71,"column":2},"end":{"line":87,"column":5}},"6":{"start":{"line":72,"column":4},"end":{"line":74,"column":33}},"7":{"start":{"line":76,"column":6},"end":{"line":86,"column":7}},"8":{"start":{"line":77,"column":8},"end":{"line":77,"column":55}},"9":{"start":{"line":78,"column":8},"end":{"line":82,"column":9}},"10":{"start":{"line":79,"column":10},"end":{"line":81,"column":13}},"11":{"start":{"line":80,"column":12},"end":{"line":80,"column":43}},"12":{"start":{"line":83,"column":8},"end":{"line":83,"column":28}},"13":{"start":{"line":84,"column":13},"end":{"line":86,"column":7}},"14":{"start":{"line":85,"column":8},"end":{"line":85,"column":48}},"15":{"start":{"line":89,"column":2},"end":{"line":89,"column":13}},"16":{"start":{"line":96,"column":0},"end":{"line":105,"column":1}},"17":{"start":{"line":97,"column":2},"end":{"line":97,"column":45}},"18":{"start":{"line":98,"column":2},"end":{"line":103,"column":3}},"19":{"start":{"line":99,"column":4},"end":{"line":99,"column":21}},"20":{"start":{"line":101,"column":4},"end":{"line":101,"column":11}},"21":{"start":{"line":102,"column":4},"end":{"line":102,"column":45}},"22":{"start":{"line":104,"column":2},"end":{"line":104,"column":53}},"23":{"start":{"line":107,"column":0},"end":{"line":111,"column":1}},"24":{"start":{"line":108,"column":2},"end":{"line":108,"column":12}},"25":{"start":{"line":109,"column":2},"end":{"line":109,"column":31}},"26":{"start":{"line":109,"column":17},"end":{"line":109,"column":31}},"27":{"start":{"line":110,"column":2},"end":{"line":110,"column":10}},"28":{"start":{"line":114,"column":0},"end":{"line":319,"column":1}},"29":{"start":{"line":115,"column":2},"end":{"line":115,"column":21}},"30":{"start":{"line":117,"column":2},"end":{"line":117,"column":15}},"31":{"start":{"line":119,"column":2},"end":{"line":137,"column":3}},"32":{"start":{"line":120,"column":4},"end":{"line":132,"column":5}},"33":{"start":{"line":121,"column":6},"end":{"line":131,"column":7}},"34":{"start":{"line":122,"column":8},"end":{"line":130,"column":9}},"35":{"start":{"line":123,"column":10},"end":{"line":126,"column":11}},"36":{"start":{"line":124,"column":12},"end":{"line":124,"column":34}},"37":{"start":{"line":125,"column":12},"end":{"line":125,"column":60}},"38":{"start":{"line":127,"column":10},"end":{"line":129,"column":11}},"39":{"start":{"line":128,"column":12},"end":{"line":128,"column":19}},"40":{"start":{"line":133,"column":4},"end":{"line":133,"column":15}},"41":{"start":{"line":134,"column":4},"end":{"line":134,"column":55}},"42":{"start":{"line":135,"column":4},"end":{"line":135,"column":59}},"43":{"start":{"line":136,"column":4},"end":{"line":136,"column":53}},"44":{"start":{"line":139,"column":2},"end":{"line":159,"column":3}},"45":{"start":{"line":140,"column":4},"end":{"line":140,"column":31}},"46":{"start":{"line":141,"column":4},"end":{"line":141,"column":28}},"47":{"start":{"line":142,"column":4},"end":{"line":142,"column":49}},"48":{"start":{"line":143,"column":4},"end":{"line":143,"column":29}},"49":{"start":{"line":144,"column":4},"end":{"line":144,"column":34}},"50":{"start":{"line":145,"column":4},"end":{"line":145,"column":80}},"51":{"start":{"line":146,"column":4},"end":{"line":158,"column":6}},"52":{"start":{"line":147,"column":6},"end":{"line":147,"column":25}},"53":{"start":{"line":147,"column":15},"end":{"line":147,"column":25}},"54":{"start":{"line":148,"column":6},"end":{"line":150,"column":7}},"55":{"start":{"line":149,"column":8},"end":{"line":149,"column":89}},"56":{"start":{"line":151,"column":6},"end":{"line":151,"column":41}},"57":{"start":{"line":152,"column":6},"end":{"line":152,"column":49}},"58":{"start":{"line":153,"column":6},"end":{"line":157,"column":8}},"59":{"start":{"line":154,"column":8},"end":{"line":154,"column":32}},"60":{"start":{"line":155,"column":8},"end":{"line":155,"column":49}},"61":{"start":{"line":156,"column":8},"end":{"line":156,"column":32}},"62":{"start":{"line":156,"column":22},"end":{"line":156,"column":32}},"63":{"start":{"line":161,"column":2},"end":{"line":229,"column":3}},"64":{"start":{"line":162,"column":4},"end":{"line":164,"column":7}},"65":{"start":{"line":166,"column":4},"end":{"line":166,"column":29}},"66":{"start":{"line":167,"column":4},"end":{"line":167,"column":26}},"67":{"start":{"line":168,"column":4},"end":{"line":170,"column":5}},"68":{"start":{"line":169,"column":6},"end":{"line":169,"column":43}},"69":{"start":{"line":169,"column":24},"end":{"line":169,"column":43}},"70":{"start":{"line":171,"column":4},"end":{"line":171,"column":18}},"71":{"start":{"line":172,"column":4},"end":{"line":172,"column":18}},"72":{"start":{"line":173,"column":4},"end":{"line":173,"column":90}},"73":{"start":{"line":175,"column":4},"end":{"line":175,"column":22}},"74":{"start":{"line":176,"column":4},"end":{"line":176,"column":18}},"75":{"start":{"line":177,"column":4},"end":{"line":180,"column":16}},"76":{"start":{"line":178,"column":6},"end":{"line":178,"column":47}},"77":{"start":{"line":179,"column":6},"end":{"line":179,"column":36}},"78":{"start":{"line":182,"column":4},"end":{"line":227,"column":6}},"79":{"start":{"line":183,"column":6},"end":{"line":226,"column":8}},"80":{"start":{"line":184,"column":8},"end":{"line":184,"column":26}},"81":{"start":{"line":185,"column":8},"end":{"line":185,"column":54}},"82":{"start":{"line":186,"column":8},"end":{"line":225,"column":14}},"83":{"start":{"line":186,"column":27},"end":{"line":225,"column":13}},"84":{"start":{"line":187,"column":10},"end":{"line":224,"column":12}},"85":{"start":{"line":188,"column":12},"end":{"line":191,"column":13}},"86":{"start":{"line":189,"column":14},"end":{"line":189,"column":74}},"87":{"start":{"line":190,"column":14},"end":{"line":190,"column":45}},"88":{"start":{"line":192,"column":12},"end":{"line":192,"column":73}},"89":{"start":{"line":193,"column":12},"end":{"line":193,"column":43}},"90":{"start":{"line":193,"column":29},"end":{"line":193,"column":43}},"91":{"start":{"line":194,"column":12},"end":{"line":216,"column":13}},"92":{"start":{"line":195,"column":14},"end":{"line":198,"column":17}},"93":{"start":{"line":199,"column":14},"end":{"line":199,"column":27}},"94":{"start":{"line":200,"column":14},"end":{"line":200,"column":37}},"95":{"start":{"line":201,"column":14},"end":{"line":213,"column":15}},"96":{"start":{"line":202,"column":16},"end":{"line":212,"column":17}},"97":{"start":{"line":204,"column":18},"end":{"line":204,"column":37}},"98":{"start":{"line":205,"column":18},"end":{"line":210,"column":19}},"99":{"start":{"line":206,"column":20},"end":{"line":206,"column":38}},"100":{"start":{"line":207,"column":20},"end":{"line":209,"column":21}},"101":{"start":{"line":208,"column":22},"end":{"line":208,"column":37}},"102":{"start":{"line":211,"column":18},"end":{"line":211,"column":25}},"103":{"start":{"line":214,"column":14},"end":{"line":214,"column":68}},"104":{"start":{"line":215,"column":14},"end":{"line":215,"column":72}},"105":{"start":{"line":217,"column":12},"end":{"line":217,"column":30}},"106":{"start":{"line":218,"column":12},"end":{"line":223,"column":13}},"107":{"start":{"line":219,"column":14},"end":{"line":219,"column":32}},"108":{"start":{"line":220,"column":14},"end":{"line":222,"column":15}},"109":{"start":{"line":221,"column":16},"end":{"line":221,"column":31}},"110":{"start":{"line":228,"column":4},"end":{"line":228,"column":84}},"111":{"start":{"line":228,"column":69},"end":{"line":228,"column":84}},"112":{"start":{"line":231,"column":2},"end":{"line":307,"column":3}},"113":{"start":{"line":241,"column":4},"end":{"line":306,"column":6}},"114":{"start":{"line":242,"column":6},"end":{"line":242,"column":23}},"115":{"start":{"line":243,"column":6},"end":{"line":243,"column":50}},"116":{"start":{"line":244,"column":6},"end":{"line":260,"column":8}},"117":{"start":{"line":245,"column":8},"end":{"line":245,"column":26}},"118":{"start":{"line":246,"column":8},"end":{"line":246,"column":64}},"119":{"start":{"line":247,"column":8},"end":{"line":247,"column":56}},"120":{"start":{"line":247,"column":43},"end":{"line":247,"column":56}},"121":{"start":{"line":248,"column":8},"end":{"line":259,"column":10}},"122":{"start":{"line":249,"column":10},"end":{"line":252,"column":12}},"123":{"start":{"line":250,"column":12},"end":{"line":250,"column":35}},"124":{"start":{"line":251,"column":12},"end":{"line":251,"column":36}},"125":{"start":{"line":253,"column":10},"end":{"line":255,"column":12}},"126":{"start":{"line":254,"column":12},"end":{"line":254,"column":56}},"127":{"start":{"line":256,"column":10},"end":{"line":258,"column":12}},"128":{"start":{"line":257,"column":12},"end":{"line":257,"column":56}},"129":{"start":{"line":261,"column":6},"end":{"line":304,"column":7}},"130":{"start":{"line":262,"column":8},"end":{"line":265,"column":11}},"131":{"start":{"line":266,"column":8},"end":{"line":303,"column":9}},"132":{"start":{"line":267,"column":10},"end":{"line":297,"column":12}},"133":{"start":{"line":268,"column":12},"end":{"line":295,"column":13}},"134":{"start":{"line":269,"column":14},"end":{"line":269,"column":53}},"135":{"start":{"line":270,"column":14},"end":{"line":270,"column":27}},"136":{"start":{"line":271,"column":14},"end":{"line":271,"column":48}},"137":{"start":{"line":273,"column":14},"end":{"line":273,"column":26}},"138":{"start":{"line":275,"column":14},"end":{"line":294,"column":16}},"139":{"start":{"line":276,"column":16},"end":{"line":280,"column":19}},"140":{"start":{"line":282,"column":16},"end":{"line":282,"column":29}},"141":{"start":{"line":283,"column":16},"end":{"line":283,"column":39}},"142":{"start":{"line":284,"column":16},"end":{"line":284,"column":28}},"143":{"start":{"line":285,"column":16},"end":{"line":290,"column":17}},"144":{"start":{"line":286,"column":18},"end":{"line":286,"column":72}},"145":{"start":{"line":287,"column":18},"end":{"line":287,"column":76}},"146":{"start":{"line":288,"column":18},"end":{"line":288,"column":31}},"147":{"start":{"line":289,"column":18},"end":{"line":289,"column":52}},"148":{"start":{"line":291,"column":16},"end":{"line":292,"column":70}},"149":{"start":{"line":291,"column":43},"end":{"line":291,"column":99}},"150":{"start":{"line":291,"column":61},"end":{"line":291,"column":75}},"151":{"start":{"line":291,"column":76},"end":{"line":291,"column":97}},"152":{"start":{"line":292,"column":21},"end":{"line":292,"column":70}},"153":{"start":{"line":292,"column":49},"end":{"line":292,"column":70}},"154":{"start":{"line":298,"column":10},"end":{"line":298,"column":22}},"155":{"start":{"line":299,"column":10},"end":{"line":300,"column":64}},"156":{"start":{"line":299,"column":37},"end":{"line":299,"column":93}},"157":{"start":{"line":299,"column":55},"end":{"line":299,"column":69}},"158":{"start":{"line":299,"column":70},"end":{"line":299,"column":91}},"159":{"start":{"line":300,"column":15},"end":{"line":300,"column":64}},"160":{"start":{"line":300,"column":43},"end":{"line":300,"column":64}},"161":{"start":{"line":302,"column":10},"end":{"line":302,"column":32}},"162":{"start":{"line":305,"column":6},"end":{"line":305,"column":27}},"163":{"start":{"line":308,"column":2},"end":{"line":308,"column":43}},"164":{"start":{"line":310,"column":2},"end":{"line":310,"column":67}},"165":{"start":{"line":310,"column":50},"end":{"line":310,"column":67}},"166":{"start":{"line":312,"column":2},"end":{"line":318,"column":4}},"167":{"start":{"line":313,"column":4},"end":{"line":313,"column":23}},"168":{"start":{"line":313,"column":13},"end":{"line":313,"column":23}},"169":{"start":{"line":314,"column":4},"end":{"line":316,"column":39}},"170":{"start":{"line":314,"column":32},"end":{"line":314,"column":49}},"171":{"start":{"line":315,"column":9},"end":{"line":316,"column":39}},"172":{"start":{"line":315,"column":38},"end":{"line":315,"column":81}},"173":{"start":{"line":316,"column":9},"end":{"line":316,"column":39}},"174":{"start":{"line":317,"column":4},"end":{"line":317,"column":11}},"175":{"start":{"line":321,"column":0},"end":{"line":321,"column":29}},"176":{"start":{"line":322,"column":0},"end":{"line":322,"column":41}},"177":{"start":{"line":323,"column":0},"end":{"line":323,"column":30}},"178":{"start":{"line":324,"column":0},"end":{"line":324,"column":29}}},"branchMap":{"1":{"line":68,"type":"binary-expr","locations":[{"start":{"line":68,"column":16},"end":{"line":68,"column":23}},{"start":{"line":68,"column":27},"end":{"line":68,"column":29}}]},"2":{"line":76,"type":"if","locations":[{"start":{"line":76,"column":6},"end":{"line":76,"column":6}},{"start":{"line":76,"column":6},"end":{"line":76,"column":6}}]},"3":{"line":78,"type":"if","locations":[{"start":{"line":78,"column":8},"end":{"line":78,"column":8}},{"start":{"line":78,"column":8},"end":{"line":78,"column":8}}]},"4":{"line":84,"type":"if","locations":[{"start":{"line":84,"column":13},"end":{"line":84,"column":13}},{"start":{"line":84,"column":13},"end":{"line":84,"column":13}}]},"5":{"line":97,"type":"binary-expr","locations":[{"start":{"line":97,"column":22},"end":{"line":97,"column":39}},{"start":{"line":97,"column":43},"end":{"line":97,"column":45}}]},"6":{"line":122,"type":"if","locations":[{"start":{"line":122,"column":8},"end":{"line":122,"column":8}},{"start":{"line":122,"column":8},"end":{"line":122,"column":8}}]},"7":{"line":123,"type":"if","locations":[{"start":{"line":123,"column":10},"end":{"line":123,"column":10}},{"start":{"line":123,"column":10},"end":{"line":123,"column":10}}]},"8":{"line":127,"type":"if","locations":[{"start":{"line":127,"column":10},"end":{"line":127,"column":10}},{"start":{"line":127,"column":10},"end":{"line":127,"column":10}}]},"9":{"line":134,"type":"binary-expr","locations":[{"start":{"line":134,"column":28},"end":{"line":134,"column":49}},{"start":{"line":134,"column":53},"end":{"line":134,"column":55}}]},"10":{"line":135,"type":"binary-expr","locations":[{"start":{"line":135,"column":30},"end":{"line":135,"column":53}},{"start":{"line":135,"column":57},"end":{"line":135,"column":59}}]},"11":{"line":136,"type":"binary-expr","locations":[{"start":{"line":136,"column":27},"end":{"line":136,"column":47}},{"start":{"line":136,"column":51},"end":{"line":136,"column":53}}]},"12":{"line":147,"type":"if","locations":[{"start":{"line":147,"column":6},"end":{"line":147,"column":6}},{"start":{"line":147,"column":6},"end":{"line":147,"column":6}}]},"13":{"line":148,"type":"if","locations":[{"start":{"line":148,"column":6},"end":{"line":148,"column":6}},{"start":{"line":148,"column":6},"end":{"line":148,"column":6}}]},"14":{"line":156,"type":"if","locations":[{"start":{"line":156,"column":8},"end":{"line":156,"column":8}},{"start":{"line":156,"column":8},"end":{"line":156,"column":8}}]},"15":{"line":169,"type":"if","locations":[{"start":{"line":169,"column":6},"end":{"line":169,"column":6}},{"start":{"line":169,"column":6},"end":{"line":169,"column":6}}]},"16":{"line":173,"type":"cond-expr","locations":[{"start":{"line":173,"column":28},"end":{"line":173,"column":85}},{"start":{"line":173,"column":88},"end":{"line":173,"column":89}}]},"17":{"line":188,"type":"if","locations":[{"start":{"line":188,"column":12},"end":{"line":188,"column":12}},{"start":{"line":188,"column":12},"end":{"line":188,"column":12}}]},"18":{"line":192,"type":"binary-expr","locations":[{"start":{"line":192,"column":36},"end":{"line":192,"column":46}},{"start":{"line":192,"column":50},"end":{"line":192,"column":52}}]},"19":{"line":193,"type":"if","locations":[{"start":{"line":193,"column":12},"end":{"line":193,"column":12}},{"start":{"line":193,"column":12},"end":{"line":193,"column":12}}]},"20":{"line":194,"type":"if","locations":[{"start":{"line":194,"column":12},"end":{"line":194,"column":12}},{"start":{"line":194,"column":12},"end":{"line":194,"column":12}}]},"21":{"line":201,"type":"if","locations":[{"start":{"line":201,"column":14},"end":{"line":201,"column":14}},{"start":{"line":201,"column":14},"end":{"line":201,"column":14}}]},"22":{"line":201,"type":"binary-expr","locations":[{"start":{"line":201,"column":18},"end":{"line":201,"column":44}},{"start":{"line":201,"column":48},"end":{"line":201,"column":71}}]},"23":{"line":202,"type":"if","locations":[{"start":{"line":202,"column":16},"end":{"line":202,"column":16}},{"start":{"line":202,"column":16},"end":{"line":202,"column":16}}]},"24":{"line":202,"type":"binary-expr","locations":[{"start":{"line":202,"column":20},"end":{"line":202,"column":88}},{"start":{"line":203,"column":20},"end":{"line":203,"column":58}}]},"25":{"line":205,"type":"if","locations":[{"start":{"line":205,"column":18},"end":{"line":205,"column":18}},{"start":{"line":205,"column":18},"end":{"line":205,"column":18}}]},"26":{"line":207,"type":"if","locations":[{"start":{"line":207,"column":20},"end":{"line":207,"column":20}},{"start":{"line":207,"column":20},"end":{"line":207,"column":20}}]},"27":{"line":218,"type":"if","locations":[{"start":{"line":218,"column":12},"end":{"line":218,"column":12}},{"start":{"line":218,"column":12},"end":{"line":218,"column":12}}]},"28":{"line":220,"type":"if","locations":[{"start":{"line":220,"column":14},"end":{"line":220,"column":14}},{"start":{"line":220,"column":14},"end":{"line":220,"column":14}}]},"29":{"line":228,"type":"if","locations":[{"start":{"line":228,"column":4},"end":{"line":228,"column":4}},{"start":{"line":228,"column":4},"end":{"line":228,"column":4}}]},"30":{"line":228,"type":"binary-expr","locations":[{"start":{"line":228,"column":8},"end":{"line":228,"column":30}},{"start":{"line":228,"column":34},"end":{"line":228,"column":67}}]},"31":{"line":246,"type":"cond-expr","locations":[{"start":{"line":246,"column":53},"end":{"line":246,"column":57}},{"start":{"line":246,"column":60},"end":{"line":246,"column":63}}]},"32":{"line":247,"type":"if","locations":[{"start":{"line":247,"column":8},"end":{"line":247,"column":8}},{"start":{"line":247,"column":8},"end":{"line":247,"column":8}}]},"33":{"line":266,"type":"if","locations":[{"start":{"line":266,"column":8},"end":{"line":266,"column":8}},{"start":{"line":266,"column":8},"end":{"line":266,"column":8}}]},"34":{"line":268,"type":"if","locations":[{"start":{"line":268,"column":12},"end":{"line":268,"column":12}},{"start":{"line":268,"column":12},"end":{"line":268,"column":12}}]},"35":{"line":285,"type":"if","locations":[{"start":{"line":285,"column":16},"end":{"line":285,"column":16}},{"start":{"line":285,"column":16},"end":{"line":285,"column":16}}]},"36":{"line":285,"type":"binary-expr","locations":[{"start":{"line":285,"column":20},"end":{"line":285,"column":47}},{"start":{"line":285,"column":52},"end":{"line":285,"column":90}}]},"37":{"line":291,"type":"if","locations":[{"start":{"line":291,"column":16},"end":{"line":291,"column":16}},{"start":{"line":291,"column":16},"end":{"line":291,"column":16}}]},"38":{"line":291,"type":"binary-expr","locations":[{"start":{"line":291,"column":20},"end":{"line":291,"column":32}},{"start":{"line":291,"column":36},"end":{"line":291,"column":41}}]},"39":{"line":292,"type":"if","locations":[{"start":{"line":292,"column":21},"end":{"line":292,"column":21}},{"start":{"line":292,"column":21},"end":{"line":292,"column":21}}]},"40":{"line":292,"type":"binary-expr","locations":[{"start":{"line":292,"column":25},"end":{"line":292,"column":37}},{"start":{"line":292,"column":41},"end":{"line":292,"column":47}}]},"41":{"line":299,"type":"if","locations":[{"start":{"line":299,"column":10},"end":{"line":299,"column":10}},{"start":{"line":299,"column":10},"end":{"line":299,"column":10}}]},"42":{"line":299,"type":"binary-expr","locations":[{"start":{"line":299,"column":14},"end":{"line":299,"column":26}},{"start":{"line":299,"column":30},"end":{"line":299,"column":35}}]},"43":{"line":300,"type":"if","locations":[{"start":{"line":300,"column":15},"end":{"line":300,"column":15}},{"start":{"line":300,"column":15},"end":{"line":300,"column":15}}]},"44":{"line":300,"type":"binary-expr","locations":[{"start":{"line":300,"column":19},"end":{"line":300,"column":31}},{"start":{"line":300,"column":35},"end":{"line":300,"column":41}}]},"45":{"line":308,"type":"cond-expr","locations":[{"start":{"line":308,"column":22},"end":{"line":308,"column":33}},{"start":{"line":308,"column":36},"end":{"line":308,"column":43}}]},"46":{"line":310,"type":"if","locations":[{"start":{"line":310,"column":2},"end":{"line":310,"column":2}},{"start":{"line":310,"column":2},"end":{"line":310,"column":2}}]},"47":{"line":313,"type":"if","locations":[{"start":{"line":313,"column":4},"end":{"line":313,"column":4}},{"start":{"line":313,"column":4},"end":{"line":313,"column":4}}]},"48":{"line":314,"type":"if","locations":[{"start":{"line":314,"column":4},"end":{"line":314,"column":4}},{"start":{"line":314,"column":4},"end":{"line":314,"column":4}}]},"49":{"line":315,"type":"if","locations":[{"start":{"line":315,"column":9},"end":{"line":315,"column":9}},{"start":{"line":315,"column":9},"end":{"line":315,"column":9}}]}},"code":["var path = require('path')","  , fs = require('fs')","  , watch = require('watch')","  , request = require('request')","  , crypto = require('crypto')","  , mimetypes = require('./mimetypes')","  , spawn = require('child_process').spawn","  ;","","var h = {'content-type':'application/json', 'accept-type':'application/json'}","  ","/**"," * Recursively load directory contents into ddoc"," *"," * It's really convenient to see the main couchapp code in single file,"," * rather than mapped into little files in lots of directories like"," * the python couchapp. But there are definitely cases where we might want "," * to use some module or another on the server side. This addition"," * loads file contents from a given directory (recursively) into a js "," * object that can be added to a design document and require()'d in "," * lists, shows, etc. "," *"," * Use couchapp.loadFiles() in app.js like this:"," *"," *    ddoc = {"," *        _id: '_design/app'"," *      , views: {}"," *      , ..."," *      , lib: couchapp.loadFiles('./lib')"," *      , vendor: couchapp.loadFiles('./vendor')"," *    }"," *"," * Optionally, pass in operators to process file contents. For example, "," * generate mustache templates from jade templates."," *"," * In yourapp/templates/index.jade"," *  "," * !!!5"," * html"," *   head"," *     //- jade locals.title"," *     title!= title"," *   body"," *     .item"," *       //- mustache variable for server-side rendering"," *       h1 {{ heading }}"," *"," * in yourapp/app.js"," * var couchapp = require('couchapp')"," *   , jade = require('jade')"," *   , options = {"," *       , operators: ["," *           function renderJade (content, options) {"," *             var compiler = jade.compile(content);"," *             return compiler(options.locals || {});"," *           }"," *         ]"," *       , locals: { title: 'Now we\\'re cookin with gas!' }"," *   };"," *"," * ddoc = { ... };"," * "," * ddoc.templates = loadFiles(dir, options);"," */","","function loadFiles(dir, options) {","  var listings = fs.readdirSync(dir)","    , options = options || {}","    , obj = {};","","  listings.forEach(function (listing) {","    var file = path.join(dir, listing)","      , prop = listing.split('.')[0] // probably want regexp or something more robust","      , stat = fs.statSync(file);","","      if (stat.isFile()) { ","        var content = fs.readFileSync(file).toString();","        if (options.operators) {","          options.operators.forEach(function (op) {","            content = op(content, options);","          });","        }","        obj[prop] = content;","      } else if (stat.isDirectory()) {","        obj[listing] = loadFiles(file, options);","      }","  });","","  return obj;","}","","/**"," * End of patch (also see exports and end of file)"," */","","function loadAttachments (doc, root, prefix) {","  doc.__attachments = doc.__attachments || []","  try {","    fs.statSync(root)","  } catch(e) {","    throw e","    throw new Error(\"Cannot stat file \"+root)","  }","  doc.__attachments.push({root:root, prefix:prefix});","}","","function copy (obj) {","  var n = {}","  for (i in obj) n[i] = obj[i];","  return n","}","","  ","function createApp (doc, url, cb) {","  var app = {doc:doc}","  ","  app.fds = {};","  ","  app.prepare = function () {","    var p = function (x) {","      for (i in x) {","        if (i[0] != '_') {","          if (typeof x[i] == 'function') {","            x[i] = x[i].toString()","            x[i] = 'function '+x[i].slice(x[i].indexOf('('))","          }","          if (typeof x[i] == 'object') {","            p(x[i])","          }","        }","      }","    }","    p(app.doc);","    app.doc.__attachments = app.doc.__attachments || []","    app.doc.attachments_md5 = app.doc.attachments_md5 || {}","    app.doc._attachments = app.doc._attachments || {}","  }","  ","  var push = function (callback) {","    console.log('Serializing.')","    var doc = copy(app.doc);","    doc._attachments = copy(app.doc._attachments)","    delete doc.__attachments;","    var body = JSON.s
[...]
line":64,"column":88}}]},"13":{"line":67,"type":"if","locations":[{"start":{"line":67,"column":0},"end":{"line":67,"column":0}},{"start":{"line":67,"column":0},"end":{"line":67,"column":0}}]},"14":{"line":67,"type":"binary-expr","locations":[{"start":{"line":67,"column":4},"end":{"line":67,"column":22}},{"start":{"line":67,"column":26},"end":{"line":67,"column":68}}]},"15":{"line":81,"type":"if","locations":[{"start":{"line":81,"column":2},"end":{"line":81,"column":2}},{"start":{"line":81,"column":2},"end":{"line":81,"column":2}}]},"16":{"line":88,"type":"if","locations":[{"start":{"line":88,"column":4},"end":{"line":88,"column":4}},{"start":{"line":88,"column":4},"end":{"line":88,"column":4}}]},"17":{"line":91,"type":"if","locations":[{"start":{"line":91,"column":8},"end":{"line":91,"column":8}},{"start":{"line":91,"column":8},"end":{"line":91,"column":8}}]},"18":{"line":95,"type":"if","locations":[{"start":{"line":95,"column":13},"end":{"line":95,"column":13}},{"start":{"line":95,"column":13},"end":{"line":95,"column":13}}]},"19":{"line":99,"type":"if","locations":[{"start":{"line":99,"column":13},"end":{"line":99,"column":13}},{"start":{"line":99,"column":13},"end":{"line":99,"column":13}}]},"20":{"line":113,"type":"if","locations":[{"start":{"line":113,"column":2},"end":{"line":113,"column":2}},{"start":{"line":113,"column":2},"end":{"line":113,"column":2}}]},"21":{"line":113,"type":"binary-expr","locations":[{"start":{"line":113,"column":6},"end":{"line":113,"column":23}},{"start":{"line":113,"column":27},"end":{"line":113,"column":47}}]},"22":{"line":138,"type":"if","locations":[{"start":{"line":138,"column":2},"end":{"line":138,"column":2}},{"start":{"line":138,"column":2},"end":{"line":138,"column":2}}]},"23":{"line":146,"type":"if","locations":[{"start":{"line":146,"column":2},"end":{"line":146,"column":2}},{"start":{"line":146,"column":2},"end":{"line":146,"column":2}}]},"24":{"line":147,"type":"if","locations":[{"start":{"line":147,"column":4},"end":{"line":147,"column":4}},{"start":{"line":147,"column":4},"end":{"line":147,"column":4}}]},"25":{"line":159,"type":"if","locations":[{"start":{"line":159,"column":12},"end":{"line":159,"column":12}},{"start":{"line":159,"column":12},"end":{"line":159,"column":12}}]},"26":{"line":160,"type":"cond-expr","locations":[{"start":{"line":160,"column":46},"end":{"line":160,"column":61}},{"start":{"line":160,"column":64},"end":{"line":160,"column":68}}]},"27":{"line":162,"type":"if","locations":[{"start":{"line":162,"column":17},"end":{"line":162,"column":17}},{"start":{"line":162,"column":17},"end":{"line":162,"column":17}}]},"28":{"line":163,"type":"cond-expr","locations":[{"start":{"line":163,"column":42},"end":{"line":163,"column":57}},{"start":{"line":163,"column":60},"end":{"line":163,"column":64}}]},"29":{"line":172,"type":"if","locations":[{"start":{"line":172,"column":4},"end":{"line":172,"column":4}},{"start":{"line":172,"column":4},"end":{"line":172,"column":4}}]},"30":{"line":176,"type":"if","locations":[{"start":{"line":176,"column":8},"end":{"line":176,"column":8}},{"start":{"line":176,"column":8},"end":{"line":176,"column":8}}]},"31":{"line":177,"type":"if","locations":[{"start":{"line":177,"column":13},"end":{"line":177,"column":13}},{"start":{"line":177,"column":13},"end":{"line":177,"column":13}}]},"32":{"line":178,"type":"if","locations":[{"start":{"line":178,"column":13},"end":{"line":178,"column":13}},{"start":{"line":178,"column":13},"end":{"line":178,"column":13}}]},"33":{"line":195,"type":"if","locations":[{"start":{"line":195,"column":4},"end":{"line":195,"column":4}},{"start":{"line":195,"column":4},"end":{"line":195,"column":4}}]},"34":{"line":198,"type":"if","locations":[{"start":{"line":198,"column":4},"end":{"line":198,"column":4}},{"start":{"line":198,"column":4},"end":{"line":198,"column":4}}]},"35":{"line":201,"type":"if","locations":[{"start":{"line":201,"column":4},"end":{"line":201,"column":4}},{"start":{"line":201,"column":4},"end":{"line":201,"column":4}}]},"36":{"line":212,"type":"if","locations":[{"start":{"line":212,"column":4},"end":{"line":212,"column":4}},{"start":{"line":212,"column":4},"end":{"line":212,"column":4}}]},"37":{"line":214,"type":"if","locations":[{"start":{"line":214,"column":6},"end":{"line":214,"column":6}},{"start":{"line":214,"column":6},"end":{"line":214,"column":6}}]},"38":{"line":218,"type":"if","locations":[{"start":{"line":218,"column":6},"end":{"line":218,"column":6}},{"start":{"line":218,"column":6},"end":{"line":218,"column":6}}]},"39":{"line":221,"type":"if","locations":[{"start":{"line":221,"column":6},"end":{"line":221,"column":6}},{"start":{"line":221,"column":6},"end":{"line":221,"column":6}}]},"40":{"line":222,"type":"if","locations":[{"start":{"line":222,"column":8},"end":{"line":222,"column":8}},{"start":{"line":222,"column":8},"end":{"line":222,"column":8}}]},"41":{"line":229,"type":"if","locations":[{"start":{"line":229,"column":10},"end":{"line":229,"column":10}},{"start":{"line":229,"column":10},"end":{"line":229,"column":10}}]},"42":{"line":256,"type":"if","locations":[{"start":{"line":256,"column":2},"end":{"line":256,"column":2}},{"start":{"line":256,"column":2},"end":{"line":256,"column":2}}]},"43":{"line":265,"type":"if","locations":[{"start":{"line":265,"column":4},"end":{"line":265,"column":4}},{"start":{"line":265,"column":4},"end":{"line":265,"column":4}}]},"44":{"line":282,"type":"if","locations":[{"start":{"line":282,"column":8},"end":{"line":282,"column":8}},{"start":{"line":282,"column":8},"end":{"line":282,"column":8}}]},"45":{"line":284,"type":"if","locations":[{"start":{"line":284,"column":10},"end":{"line":284,"column":10}},{"start":{"line":284,"column":10},"end":{"line":284,"column":10}}]},"46":{"line":307,"type":"if","locations":[{"start":{"line":307,"column":6},"end":{"line":307,"column":6}},{"start":{"line":307,"column":6},"end":{"line":307,"column":6}}]},"47":{"line":310,"type":"if","locations":[{"start":{"line":310,"column":10},"end":{"line":310,"column":10}},{"start":{"line":310,"column":10},"end":{"line":310,"column":10}}]}},"code":["//#!/usr/bin/env node","","var couchapp = require('./main.js')","  , watch = require('watch')","  , path = require('path')","  , fs = require('fs')","  ;","","function abspath (pathname) {","  if (pathname[0] === '/') return pathname","  return path.join(process.cwd(), path.normalize(pathname));","}","","function copytree (source, dest) {","  watch.walk(source, function (err  , files) {","    for (i in files) {","      (function (i) {","        if (files[i].isDirectory()) {","          try {","            fs.mkdirSync(i.replace(source, dest), 0755)","          } catch(e) {","            console.log('Could not create '+dest)","          }","        } else {","          fs.readFile(i, function (err, data) {","            if (err) throw err;","            fs.writeFile(i.replace(source, dest), data, function (err) {","              if (err) throw err;","            });","          })","        }","      })(i);","    }","  })","}","","function boiler (app) {","  if (app) {","    try { fs.mkdirSync(path.join(process.cwd(), app)) }","    catch(e) {};","  }","  app = app || '.'","","  copytree(path.join(__dirname, 'boiler'), path.join(process.cwd(), app));","","","}","","","function onBeforePushSync() {","  if (beforePushSyncListener && typeof beforePushSyncListener.onBeforePushSync === \"function\") {","    beforePushSyncListener.onBeforePushSync();","  }","}","function onAfterPushSync() {","  if (afterPushSyncListener && typeof afterPushSyncListener.onAfterPushSync === \"function\") {","    afterPushSyncListener.onAfterPushSync();","  }","}","var _isUsingDirectoryConfig;","function isUsingDirectoryConfig() {","  if(_isUsingDirectoryConfig != null)","    return _isUsingDirectoryConfig;","  return _isUsingDirectoryConfig = (process.argv[2] && (process.argv[2].trim() === \"-dc\"));","}","","if (process.mainModule && process.mainModule.filename === __filename) {","  var node","    , bin","    , command","    , app","    , couch","    , configDirectory","    , configFileNames","    , apps = []","    , beforePushSyncListener","    , afterPushSyncListener","    ;","","  //check for directory-based config, if so then read rather than shift() the arguments: will need to read them again later","  if (isUsingDirectoryConfig()) {","    node = process.argv[0];","    bin = process.argv[1];","    command = process.argv[3];","    configDirectory = process.argv[4];","    couch = process.argv[5];","    configFileNames = fs.readdirSync(configDirectory);","    if (configFileNames) {","      configFileNames.forEach(function (value, index) {","        //any files starting with \"app\" are included as app files e.g. app.js, app_number1.js etc.","        if (value.indexOf(\"app\") == 0) {","          apps.push(path.join(configDirectory, value));","        }","        //\"before\" listener must be called beforepushsync.js and be in the config directory","        else if (value.toLowerCase().trim() === \"beforepushsync.js\") {","          beforePushSyncListener = require(abspath(path.join(configDirectory, \"beforepushsync.js\")));","        }","        //\"after\" listener must be called afterpushsync.js and be in the config directory","        else if (value.toLowerCase().trim() === \"afterpushsync.js\") {","          afterPushSyncListener = require(abspath(path.join(configDirectory, \"afterpushsync.js\")));","        }","      });","    }","  }","  else {","    node = process.argv.shift();","    bin = process.argv.shift();","    command = process.argv.shift();","    app = process.argv.shift();","    couch = process.argv.shift();","  }","","  if (command == 'help' || command == undefined) {","    console.log(","      [ \"couchapp -- utility for creating couchapps\"","        , \"\"","        , \"Usage:\"","        , \"(backwardly compatible without switch - single app file)\"","        , \"  couchapp <command> app.js http://localhost:5984/dbname [opts]\"","        , \"(directory based config specified by switch - multiple app files and pre- and post-processing capability)\"","        , \" couchapp -dc <command> <appconfigdirectory> http://localhost:5984/dbname\"","        , \"\"","        , \"Commands:\"","        , \"  push   : Push app once to server.\"","        , \"  sync   : Push app then watch local files for changes.\"","        , \"  boiler : Create a boiler project.\"","        , \"  serve  : Serve couchapp from development webserver\"","        , \"            you can specify some options \"","        , \"            -p port  : list on port portNum [default=3000]\"","        , \"            -d dir   : attachments directory [default='attachments']\"","        , \"            -l       : log rewrites to couchdb [default='false']\"","      ]","      .join('\\n')","    )","    process.exit();","  }","  ","  if (couch == undefined) {","    try {","      couch = JSON.parse(fs.readFileSync('.couchapp.json')).couch;","    } catch (e) {","      // Discard exception: absent or malformed config file","    }","  }","","  if (isUsingDirectoryConfig()) {","    if (command == 'boiler') {","      for (i in apps) {","        boiler(apps[i]);","      }","    } else {","      onBeforePushSync();","      for (i in apps) {","        //an immediately executed function is used so the loop counter variable is available","        //in createApp's callback function: multiple calls to push/sync are supported and","        //onAfterPushSync is supplied as the callback function on the last call","        (function keepLoopCounter(i) {","          couchapp.createApp(require(abspath(apps[i])), couch, function (app) {","            if (command == 'push') {","              app.push(i == apps.length - 1 ? onAfterPushSync : null);","            }","            else if (command == 'sync') {","              app.sync(i == apps.length ? onAfterPushSync : null);","            }","          });","        })(i);","      }","","    }","  }","  else {","    if (command == 'boiler') {","      boiler(app);","    } else {","      couchapp.createApp(require(abspath(app)), couch, function (app) {","        if (command == 'push') app.push()","        else if (command == 'sync') app.sync()","        else if (command == 'serve') serve(app);","        ","      })","    }","  }","","}","","// Start a development web server on app","function serve(app) {","  var url = require('url');","  var port = 3000,","      staticDir = 'attachments',","      tmpDir = '/tmp/couchapp-compile-' + process.pid,","      logDbRewrites = false;","  var arg;","  while(arg = process.argv.shift()){","    if(arg == '-p'){","      port = parseInt(process.argv.shift());","    }","    if(arg == '-d'){","      staticDir = process.argv.shift();","    }","    if(arg == '-l'){","      logDbRewrites = true;","    }","  }","  var dbUrlObj = url.parse(couch);","","  var proxyPaths = {}","  var dbPrefix = '../../';","  for (var i in app.doc.rewrites){","    var rw = app.doc.rewrites[i];","    // Rewrites starting with '../../' are proxied to the database","    if (rw.to.indexOf(dbPrefix) == 0){","      var proxyPath = rw.from;","      if(proxyPath[proxyPath.length -1] == '*') {","        proxyPath = proxyPath.substring(0,proxyPath.length-1)","      }","      var dbPath = rw.to.substring(dbPrefix.length);","      if(dbPath[dbPath.length - 1] == '*'){","        dbPath = dbPath.substring(0,dbPath.length-1)","      }","      if(dbPath.indexOf('*') >=0 ){","        if(logDbRewrites){","          console.log(\"Don't know how to proxy '\" + rw.from + \"' to CouchDB at \" + rw.from );","        }","      } else {","        proxyPaths[proxyPath] =","          dbUrlObj.protocol + '//' + dbUrlObj.host +","          path.normalize(dbUrlObj.pathname + dbPath);","          if(logDbRewrites){","            console.log(\"Proxying rewrite '\" + proxyPath + \"' to CouchDB at \" + proxyPaths[proxyPath] );","          }","      }","    }","  }","","  var connect = require('connect');","  var httpProxy = require('http-proxy'),","      connect   = require('connect'),","      connectCompiler;","  try{","      connectCompiler = require('connect-compiler');","  } catch(e) {}","","","  var proxy = new httpProxy.HttpProxy({","    target: {","      host: dbUrlObj.host,","      hostname: dbUrlObj.hostname,","      port: dbUrlObj.port,","      https: dbUrlObj.protocol == 'https:',","    }","  });","  var app = connect()","    .use(connect.logger('dev'))","    .use(connect.static(staticDir));","  if(connectCompiler){","    console.log('Will compile assets with connect-assets.');","    var ignore = [];","    var quote = function(str) {","      return (str+'').replace(/([.?*+^$[\\]\\\\(){}|-])/g, \"\\\\$1\");","    }","    for(var prefix in proxyPaths){","      ignore.push(quote(prefix));","    }","    if(ignore.length){","      //console.log(\"Asset compile ignore paths:\", '^(' +  ignore.join('|') + ')');","      ignore  = new RegExp('^(' +  ignore.join('|') + ')');","    } else {","      ignore = null;","    }","    app.use(connectCompiler({","      enabled: ['coffee'] ,","      src: staticDir,","      dest: tmpDir,","      ignore :  ignore,","    }))","    .use(connect.static(tmpDir));","  }","  app.use(function(req, res, next) {","      for(var prefix in proxyPaths){","        var dbPath = proxyPaths[prefix];","        if (req.url.indexOf(prefix) === 0) {","          var dbURL = req.url.replace(prefix,dbPath);","          if(logDbRewrites){","            console.log(\"*** \", req.url , ' -> ', dbURL);","          }","          req.url = dbURL;","          req.headers['host'] = dbUrlObj.host;","          proxy.proxyRequest(req, res);","          return;","        }","      }","      var body = '404 Not found.\\nNo static file or db route matched.';","      res.statusCode = 404;","      res.setHeader('Content-Length', body.length);","      res.end(body);","     })","    .use(connect.errorHandler())","    .listen(port);","  console.log(\"Serving couchapp at: http://0.0.0.0:\" + port +\"/\");","","  //Cleanup the temp directory on exit","  var cleanup = function(){","    var rmDir = function(dirPath) {","      try { var files = fs.readdirSync(dirPath); }","      catch(e) { return; }","      if (files.length > 0)","        for (var i = 0; i < files.length; i++) {","          var filePath = dirPath + '/' + files[i];","          if (fs.statSync(filePath).isFile())","            fs.unlinkSync(filePath);","          else","            rmDir(filePath);","        }","      fs.rmdirSync(dirPath);","    };","    rmDir(tmpDir);","  };","  process.on('exit',cleanup);","  process.on('SIGINT',function(){","    cleanup()","    process.exit();","  });","}","","exports.boilerDirectory = path.join(__dirname, 'boiler')","",""],"l":{"3":1,"9":1,"10":0,"11":0,"14":1,"15":0,"16":0,"17":0,"18":0,"19":0,"20":0,"22":0,"25":0,"26":0,"27":0,"28":0,"37":1,"38":0,"39":0,"42":0,"44":0,"50":1,"51":0,"52":0,"55":1,"56":0,"57":0,"60":1,"61":1,"62":0,"63":0,"64":0,"67":1,"68":0,"81":0,"82":0,"83":0,"84":0,"85":0,"86":0,"87":0,"88":0,"89":0,"91":0,"92":0,"95":0,"96":0,"99":0,"100":0,"106":0,"107":0,"108":0,"109":0,"110":0,"113":0,"114":0,"135":0,"138":0,"139":0,"140":0,"146":0,"147":0,"148":0,"149":0,"152":0,"153":0,"157":0,"158":0,"159":0,"160":0,"162":0,"163":0,"172":0,"173":0,"175":0,"176":0,"177":0,"178":0,"187":1,"188":0,"189":0,"193":0,"194":0,"195":0,"196":0,"198":0,"199":0,"201":0,"202":0,"205":0,"207":0,"208":0,"209":0,"210":0,"212":0,"213":0,"214":0,"215":0,"217":0,"218":0,"219":0,"221":0,"222":0,"223":0,"226":0,"229":0,"230":0,"236":0,"237":0,"240":0,"241":0,"245":0,"253":0,"256":0,"257":0,"258":0,"259":0,"260":0,"262":0,"263":0,"265":0,"267":0,"269":0,"271":0,"279":0,"280":0,"281":0,"282":0,"283":0,"284":0,"285":0,"287":0,"288":0,"289":0,"290":0,"293":0,"294":0,"295":0,"296":0,"300":0,"303":0,"304":0,"305":0,"306":0,"307":0,"308":0,"309":0,"310":0,"311":0,"313":0,"315":0,"317":0,"319":0,"320":0,"321":0,"322":0,"326":1}},"/home/travis/build/npmtest/node-npmtest-couchapp/node_modules/couchapp/boiler/app.js":{"path":"/home/travis/build/npmtest/node-npmtest-couchapp/node_modules/couchapp/boiler/app.js","s":{"1":1,"2":1,"3":1,"4":1,"5":0,"6":0,"7":1,"8":1},"b":{"1":[0,0],"2":[0,0]},"f":{"1":0},"fnMap":{"1":{"name":"(anonymous_1)","line":18,"loc":{"start":{"line":18,"column":27},"end":{"line":18,"column":62}}}},"statementMap":{"1":{"start":{"line":1,"column":1},"end":{"line":3,"column":3}},"2":{"start":{"line":5,"column":0},"end":{"line":14,"column":3}},"3":{"start":{"line":16,"column":0},"end":{"line":16,"column":16}},"4":{"start":{"line":18,"column":0},"end":{"line":22,"column":1}},"5":{"start":{"line":19,"column":2},"end":{"line":21,"column":3}},"6":{"start":{"line":20,"column":4},"end":{"line":20,"column":62}},"7":{"start":{"line":24,"column":0},"end":{"line":24,"column":68}},"8":{"start":{"line":26,"column":0},"end":{"line":26,"column":22}}},"branchMap":{"1":{"line":19,"type":"if","locations":[{"start":{"line":19,"column":2},"end":{"line":19,"column":2}},{"start":{"line":19,"column":2},"end":{"line":19,"column":2}}]},"2":{"line":19,"type":"binary-expr","locations":[{"start":{"line":19,"column":6},"end":{"line":19,"column":30}},{"start":{"line":19,"column":34},"end":{"line":19,"column":72}}]}},"code":[" var couchapp = require('couchapp')","  , path = require('path')","  ;","","ddoc = ","  { _id:'_design/app'","  , rewrites : ","    [ {from:\"/\", to:'index.html'}","    , {from:\"/api\", to:'../../'}","    , {from:\"/api/*\", to:'../../*'}","    , {from:\"/*\", to:'*'}","    ]","  }","  ;","","ddoc.views = {};","","ddoc.validate_doc_update = function (newDoc, oldDoc, userCtx) {   ","  if (newDoc._deleted === true && userCtx.roles.indexOf('_admin') === -1) {","    throw \"Only admin can delete documents on this database.\";","  } ","}","","couchapp.loadAttachments(ddoc, path.join(__dirname, 'attachments'));","","module.exports = ddoc;"],"l":{"1":1,"5":1,"16":1,"18":1,"19":0,"20":0,"24":1,"26":1}}}