{"/home/travis/build/npmtest/node-npmtest-couchapp/test.js":{"path":"/home/travis/build/npmtest/node-npmtest-couchapp/test.js","s":{"1":2,"2":2,"3":2,"4":2,"5":2,"6":2,"7":2,"8":1,"9":2,"10":2,"11":1,"12":1,"13":1,"14":1,"15":2,"16":2,"17":2,"18":2,"19":1,"20":1,"21":2,"22":2,"23":2,"24":1,"25":1,"26":1,"27":1,"28":1,"29":1,"30":1,"31":1,"32":1,"33":1,"34":1,"35":1,"36":1,"37":1,"38":1,"39":2,"40":2,"41":1,"42":2,"43":2,"44":1,"45":2,"46":2,"47":1,"48":2,"49":2,"50":1,"51":1,"52":1,"53":1,"54":1},"b":{"1":[2,1,1,1],"2":[1,1,1,1],"3":[1,1],"4":[1,1],"5":[1,1],"6":[1,1],"7":[1,1],"8":[1,1],"9":[1,1],"10":[1,1,1],"11":[1,1],"12":[1,1],"13":[1,1],"14":[1,1],"15":[1,1],"16":[1,1],"17":[1,1]},"f":{"1":2,"2":2,"3":2,"4":2,"5":2,"6":1,"7":1,"8":1,"9":2,"10":2,"11":2,"12":2,"13":1},"fnMap":{"1":{"name":"(anonymous_1)","line":12,"loc":{"start":{"line":12,"column":1},"end":{"line":12,"column":13}}},"2":{"name":"(anonymous_2)","line":19,"loc":{"start":{"line":19,"column":5},"end":{"line":19,"column":17}}},"3":{"name":"(anonymous_3)","line":23,"loc":{"start":{"line":23,"column":24},"end":{"line":23,"column":36}}},"4":{"name":"(anonymous_4)","line":61,"loc":{"start":{"line":61,"column":5},"end":{"line":61,"column":17}}},"5":{"name":"(anonymous_5)","line":82,"loc":{"start":{"line":82,"column":5},"end":{"line":82,"column":17}}},"6":{"name":"(anonymous_6)","line":91,"loc":{"start":{"line":91,"column":77},"end":{"line":94,"column":10}}},"7":{"name":"(anonymous_7)","line":112,"loc":{"start":{"line":112,"column":83},"end":{"line":115,"column":10}},"skip":true},"8":{"name":"(anonymous_8)","line":123,"loc":{"start":{"line":123,"column":77},"end":{"line":126,"column":10}},"skip":true},"9":{"name":"(anonymous_9)","line":139,"loc":{"start":{"line":139,"column":12},"end":{"line":139,"column":40}},"skip":true},"10":{"name":"(anonymous_10)","line":147,"loc":{"start":{"line":147,"column":77},"end":{"line":150,"column":10}},"skip":true},"11":{"name":"(anonymous_11)","line":158,"loc":{"start":{"line":158,"column":83},"end":{"line":161,"column":10}},"skip":true},"12":{"name":"(anonymous_12)","line":169,"loc":{"start":{"line":169,"column":79},"end":{"line":172,"column":10}},"skip":true},"13":{"name":"(anonymous_13)","line":180,"loc":{"start":{"line":180,"column":75},"end":{"line":183,"column":10}},"skip":true}},"statementMap":{"1":{"start":{"line":12,"column":0},"end":{"line":195,"column":5}},"2":{"start":{"line":14,"column":4},"end":{"line":14,"column":14}},"3":{"start":{"line":19,"column":4},"end":{"line":56,"column":9}},"4":{"start":{"line":21,"column":8},"end":{"line":21,"column":19}},"5":{"start":{"line":23,"column":8},"end":{"line":35,"column":13}},"6":{"start":{"line":24,"column":12},"end":{"line":34,"column":13}},"7":{"start":{"line":25,"column":16},"end":{"line":28,"column":30}},"8":{"start":{"line":30,"column":16},"end":{"line":33,"column":27}},"9":{"start":{"line":37,"column":8},"end":{"line":39,"column":21}},"10":{"start":{"line":40,"column":8},"end":{"line":53,"column":9}},"11":{"start":{"line":43,"column":12},"end":{"line":46,"column":14}},"12":{"start":{"line":47,"column":12},"end":{"line":47,"column":18}},"13":{"start":{"line":50,"column":12},"end":{"line":51,"column":33}},"14":{"start":{"line":52,"column":12},"end":{"line":52,"column":18}},"15":{"start":{"line":55,"column":8},"end":{"line":55,"column":35}},"16":{"start":{"line":61,"column":4},"end":{"line":63,"column":9}},"17":{"start":{"line":62,"column":8},"end":{"line":62,"column":15}},"18":{"start":{"line":64,"column":4},"end":{"line":77,"column":5}},"19":{"start":{"line":70,"column":8},"end":{"line":70,"column":14}},"20":{"start":{"line":76,"column":8},"end":{"line":76,"column":14}},"21":{"start":{"line":82,"column":4},"end":{"line":84,"column":9}},"22":{"start":{"line":83,"column":8},"end":{"line":83,"column":15}},"23":{"start":{"line":85,"column":4},"end":{"line":194,"column":5}},"24":{"start":{"line":91,"column":8},"end":{"line":99,"column":10}},"25":{"start":{"line":98,"column":12},"end":{"line":98,"column":35}},"26":{"start":{"line":102,"column":8},"end":{"line":104,"column":63}},"27":{"start":{"line":105,"column":8},"end":{"line":105,"column":14}},"28":{"start":{"line":112,"column":8},"end":{"line":121,"column":10},"skip":true},"29":{"start":{"line":119,"column":12},"end":{"line":119,"column":55},"skip":true},"30":{"start":{"line":120,"column":12},"end":{"line":120,"column":48},"skip":true},"31":{"start":{"line":123,"column":8},"end":{"line":136,"column":10},"skip":true},"32":{"start":{"line":130,"column":12},"end":{"line":130,"column":76},"skip":true},"33":{"start":{"line":131,"column":12},"end":{"line":131,"column":73},"skip":true},"34":{"start":{"line":132,"column":12},"end":{"line":132,"column":74},"skip":true},"35":{"start":{"line":133,"column":12},"end":{"line":133,"column":79},"skip":true},"36":{"start":{"line":134,"column":12},"end":{"line":134,"column":25},"skip":true},"37":{"start":{"line":135,"column":12},"end":{"line":135,"column":45},"skip":true},"38":{"start":{"line":138,"column":8},"end":{"line":145,"column":14},"skip":true},"39":{"start":{"line":143,"column":16},"end":{"line":143,"column":29},"skip":true},"40":{"start":{"line":144,"column":16},"end":{"line":144,"column":55},"skip":true},"41":{"start":{"line":147,"column":8},"end":{"line":156,"column":10},"skip":true},"42":{"start":{"line":154,"column":12},"end":{"line":154,"column":25},"skip":true},"43":{"start":{"line":155,"column":12},"end":{"line":155,"column":45},"skip":true},"44":{"start":{"line":158,"column":8},"end":{"line":167,"column":10},"skip":true},"45":{"start":{"line":165,"column":12},"end":{"line":165,"column":25},"skip":true},"46":{"start":{"line":166,"column":12},"end":{"line":166,"column":48},"skip":true},"47":{"start":{"line":169,"column":8},"end":{"line":178,"column":10},"skip":true},"48":{"start":{"line":176,"column":12},"end":{"line":176,"column":25},"skip":true},"49":{"start":{"line":177,"column":12},"end":{"line":177,"column":46},"skip":true},"50":{"start":{"line":180,"column":8},"end":{"line":189,"column":10},"skip":true},"51":{"start":{"line":187,"column":12},"end":{"line":187,"column":94},"skip":true},"52":{"start":{"line":188,"column":12},"end":{"line":188,"column":48},"skip":true},"53":{"start":{"line":192,"column":8},"end":{"line":192,"column":35},"skip":true},"54":{"start":{"line":193,"column":8},"end":{"line":193,"column":14},"skip":true}},"branchMap":{"1":{"line":25,"type":"binary-expr","locations":[{"start":{"line":25,"column":23},"end":{"line":25,"column":62}},{"start":{"line":26,"column":20},"end":{"line":26,"column":70}},{"start":{"line":27,"column":20},"end":{"line":27,"column":71}},{"start":{"line":28,"column":20},"end":{"line":28,"column":29}}]},"2":{"line":30,"type":"binary-expr","locations":[{"start":{"line":30,"column":23},"end":{"line":30,"column":37}},{"start":{"line":31,"column":20},"end":{"line":31,"column":61}},{"start":{"line":32,"column":20},"end":{"line":32,"column":70}},{"start":{"line":33,"column":20},"end":{"line":33,"column":26}}]},"3":{"line":37,"type":"cond-expr","locations":[{"start":{"line":38,"column":14},"end":{"line":38,"column":20}},{"start":{"line":39,"column":14},"end":{"line":39,"column":20}}]},"4":{"line":40,"type":"switch","locations":[{"start":{"line":42,"column":8},"end":{"line":47,"column":18}},{"start":{"line":49,"column":8},"end":{"line":52,"column":18}}]},"5":{"line":44,"type":"binary-expr","locations":[{"start":{"line":44,"column":16},"end":{"line":44,"column":44}},{"start":{"line":44,"column":48},"end":{"line":44,"column":66}}]},"6":{"line":50,"type":"binary-expr","locations":[{"start":{"line":50,"column":21},"end":{"line":50,"column":49}},{"start":{"line":50,"column":53},"end":{"line":50,"column":72}}]},"7":{"line":64,"type":"switch","locations":[{"start":{"line":69,"column":4},"end":{"line":70,"column":14}},{"start":{"line":75,"column":4},"end":{"line":76,"column":14}}]},"8":{"line":85,"type":"switch","locations":[{"start":{"line":90,"column":4},"end":{"line":105,"column":14}},{"start":{"line":111,"column":4},"end":{"line":193,"column":14},"skip":true}]},"9":{"line":91,"type":"binary-expr","locations":[{"start":{"line":91,"column":42},"end":{"line":91,"column":73}},{"start":{"line":91,"column":77},"end":{"line":99,"column":9}}]},"10":{"line":102,"type":"binary-expr","locations":[{"start":{"line":102,"column":18},"end":{"line":102,"column":32}},{"start":{"line":103,"column":12},"end":{"line":103,"column":53}},{"start":{"line":104,"column":12},"end":{"line":104,"column":61}}]},"11":{"line":112,"type":"binary-expr","locations":[{"start":{"line":112,"column":45},"end":{"line":112,"column":79},"skip":true},{"start":{"line":112,"column":83},"end":{"line":121,"column":9},"skip":true}]},"12":{"line":123,"type":"binary-expr","locations":[{"start":{"line":123,"column":42},"end":{"line":123,"column":73},"skip":true},{"start":{"line":123,"column":77},"end":{"line":136,"column":9},"skip":true}]},"13":{"line":138,"type":"binary-expr","locations":[{"start":{"line":138,"column":48},"end":{"line":138,"column":85},"skip":true},{"start":{"line":139,"column":12},"end":{"line":145,"column":13},"skip":true}]},"14":{"line":147,"type":"binary-expr","locations":[{"start":{"line":147,"column":42},"end":{"line":147,"column":73},"skip":true},{"start":{"line":147,"column":77},"end":{"line":156,"column":9},"skip":true}]},"15":{"line":158,"type":"binary-expr","locations":[{"start":{"line":158,"column":45},"end":{"line":158,"column":79},"skip":true},{"start":{"line":158,"column":83},"end":{"line":167,"column":9},"skip":true}]},"16":{"line":169,"type":"binary-expr","locations":[{"start":{"line":169,"column":43},"end":{"line":169,"column":75},"skip":true},{"start":{"line":169,"column":79},"end":{"line":178,"column":9},"skip":true}]},"17":{"line":180,"type":"binary-expr","locations":[{"start":{"line":180,"column":41},"end":{"line":180,"column":71},"skip":true},{"start":{"line":180,"column":75},"end":{"line":189,"column":9},"skip":true}]}},"code":["/* istanbul instrument in package npmtest_couchapp */","/*jslint","    bitwise: true,","    browser: true,","    maxerr: 8,","    maxlen: 96,","    node: true,","    nomen: true,","    regexp: true,","    stupid: true","*/","(function () {","    'use strict';","    var local;","","","","    // run shared js-env code - init-before","    (function () {","        // init local","        local = {};","        // init modeJs","        local.modeJs = (function () {","            try {","                return typeof navigator.userAgent === 'string' &&","                    typeof document.querySelector('body') === 'object' &&","                    typeof XMLHttpRequest.prototype.open === 'function' &&","                    'browser';","            } catch (errorCaughtBrowser) {","                return module.exports &&","                    typeof process.versions.node === 'string' &&","                    typeof require('http').createServer === 'function' &&","                    'node';","            }","        }());","        // init global","        local.global = local.modeJs === 'browser'","            ? window","            : global;","        switch (local.modeJs) {","        // re-init local from window.local","        case 'browser':","            local = local.global.utility2.objectSetDefault(","                local.global.utility2_rollup || local.global.local,","                local.global.utility2","            );","            break;","        // re-init local from example.js","        case 'node':","            local = (local.global.utility2_rollup || require('utility2'))","                .requireReadme();","            break;","        }","        // export local","        local.global.local = local;","    }());","","","","    // run shared js-env code - function","    (function () {","        return;","    }());","    switch (local.modeJs) {","","","","    // run browser js-env code - function","    case 'browser':","        break;","","","","    // run node js-env code - function","    case 'node':","        break;","    }","","","","    // run shared js-env code - init-after","    (function () {","        return;","    }());","    switch (local.modeJs) {","","","","    // run browser js-env code - init-after","    case 'browser':","        local.testCase_browser_nullCase = local.testCase_browser_nullCase || function (","            options,","            onError","        ) {","        /*","         * this function will test browsers's null-case handling-behavior-behavior","         */","            onError(null, options);","        };","","        // run tests","        local.nop(local.modeTest &&","            document.querySelector('#testRunButton1') &&","            document.querySelector('#testRunButton1').click());","        break;","","","","    // run node js-env code - init-after","    /* istanbul ignore next */","    case 'node':","        local.testCase_buildApidoc_default = local.testCase_buildApidoc_default || function (","            options,","            onError","        ) {","        /*","         * this function will test buildApidoc's default handling-behavior-behavior","         */","            options = { modulePathList: module.paths };","            local.buildApidoc(options, onError);","        };","","        local.testCase_buildApp_default = local.testCase_buildApp_default || function (","            options,","            onError","        ) {","        /*","         * this function will test buildApp's default handling-behavior-behavior","         */","            local.testCase_buildReadme_default(options, local.onErrorThrow);","            local.testCase_buildLib_default(options, local.onErrorThrow);","            local.testCase_buildTest_default(options, local.onErrorThrow);","            local.testCase_buildCustomOrg_default(options, local.onErrorThrow);","            options = [];","            local.buildApp(options, onError);","        };","","        local.testCase_buildCustomOrg_default = local.testCase_buildCustomOrg_default ||","            function (options, onError) {","            /*","             * this function will test buildCustomOrg's default handling-behavior","             */","                options = {};","                local.buildCustomOrg(options, onError);","            };","","        local.testCase_buildLib_default = local.testCase_buildLib_default || function (","            options,","            onError","        ) {","        /*","         * this function will test buildLib's default handling-behavior","         */","            options = {};","            local.buildLib(options, onError);","        };","","        local.testCase_buildReadme_default = local.testCase_buildReadme_default || function (","            options,","            onError","        ) {","        /*","         * this function will test buildReadme's default handling-behavior-behavior","         */","            options = {};","            local.buildReadme(options, onError);","        };","","        local.testCase_buildTest_default = local.testCase_buildTest_default || function (","            options,","            onError","        ) {","        /*","         * this function will test buildTest's default handling-behavior","         */","            options = {};","            local.buildTest(options, onError);","        };","","        local.testCase_webpage_default = local.testCase_webpage_default || function (","            options,","            onError","        ) {","        /*","         * this function will test webpage's default handling-behavior","         */","            options = { modeCoverageMerge: true, url: local.serverLocalHost + '?modeTest=1' };","            local.browserTest(options, onError);","        };","","        // run test-server","        local.testRunServer(local);","        break;","    }","}());",""],"l":{"12":2,"14":2,"19":2,"21":2,"23":2,"24":2,"25":2,"30":1,"37":2,"40":2,"43":1,"47":1,"50":1,"52":1,"55":2,"61":2,"62":2,"64":2,"70":1,"76":1,"82":2,"83":2,"85":2,"91":1,"98":1,"102":1,"105":1,"112":1,"119":1,"120":1,"123":1,"130":1,"131":1,"132":1,"133":1,"134":1,"135":1,"138":1,"143":2,"144":2,"147":1,"154":2,"155":2,"158":1,"165":2,"166":2,"169":1,"176":2,"177":2,"180":1,"187":1,"188":1,"192":1,"193":1}},"/home/travis/build/npmtest/node-npmtest-couchapp/lib.npmtest_couchapp.js":{"path":"/home/travis/build/npmtest/node-npmtest-couchapp/lib.npmtest_couchapp.js","s":{"1":2,"2":2,"3":2,"4":2,"5":2,"6":2,"7":2,"8":1,"9":2,"10":2,"11":2,"12":2,"13":1,"14":1,"15":1,"16":1},"b":{"1":[2,1,1,1],"2":[1,1,1,1],"3":[1,1],"4":[2,2],"5":[1,1]},"f":{"1":2,"2":2,"3":2},"fnMap":{"1":{"name":"(anonymous_1)","line":12,"loc":{"start":{"line":12,"column":1},"end":{"line":12,"column":13}}},"2":{"name":"(anonymous_2)","line":19,"loc":{"start":{"line":19,"column":5},"end":{"line":19,"column":17}}},"3":{"name":"(anonymous_3)","line":23,"loc":{"start":{"line":23,"column":24},"end":{"line":23,"column":36}}}},"statementMap":{"1":{"start":{"line":12,"column":0},"end":{"line":53,"column":5}},"2":{"start":{"line":14,"column":4},"end":{"line":14,"column":14}},"3":{"start":{"line":19,"column":4},"end":{"line":52,"column":9}},"4":{"start":{"line":21,"column":8},"end":{"line":21,"column":19}},"5":{"start":{"line":23,"column":8},"end":{"line":35,"column":13}},"6":{"start":{"line":24,"column":12},"end":{"line":34,"column":13}},"7":{"start":{"line":25,"column":16},"end":{"line":28,"column":30}},"8":{"start":{"line":30,"column":16},"end":{"line":33,"column":27}},"9":{"start":{"line":37,"column":8},"end":{"line":39,"column":21}},"10":{"start":{"line":41,"column":8},"end":{"line":41,"column":54}},"11":{"start":{"line":43,"column":8},"end":{"line":43,"column":53}},"12":{"start":{"line":45,"column":8},"end":{"line":51,"column":9}},"13":{"start":{"line":46,"column":12},"end":{"line":46,"column":59}},"14":{"start":{"line":48,"column":12},"end":{"line":48,"column":35}},"15":{"start":{"line":49,"column":12},"end":{"line":49,"column":49}},"16":{"start":{"line":50,"column":12},"end":{"line":50,"column":43}}},"branchMap":{"1":{"line":25,"type":"binary-expr","locations":[{"start":{"line":25,"column":23},"end":{"line":25,"column":62}},{"start":{"line":26,"column":20},"end":{"line":26,"column":70}},{"start":{"line":27,"column":20},"end":{"line":27,"column":71}},{"start":{"line":28,"column":20},"end":{"line":28,"column":29}}]},"2":{"line":30,"type":"binary-expr","locations":[{"start":{"line":30,"column":23},"end":{"line":30,"column":37}},{"start":{"line":31,"column":20},"end":{"line":31,"column":61}},{"start":{"line":32,"column":20},"end":{"line":32,"column":70}},{"start":{"line":33,"column":20},"end":{"line":33,"column":26}}]},"3":{"line":37,"type":"cond-expr","locations":[{"start":{"line":38,"column":14},"end":{"line":38,"column":20}},{"start":{"line":39,"column":14},"end":{"line":39,"column":20}}]},"4":{"line":41,"type":"binary-expr","locations":[{"start":{"line":41,"column":16},"end":{"line":41,"column":44}},{"start":{"line":41,"column":48},"end":{"line":41,"column":53}}]},"5":{"line":45,"type":"if","locations":[{"start":{"line":45,"column":8},"end":{"line":45,"column":8}},{"start":{"line":45,"column":8},"end":{"line":45,"column":8}}]}},"code":["/* istanbul instrument in package npmtest_couchapp */","/*jslint","    bitwise: true,","    browser: true,","    maxerr: 8,","    maxlen: 96,","    node: true,","    nomen: true,","    regexp: true,","    stupid: true","*/","(function () {","    'use strict';","    var local;","","","","    // run shared js-env code - init-before","    (function () {","        // init local","        local = {};","        // init modeJs","        local.modeJs = (function () {","            try {","                return typeof navigator.userAgent === 'string' &&","                    typeof document.querySelector('body') === 'object' &&","                    typeof XMLHttpRequest.prototype.open === 'function' &&","                    'browser';","            } catch (errorCaughtBrowser) {","                return module.exports &&","                    typeof process.versions.node === 'string' &&","                    typeof require('http').createServer === 'function' &&","                    'node';","            }","        }());","        // init global","        local.global = local.modeJs === 'browser'","            ? window","            : global;","        // init utility2_rollup","        local = local.global.utility2_rollup || local;","        // init lib","        local.local = local.npmtest_couchapp = local;","        // init exports","        if (local.modeJs === 'browser') {","            local.global.utility2_npmtest_couchapp = local;","        } else {","            module.exports = local;","            module.exports.__dirname = __dirname;","            module.exports.module = module;","        }","    }());","}());",""],"l":{"12":2,"14":2,"19":2,"21":2,"23":2,"24":2,"25":2,"30":1,"37":2,"41":2,"43":2,"45":2,"46":1,"48":1,"49":1,"50":1}},"/home/travis/build/npmtest/node-npmtest-couchapp/example.js":{"path":"/home/travis/build/npmtest/node-npmtest-couchapp/example.js","s":{"1":2,"2":2,"3":2,"4":2,"5":2,"6":2,"7":2,"8":1,"9":2,"10":2,"11":2,"12":2,"13":1,"14":2,"15":2,"16":2,"17":2,"18":2,"19":0,"20":2,"21":1,"22":1,"23":1,"24":1,"25":1,"26":0,"27":0,"28":1,"29":1,"30":2,"31":0,"32":0,"33":0,"34":1,"35":2,"36":2,"37":3,"38":3,"39":3,"40":3,"41":0,"42":3,"43":3,"44":3,"45":1,"46":3,"47":1,"48":1,"49":1,"50":1,"51":1,"52":1,"53":1,"54":1,"55":1,"56":1,"57":0,"58":1,"59":6,"60":6,"61":1,"62":2,"63":0,"64":2,"65":1,"66":1,"67":0,"68":0,"69":0,"70":0,"71":0,"72":0,"73":0,"74":0,"75":0,"76":0,"77":0,"78":0,"79":0,"80":0,"81":0,"82":0,"83":0},"b":{"1":[2,1,1,1],"2":[1,1,1,1],"3":[1,1],"4":[2,2],"5":[1,1],"6":[1,1],"7":[2,0],"8":[2,1,1,1,1,1],"9":[0,2,0],"10":[1,1],"11":[2,1,1],"12":[1,0],"13":[0,2],"14":[2,0,0,0,0,0,0],"15":[0,3],"16":[3,0],"17":[1,1],"18":[0,1],"19":[1,2,0,2],"20":[1,0],"21":[1,1],"22":[0,0],"23":[0,0],"24":[0,0],"25":[0,0],"26":[0,0],"27":[0,0],"28":[0,0]},"f":{"1":2,"2":2,"3":2,"4":2,"5":2,"6":2,"7":3,"8":3,"9":3,"10":1,"11":6,"12":0},"fnMap":{"1":{"name":"(anonymous_1)","line":26,"loc":{"start":{"line":26,"column":1},"end":{"line":26,"column":13}}},"2":{"name":"(anonymous_2)","line":33,"loc":{"start":{"line":33,"column":5},"end":{"line":33,"column":17}}},"3":{"name":"(anonymous_3)","line":37,"loc":{"start":{"line":37,"column":24},"end":{"line":37,"column":36}}},"4":{"name":"(anonymous_4)","line":69,"loc":{"start":{"line":69,"column":31},"end":{"line":69,"column":48}},"skip":true},"5":{"name":"(anonymous_5)","line":78,"loc":{"start":{"line":78,"column":26},"end":{"line":78,"column":45}},"skip":true},"6":{"name":"(anonymous_6)","line":123,"loc":{"start":{"line":123,"column":33},"end":{"line":123,"column":48}},"skip":true},"7":{"name":"(anonymous_7)","line":125,"loc":{"start":{"line":125,"column":27},"end":{"line":125,"column":39}},"skip":true},"8":{"name":"(anonymous_8)","line":133,"loc":{"start":{"line":133,"column":59},"end":{"line":133,"column":74}},"skip":true},"9":{"name":"(anonymous_9)","line":143,"loc":{"start":{"line":143,"column":45},"end":{"line":143,"column":62}},"skip":true},"10":{"name":"(anonymous_10)","line":144,"loc":{"start":{"line":144,"column":73},"end":{"line":144,"column":92}},"skip":true},"11":{"name":"(anonymous_11)","line":272,"loc":{"start":{"line":272,"column":51},"end":{"line":272,"column":77}},"skip":true},"12":{"name":"(anonymous_12)","line":315,"loc":{"start":{"line":315,"column":32},"end":{"line":315,"column":61}},"skip":true}},"statementMap":{"1":{"start":{"line":26,"column":0},"end":{"line":326,"column":5}},"2":{"start":{"line":28,"column":4},"end":{"line":28,"column":14}},"3":{"start":{"line":33,"column":4},"end":{"line":60,"column":9}},"4":{"start":{"line":35,"column":8},"end":{"line":35,"column":19}},"5":{"start":{"line":37,"column":8},"end":{"line":49,"column":13}},"6":{"start":{"line":38,"column":12},"end":{"line":48,"column":13}},"7":{"start":{"line":39,"column":16},"end":{"line":42,"column":30}},"8":{"start":{"line":44,"column":16},"end":{"line":47,"column":27}},"9":{"start":{"line":51,"column":8},"end":{"line":53,"column":21}},"10":{"start":{"line":55,"column":8},"end":{"line":57,"column":45}},"11":{"start":{"line":59,"column":8},"end":{"line":59,"column":35}},"12":{"start":{"line":61,"column":4},"end":{"line":325,"column":5}},"13":{"start":{"line":69,"column":8},"end":{"line":121,"column":10},"skip":true},"14":{"start":{"line":70,"column":12},"end":{"line":88,"column":13},"skip":true},"15":{"start":{"line":76,"column":16},"end":{"line":87,"column":19},"skip":true},"16":{"start":{"line":79,"column":20},"end":{"line":86,"column":21},"skip":true},"17":{"start":{"line":82,"column":24},"end":{"line":82,"column":43},"skip":true},"18":{"start":{"line":83,"column":24},"end":{"line":83,"column":30},"skip":true},"19":{"start":{"line":85,"column":24},"end":{"line":85,"column":49},"skip":true},"20":{"start":{"line":89,"column":12},"end":{"line":107,"column":13},"skip":true},"21":{"start":{"line":92,"column":16},"end":{"line":102,"column":17},"skip":true},"22":{"start":{"line":93,"column":20},"end":{"line":93,"column":86},"skip":true},"23":{"start":{"line":94,"column":20},"end":{"line":95,"column":45},"skip":true},"24":{"start":{"line":96,"column":20},"end":{"line":96,"column":42},"skip":true},"25":{"start":{"line":97,"column":20},"end":{"line":97,"column":48},"skip":true},"26":{"start":{"line":100,"column":20},"end":{"line":100,"column":85},"skip":true},"27":{"start":{"line":101,"column":20},"end":{"line":101,"column":96},"skip":true},"28":{"start":{"line":103,"column":16},"end":{"line":103,"column":22},"skip":true},"29":{"start":{"line":106,"column":16},"end":{"line":106,"column":22},"skip":true},"30":{"start":{"line":108,"column":12},"end":{"line":120,"column":13},"skip":true},"31":{"start":{"line":114,"column":16},"end":{"line":119,"column":17},"skip":true},"32":{"start":{"line":116,"column":20},"end":{"line":116,"column":78},"skip":true},"33":{"start":{"line":118,"column":20},"end":{"line":118,"column":47},"skip":true},"34":{"start":{"line":123,"column":8},"end":{"line":141,"column":11},"skip":true},"35":{"start":{"line":124,"column":12},"end":{"line":124,"column":54},"skip":true},"36":{"start":{"line":125,"column":12},"end":{"line":140,"column":14},"skip":true},"37":{"start":{"line":126,"column":16},"end":{"line":126,"column":28},"skip":true},"38":{"start":{"line":127,"column":16},"end":{"line":127,"column":69},"skip":true},"39":{"start":{"line":128,"column":16},"end":{"line":128,"column":75},"skip":true},"40":{"start":{"line":129,"column":16},"end":{"line":131,"column":17},"skip":true},"41":{"start":{"line":130,"column":20},"end":{"line":130,"column":27},"skip":true},"42":{"start":{"line":133,"column":16},"end":{"line":137,"column":36},"skip":true},"43":{"start":{"line":134,"column":20},"end":{"line":136,"column":55},"skip":true},"44":{"start":{"line":139,"column":16},"end":{"line":139,"column":57},"skip":true},"45":{"start":{"line":143,"column":8},"end":{"line":147,"column":11},"skip":true},"46":{"start":{"line":144,"column":12},"end":{"line":146,"column":15},"skip":true},"47":{"start":{"line":145,"column":16},"end":{"line":145,"column":70},"skip":true},"48":{"start":{"line":149,"column":8},"end":{"line":149,"column":31},"skip":true},"49":{"start":{"line":150,"column":8},"end":{"line":150,"column":14},"skip":true},"50":{"start":{"line":158,"column":8},"end":{"line":158,"column":31},"skip":true},"51":{"start":{"line":160,"column":8},"end":{"line":160,"column":33},"skip":true},"52":{"start":{"line":161,"column":8},"end":{"line":161,"column":37},"skip":true},"53":{"start":{"line":162,"column":8},"end":{"line":162,"column":35},"skip":true},"54":{"start":{"line":164,"column":8},"end":{"line":164,"column":50},"skip":true},"55":{"start":{"line":166,"column":8},"end":{"line":256,"column":2},"skip":true},"56":{"start":{"line":258,"column":8},"end":{"line":286,"column":9},"skip":true},"57":{"start":{"line":259,"column":12},"end":{"line":269,"column":14},"skip":true},"58":{"start":{"line":271,"column":12},"end":{"line":285,"column":19},"skip":true},"59":{"start":{"line":274,"column":20},"end":{"line":274,"column":35},"skip":true},"60":{"start":{"line":275,"column":20},"end":{"line":284,"column":21},"skip":true},"61":{"start":{"line":277,"column":24},"end":{"line":277,"column":64},"skip":true},"62":{"start":{"line":279,"column":24},"end":{"line":279,"column":40},"skip":true},"63":{"start":{"line":281,"column":24},"end":{"line":281,"column":40},"skip":true},"64":{"start":{"line":283,"column":24},"end":{"line":283,"column":39},"skip":true},"65":{"start":{"line":288,"column":8},"end":{"line":290,"column":9},"skip":true},"66":{"start":{"line":289,"column":12},"end":{"line":289,"column":18},"skip":true},"67":{"start":{"line":291,"column":8},"end":{"line":293,"column":54},"skip":true},"68":{"start":{"line":296,"column":8},"end":{"line":301,"column":37},"skip":true},"69":{"start":{"line":303,"column":8},"end":{"line":303,"column":82},"skip":true},"70":{"start":{"line":306,"column":8},"end":{"line":308,"column":9},"skip":true},"71":{"start":{"line":307,"column":12},"end":{"line":307,"column":82},"skip":true},"72":{"start":{"line":310,"column":8},"end":{"line":312,"column":9},"skip":true},"73":{"start":{"line":311,"column":12},"end":{"line":311,"column":18},"skip":true},"74":{"start":{"line":313,"column":8},"end":{"line":313,"column":54},"skip":true},"75":{"start":{"line":314,"column":8},"end":{"line":314,"column":69},"skip":true},"76":{"start":{"line":315,"column":8},"end":{"line":323,"column":36},"skip":true},"77":{"start":{"line":316,"column":12},"end":{"line":316,"column":61},"skip":true},"78":{"start":{"line":317,"column":12},"end":{"line":320,"column":13},"skip":true},"79":{"start":{"line":318,"column":16},"end":{"line":318,"column":75},"skip":true},"80":{"start":{"line":319,"column":16},"end":{"line":319,"column":23},"skip":true},"81":{"start":{"line":321,"column":12},"end":{"line":321,"column":38},"skip":true},"82":{"start":{"line":322,"column":12},"end":{"line":322,"column":27},"skip":true},"83":{"start":{"line":324,"column":8},"end":{"line":324,"column":14},"skip":true}},"branchMap":{"1":{"line":39,"type":"binary-expr","locations":[{"start":{"line":39,"column":23},"end":{"line":39,"column":62}},{"start":{"line":40,"column":20},"end":{"line":40,"column":70}},{"start":{"line":41,"column":20},"end":{"line":41,"column":71}},{"start":{"line":42,"column":20},"end":{"line":42,"column":29}}]},"2":{"line":44,"type":"binary-expr","locations":[{"start":{"line":44,"column":23},"end":{"line":44,"column":37}},{"start":{"line":45,"column":20},"end":{"line":45,"column":61}},{"start":{"line":46,"column":20},"end":{"line":46,"column":70}},{"start":{"line":47,"column":20},"end":{"line":47,"column":26}}]},"3":{"line":51,"type":"cond-expr","locations":[{"start":{"line":52,"column":14},"end":{"line":52,"column":20}},{"start":{"line":53,"column":14},"end":{"line":53,"column":20}}]},"4":{"line":55,"type":"binary-expr","locations":[{"start":{"line":55,"column":16},"end":{"line":55,"column":44}},{"start":{"line":55,"column":49},"end":{"line":57,"column":43}}]},"5":{"line":55,"type":"cond-expr","locations":[{"start":{"line":56,"column":14},"end":{"line":56,"column":52}},{"start":{"line":57,"column":14},"end":{"line":57,"column":43}}]},"6":{"line":61,"type":"switch","locations":[{"start":{"line":68,"column":4},"end":{"line":150,"column":14},"skip":true},{"start":{"line":156,"column":4},"end":{"line":324,"column":14},"skip":true}]},"7":{"line":70,"type":"if","locations":[{"start":{"line":70,"column":12},"end":{"line":70,"column":12},"skip":true},{"start":{"line":70,"column":12},"end":{"line":70,"column":12},"skip":true}]},"8":{"line":70,"type":"binary-expr","locations":[{"start":{"line":70,"column":16},"end":{"line":70,"column":22},"skip":true},{"start":{"line":70,"column":27},"end":{"line":70,"column":32},"skip":true},{"start":{"line":71,"column":20},"end":{"line":71,"column":39},"skip":true},{"start":{"line":72,"column":20},"end":{"line":72,"column":49},"skip":true},{"start":{"line":73,"column":20},"end":{"line":73,"column":58},"skip":true},{"start":{"line":74,"column":20},"end":{"line":74,"column":69},"skip":true}]},"9":{"line":79,"type":"switch","locations":[{"start":{"line":80,"column":20},"end":{"line":80,"column":33},"skip":true},{"start":{"line":81,"column":20},"end":{"line":83,"column":30},"skip":true},{"start":{"line":84,"column":20},"end":{"line":85,"column":49},"skip":true}]},"10":{"line":89,"type":"switch","locations":[{"start":{"line":90,"column":12},"end":{"line":103,"column":22},"skip":true},{"start":{"line":105,"column":12},"end":{"line":106,"column":22},"skip":true}]},"11":{"line":89,"type":"binary-expr","locations":[{"start":{"line":89,"column":20},"end":{"line":89,"column":25},"skip":true},{"start":{"line":89,"column":29},"end":{"line":89,"column":48},"skip":true},{"start":{"line":89,"column":52},"end":{"line":89,"column":74},"skip":true}]},"12":{"line":92,"type":"if","locations":[{"start":{"line":92,"column":16},"end":{"line":92,"column":16},"skip":true},{"start":{"line":92,"column":16},"end":{"line":92,"column":16},"skip":true}]},"13":{"line":108,"type":"if","locations":[{"start":{"line":108,"column":12},"end":{"line":108,"column":12},"skip":true},{"start":{"line":108,"column":12},"end":{"line":108,"column":12},"skip":true}]},"14":{"line":108,"type":"binary-expr","locations":[{"start":{"line":108,"column":16},"end":{"line":108,"column":61},"skip":true},{"start":{"line":108,"column":66},"end":{"line":108,"column":72},"skip":true},{"start":{"line":108,"column":77},"end":{"line":108,"column":82},"skip":true},{"start":{"line":109,"column":20},"end":{"line":109,"column":39},"skip":true},{"start":{"line":110,"column":20},"end":{"line":110,"column":49},"skip":true},{"start":{"line":111,"column":20},"end":{"line":111,"column":58},"skip":true},{"start":{"line":112,"column":20},"end":{"line":112,"column":68},"skip":true}]},"15":{"line":129,"type":"if","locations":[{"start":{"line":129,"column":16},"end":{"line":129,"column":16},"skip":true},{"start":{"line":129,"column":16},"end":{"line":129,"column":16},"skip":true}]},"16":{"line":134,"type":"cond-expr","locations":[{"start":{"line":135,"column":26},"end":{"line":135,"column":29},"skip":true},{"start":{"line":136,"column":26},"end":{"line":136,"column":54},"skip":true}]},"17":{"line":164,"type":"binary-expr","locations":[{"start":{"line":164,"column":27},"end":{"line":164,"column":43},"skip":true},{"start":{"line":164,"column":47},"end":{"line":164,"column":49},"skip":true}]},"18":{"line":258,"type":"if","locations":[{"start":{"line":258,"column":8},"end":{"line":258,"column":8},"skip":true},{"start":{"line":258,"column":8},"end":{"line":258,"column":8},"skip":true}]},"19":{"line":275,"type":"switch","locations":[{"start":{"line":276,"column":20},"end":{"line":277,"column":64},"skip":true},{"start":{"line":278,"column":20},"end":{"line":279,"column":40},"skip":true},{"start":{"line":280,"column":20},"end":{"line":281,"column":40},"skip":true},{"start":{"line":282,"column":20},"end":{"line":283,"column":39},"skip":true}]},"20":{"line":288,"type":"if","locations":[{"start":{"line":288,"column":8},"end":{"line":288,"column":8},"skip":true},{"start":{"line":288,"column":8},"end":{"line":288,"column":8},"skip":true}]},"21":{"line":288,"type":"binary-expr","locations":[{"start":{"line":288,"column":12},"end":{"line":288,"column":40},"skip":true},{"start":{"line":288,"column":44},"end":{"line":288,"column":67},"skip":true}]},"22":{"line":292,"type":"binary-expr","locations":[{"start":{"line":292,"column":12},"end":{"line":292,"column":50},"skip":true},{"start":{"line":293,"column":12},"end":{"line":293,"column":53},"skip":true}]},"23":{"line":297,"type":"binary-expr","locations":[{"start":{"line":297,"column":12},"end":{"line":297,"column":66},"skip":true},{"start":{"line":298,"column":12},"end":{"line":301,"column":36},"skip":true}]},"24":{"line":303,"type":"binary-expr","locations":[{"start":{"line":303,"column":43},"end":{"line":303,"column":75},"skip":true},{"start":{"line":303,"column":79},"end":{"line":303,"column":81},"skip":true}]},"25":{"line":306,"type":"if","locations":[{"start":{"line":306,"column":8},"end":{"line":306,"column":8},"skip":true},{"start":{"line":306,"column":8},"end":{"line":306,"column":8},"skip":true}]},"26":{"line":310,"type":"if","locations":[{"start":{"line":310,"column":8},"end":{"line":310,"column":8},"skip":true},{"start":{"line":310,"column":8},"end":{"line":310,"column":8},"skip":true}]},"27":{"line":313,"type":"binary-expr","locations":[{"start":{"line":313,"column":27},"end":{"line":313,"column":43},"skip":true},{"start":{"line":313,"column":47},"end":{"line":313,"column":53},"skip":true}]},"28":{"line":317,"type":"if","locations":[{"start":{"line":317,"column":12},"end":{"line":317,"column":12},"skip":true},{"start":{"line":317,"column":12},"end":{"line":317,"column":12},"skip":true}]}},"code":["/*","example.js","","quickstart example","","instruction","    1. save this script as example.js","    2. run the shell command:","        $ npm install npmtest-couchapp && PORT=8081 node example.js","    3. play with the browser-demo on http://127.0.0.1:8081","*/","","","","/* istanbul instrument in package npmtest_couchapp */","/*jslint","    bitwise: true,","    browser: true,","    maxerr: 8,","    maxlen: 96,","    node: true,","    nomen: true,","    regexp: true,","    stupid: true","*/","(function () {","    'use strict';","    var local;","","","","    // run shared js-env code - init-before","    (function () {","        // init local","        local = {};","        // init modeJs","        local.modeJs = (function () {","            try {","                return typeof navigator.userAgent === 'string' &&","                    typeof document.querySelector('body') === 'object' &&","                    typeof XMLHttpRequest.prototype.open === 'function' &&","                    'browser';","            } catch (errorCaughtBrowser) {","                return module.exports &&","                    typeof process.versions.node === 'string' &&","                    typeof require('http').createServer === 'function' &&","                    'node';","            }","        }());","        // init global","        local.global = local.modeJs === 'browser'","            ? window","            : global;","        // init utility2_rollup","        local = local.global.utility2_rollup || (local.modeJs === 'browser'","            ? local.global.utility2_npmtest_couchapp","            : global.utility2_moduleExports);","        // export local","        local.global.local = local;","    }());","    switch (local.modeJs) {","","","","    // init-after","    // run browser js-env code - init-after","    /* istanbul ignore next */","    case 'browser':","        local.testRunBrowser = function (event) {","            if (!event || (event &&","                    event.currentTarget &&","                    event.currentTarget.className &&","                    event.currentTarget.className.includes &&","                    event.currentTarget.className.includes('onreset'))) {","                // reset output","                Array.from(","                    document.querySelectorAll('body > .resettable')","                ).forEach(function (element) {","                    switch (element.tagName) {","                    case 'INPUT':","                    case 'TEXTAREA':","                        element.value = '';","                        break;","                    default:","                        element.textContent = '';","                    }","                });","            }","            switch (event && event.currentTarget && event.currentTarget.id) {","            case 'testRunButton1':","                // show tests","                if (document.querySelector('#testReportDiv1').style.display === 'none') {","                    document.querySelector('#testReportDiv1').style.display = 'block';","                    document.querySelector('#testRunButton1').textContent =","                        'hide internal test';","                    local.modeTest = true;","                    local.testRunDefault(local);","                // hide tests","                } else {","                    document.querySelector('#testReportDiv1').style.display = 'none';","                    document.querySelector('#testRunButton1').textContent = 'run internal test';","                }","                break;","            // custom-case","            default:","                break;","            }","            if (document.querySelector('#inputTextareaEval1') && (!event || (event &&","                    event.currentTarget &&","                    event.currentTarget.className &&","                    event.currentTarget.className.includes &&","                    event.currentTarget.className.includes('oneval')))) {","                // try to eval input-code","                try {","                    /*jslint evil: true*/","                    eval(document.querySelector('#inputTextareaEval1').value);","                } catch (errorCaught) {","                    console.error(errorCaught);","                }","            }","        };","        // log stderr and stdout to #outputTextareaStdout1","        ['error', 'log'].forEach(function (key) {","            console[key + '_original'] = console[key];","            console[key] = function () {","                var element;","                console[key + '_original'].apply(console, arguments);","                element = document.querySelector('#outputTextareaStdout1');","                if (!element) {","                    return;","                }","                // append text to #outputTextareaStdout1","                element.value += Array.from(arguments).map(function (arg) {","                    return typeof arg === 'string'","                        ? arg","                        : JSON.stringify(arg, null, 4);","                }).join(' ') + '\\n';","                // scroll textarea to bottom","                element.scrollTop = element.scrollHeight;","            };","        });","        // init event-handling","        ['change', 'click', 'keyup'].forEach(function (event) {","            Array.from(document.querySelectorAll('.on' + event)).forEach(function (element) {","                element.addEventListener(event, local.testRunBrowser);","            });","        });","        // run tests","        local.testRunBrowser();","        break;","","","","    // run node js-env code - init-after","    /* istanbul ignore next */","    case 'node':","        // export local","        module.exports = local;","        // require modules","        local.fs = require('fs');","        local.http = require('http');","        local.url = require('url');","        // init assets","        local.assetsDict = local.assetsDict || {};","        /* jslint-ignore-begin */","        local.assetsDict['/assets.index.template.html'] = '\\","<!doctype html>\\n\\","<html lang=\"en\">\\n\\","<head>\\n\\","<meta charset=\"UTF-8\">\\n\\","<meta name=\"viewport\" content=\"width=device-width, initial-scale=1\">\\n\\","<title>{{env.npm_package_name}} (v{{env.npm_package_version}})</title>\\n\\","<style>\\n\\","/*csslint\\n\\","    box-sizing: false,\\n\\","    universal-selector: false\\n\\","*/\\n\\","* {\\n\\","    box-sizing: border-box;\\n\\","}\\n\\","body {\\n\\","    background: #dde;\\n\\","    font-family: Arial, Helvetica, sans-serif;\\n\\","    margin: 2rem;\\n\\","}\\n\\","body > * {\\n\\","    margin-bottom: 1rem;\\n\\","}\\n\\",".utility2FooterDiv {\\n\\","    margin-top: 20px;\\n\\","    text-align: center;\\n\\","}\\n\\","</style>\\n\\","<style>\\n\\","/*csslint\\n\\","*/\\n\\","textarea {\\n\\","    font-family: monospace;\\n\\","    height: 10rem;\\n\\","    width: 100%;\\n\\","}\\n\\","textarea[readonly] {\\n\\","    background: #ddd;\\n\\","}\\n\\","</style>\\n\\","</head>\\n\\","<body>\\n\\","<!-- utility2-comment\\n\\","<div id=\"ajaxProgressDiv1\" style=\"background: #d00; height: 2px; left: 0; margin: 0; padding: 0; position: fixed; top: 0; transition: background 0.5s, width 1.5s; width: 25%;\"></div>\\n\\","utility2-comment -->\\n\\","<h1>\\n\\","<!-- utility2-comment\\n\\","    <a\\n\\","        {{#if env.npm_package_homepage}}\\n\\","        href=\"{{env.npm_package_homepage}}\"\\n\\","        {{/if env.npm_package_homepage}}\\n\\","        target=\"_blank\"\\n\\","    >\\n\\","utility2-comment -->\\n\\","        {{env.npm_package_name}} (v{{env.npm_package_version}})\\n\\","<!-- utility2-comment\\n\\","    </a>\\n\\","utility2-comment -->\\n\\","</h1>\\n\\","<h3>{{env.npm_package_description}}</h3>\\n\\","<!-- utility2-comment\\n\\","<h4><a download href=\"assets.app.js\">download standalone app</a></h4>\\n\\","<button class=\"onclick onreset\" id=\"testRunButton1\">run internal test</button><br>\\n\\","<div id=\"testReportDiv1\" style=\"display: none;\"></div>\\n\\","utility2-comment -->\\n\\","\\n\\","\\n\\","\\n\\","<label>stderr and stdout</label>\\n\\","<textarea class=\"resettable\" id=\"outputTextareaStdout1\" readonly></textarea>\\n\\","<!-- utility2-comment\\n\\","{{#if isRollup}}\\n\\","<script src=\"assets.app.js\"></script>\\n\\","{{#unless isRollup}}\\n\\","utility2-comment -->\\n\\","<script src=\"assets.utility2.rollup.js\"></script>\\n\\","<script src=\"jsonp.utility2._stateInit?callback=window.utility2._stateInit\"></script>\\n\\","<script src=\"assets.npmtest_couchapp.rollup.js\"></script>\\n\\","<script src=\"assets.example.js\"></script>\\n\\","<script src=\"assets.test.js\"></script>\\n\\","<!-- utility2-comment\\n\\","{{/if isRollup}}\\n\\","utility2-comment -->\\n\\","<div class=\"utility2FooterDiv\">\\n\\","    [ this app was created with\\n\\","    <a href=\"https://github.com/kaizhu256/node-utility2\" target=\"_blank\">utility2</a>\\n\\","    ]\\n\\","</div>\\n\\","</body>\\n\\","</html>\\n\\","';","        /* jslint-ignore-end */","        if (local.templateRender) {","            local.assetsDict['/'] = local.templateRender(","                local.assetsDict['/assets.index.template.html'],","                {","                    env: local.objectSetDefault(local.env, {","                        npm_package_description: 'the greatest app in the world!',","                        npm_package_name: 'my-app',","                        npm_package_nameAlias: 'my_app',","                        npm_package_version: '0.0.1'","                    })","                }","            );","        } else {","            local.assetsDict['/'] = local.assetsDict['/assets.index.template.html']","                .replace((/\\{\\{env\\.(\\w+?)\\}\\}/g), function (match0, match1) {","                    // jslint-hack","                    String(match0);","                    switch (match1) {","                    case 'npm_package_description':","                        return 'the greatest app in the world!';","                    case 'npm_package_name':","                        return 'my-app';","                    case 'npm_package_nameAlias':","                        return 'my_app';","                    case 'npm_package_version':","                        return '0.0.1';","                    }","                });","        }","        // run the cli","        if (local.global.utility2_rollup || module !== require.main) {","            break;","        }","        local.assetsDict['/assets.example.js'] =","            local.assetsDict['/assets.example.js'] ||","            local.fs.readFileSync(__filename, 'utf8');","        // bug-workaround - long $npm_package_buildCustomOrg","        /* jslint-ignore-begin */","        local.assetsDict['/assets.npmtest_couchapp.rollup.js'] =","            local.assetsDict['/assets.npmtest_couchapp.rollup.js'] ||","            local.fs.readFileSync(","                local.npmtest_couchapp.__dirname + '/lib.npmtest_couchapp.js',","                'utf8'","            ).replace((/^#!/), '//');","        /* jslint-ignore-end */","        local.assetsDict['/favicon.ico'] = local.assetsDict['/favicon.ico'] || '';","        // if $npm_config_timeout_exit exists,","        // then exit this process after $npm_config_timeout_exit ms","        if (Number(process.env.npm_config_timeout_exit)) {","            setTimeout(process.exit, Number(process.env.npm_config_timeout_exit));","        }","        // start server","        if (local.global.utility2_serverHttp1) {","            break;","        }","        process.env.PORT = process.env.PORT || '8081';","        console.error('server starting on port ' + process.env.PORT);","        local.http.createServer(function (request, response) {","            request.urlParsed = local.url.parse(request.url);","            if (local.assetsDict[request.urlParsed.pathname] !== undefined) {","                response.end(local.assetsDict[request.urlParsed.pathname]);","                return;","            }","            response.statusCode = 404;","            response.end();","        }).listen(process.env.PORT);","        break;","    }","}());",""],"l":{"26":2,"28":2,"33":2,"35":2,"37":2,"38":2,"39":2,"44":1,"51":2,"55":2,"59":2,"61":2,"69":1,"70":2,"76":2,"79":2,"82":2,"83":2,"85":1,"89":2,"92":1,"93":1,"94":1,"96":1,"97":1,"100":1,"101":1,"103":1,"106":1,"108":2,"114":1,"116":1,"118":1,"123":1,"124":2,"125":2,"126":3,"127":3,"128":3,"129":3,"130":1,"133":3,"134":3,"139":3,"143":1,"144":3,"145":1,"149":1,"150":1,"158":1,"160":1,"161":1,"162":1,"164":1,"166":1,"258":1,"259":1,"271":1,"274":6,"275":6,"277":1,"279":2,"281":1,"283":2,"288":1,"289":1,"291":1,"296":1,"303":1,"306":1,"307":1,"310":1,"311":1,"313":1,"314":1,"315":1,"316":1,"317":1,"318":1,"319":1,"321":1,"322":1,"324":1}},"/home/travis/build/npmtest/node-npmtest-couchapp/node_modules/couchapp/main.js":{"path":"/home/travis/build/npmtest/node-npmtest-couchapp/node_modules/couchapp/main.js","s":{"1":1,"2":1,"3":1,"4":0,"5":0,"6":0,"7":0,"8":0,"9":0,"10":0,"11":0,"12":0,"13":0,"14":0,"15":0,"16":1,"17":1,"18":1,"19":1,"20":0,"21":0,"22":1,"23":1,"24":0,"25":0,"26":0,"27":0,"28":1,"29":0,"30":0,"31":0,"32":0,"33":0,"34":0,"35":0,"36":0,"37":0,"38":0,"39":0,"40":0,"41":0,"42":0,"43":0,"44":0,"45":0,"46":0,"47":0,"48":0,"49":0,"50":0,"51":0,"52":0,"53":0,"54":0,"55":0,"56":0,"57":0,"58":0,"59":0,"60":0,"61":0,"62":0,"63":0,"64":0,"65":0,"66":0,"67":0,"68":0,"69":0,"70":0,"71":0,"72":0,"73":0,"74":0,"75":0,"76":0,"77":0,"78":0,"79":0,"80":0,"81":0,"82":0,"83":0,"84":0,"85":0,"86":0,"87":0,"88":0,"89":0,"90":0,"91":0,"92":0,"93":0,"94":0,"95":0,"96":0,"97":0,"98":0,"99":0,"100":0,"101":0,"102":0,"103":0,"104":0,"105":0,"106":0,"107":0,"108":0,"109":0,"110":0,"111":0,"112":0,"113":0,"114":0,"115":0,"116":0,"117":0,"118":0,"119":0,"120":0,"121":0,"122":0,"123":0,"124":0,"125":0,"126":0,"127":0,"128":0,"129":0,"130":0,"131":0,"132":0,"133":0,"134":0,"135":0,"136":0,"137":0,"138":0,"139":0,"140":0,"141":0,"142":0,"143":0,"144":0,"145":0,"146":0,"147":0,"148":0,"149":0,"150":0,"151":0,"152":0,"153":0,"154":0,"155":0,"156":0,"157":0,"158":0,"159":0,"160":0,"161":0,"162":0,"163":0,"164":0,"165":0,"166":0,"167":0,"168":0,"169":0,"170":0,"171":0,"172":0,"173":0,"174":0,"175":1,"176":1,"177":1,"178":1},"b":{"1":[0,0],"2":[0,0],"3":[0,0],"4":[0,0],"5":[1,1],"6":[0,0],"7":[0,0],"8":[0,0],"9":[0,0],"10":[0,0],"11":[0,0],"12":[0,0],"13":[0,0],"14":[0,0],"15":[0,0],"16":[0,0],"17":[0,0],"18":[0,0],"19":[0,0],"20":[0,0],"21":[0,0],"22":[0,0],"23":[0,0],"24":[0,0],"25":[0,0],"26":[0,0],"27":[0,0],"28":[0,0],"29":[0,0],"30":[0,0],"31":[0,0],"32":[0,0],"33":[0,0],"34":[0,0],"35":[0,0],"36":[0,0],"37":[0,0],"38":[0,0],"39":[0,0],"40":[0,0],"41":[0,0],"42":[0,0],"43":[0,0],"44":[0,0],"45":[0,0],"46":[0,0],"47":[0,0],"48":[0,0],"49":[0,0]},"f":{"1":0,"2":0,"3":0,"4":1,"5":0,"6":0,"7":0,"8":0,"9":0,"10":0,"11":0,"12":0,"13":0,"14":0,"15":0,"16":0,"17":0,"18":0,"19":0,"20":0,"21":0,"22":0,"23":0,"24":0,"25":0,"26":0,"27":0,"28":0,"29":0},"fnMap":{"1":{"name":"loadFiles","line":66,"loc":{"start":{"line":66,"column":0},"end":{"line":66,"column":33}}},"2":{"name":"(anonymous_2)","line":71,"loc":{"start":{"line":71,"column":19},"end":{"line":71,"column":38}}},"3":{"name":"(anonymous_3)","line":79,"loc":{"start":{"line":79,"column":36},"end":{"line":79,"column":50}}},"4":{"name":"loadAttachments","line":96,"loc":{"start":{"line":96,"column":0},"end":{"line":96,"column":45}}},"5":{"name":"copy","line":107,"loc":{"start":{"line":107,"column":0},"end":{"line":107,"column":20}}},"6":{"name":"createApp","line":114,"loc":{"start":{"line":114,"column":0},"end":{"line":114,"column":34}}},"7":{"name":"(anonymous_7)","line":119,"loc":{"start":{"line":119,"column":16},"end":{"line":119,"column":28}}},"8":{"name":"(anonymous_8)","line":120,"loc":{"start":{"line":120,"column":12},"end":{"line":120,"column":25}}},"9":{"name":"(anonymous_9)","line":139,"loc":{"start":{"line":139,"column":13},"end":{"line":139,"column":33}}},"10":{"name":"(anonymous_10)","line":146,"loc":{"start":{"line":146,"column":59},"end":{"line":146,"column":86}}},"11":{"name":"(anonymous_11)","line":153,"loc":{"start":{"line":153,"column":36},"end":{"line":153,"column":63}}},"12":{"name":"(anonymous_12)","line":161,"loc":{"start":{"line":161,"column":13},"end":{"line":161,"column":33}}},"13":{"name":"(anonymous_13)","line":182,"loc":{"start":{"line":182,"column":34},"end":{"line":182,"column":49}}},"14":{"name":"(anonymous_14)","line":183,"loc":{"start":{"line":183,"column":50},"end":{"line":183,"column":72}}},"15":{"name":"(anonymous_15)","line":186,"loc":{"start":{"line":186,"column":28},"end":{"line":186,"column":41}}},"16":{"name":"(anonymous_16)","line":187,"loc":{"start":{"line":187,"column":25},"end":{"line":187,"column":46}}},"17":{"name":"(anonymous_17)","line":231,"loc":{"start":{"line":231,"column":13},"end":{"line":231,"column":33}}},"18":{"name":"(anonymous_18)","line":241,"loc":{"start":{"line":241,"column":13},"end":{"line":241,"column":25}}},"19":{"name":"(anonymous_19)","line":244,"loc":{"start":{"line":244,"column":36},"end":{"line":244,"column":51}}},"20":{"name":"(anonymous_20)","line":248,"loc":{"start":{"line":248,"column":61},"end":{"line":248,"column":80}}},"21":{"name":"(anonymous_21)","line":249,"loc":{"start":{"line":249,"column":32},"end":{"line":249,"column":51}}},"22":{"name":"(anonymous_22)","line":253,"loc":{"start":{"line":253,"column":32},"end":{"line":253,"column":51}}},"23":{"name":"(anonymous_23)","line":256,"loc":{"start":{"line":256,"column":32},"end":{"line":256,"column":57}}},"24":{"name":"(anonymous_24)","line":261,"loc":{"start":{"line":261,"column":18},"end":{"line":261,"column":30}}},"25":{"name":"(anonymous_25)","line":267,"loc":{"start":{"line":267,"column":26},"end":{"line":267,"column":44}}},"26":{"name":"(anonymous_26)","line":275,"loc":{"start":{"line":275,"column":37},"end":{"line":275,"column":58}}},"27":{"name":"(anonymous_27)","line":291,"loc":{"start":{"line":291,"column":48},"end":{"line":291,"column":60}}},"28":{"name":"(anonymous_28)","line":299,"loc":{"start":{"line":299,"column":42},"end":{"line":299,"column":54}}},"29":{"name":"(anonymous_29)","line":312,"loc":{"start":{"line":312,"column":32},"end":{"line":312,"column":59}}}},"statementMap":{"1":{"start":{"line":1,"column":0},"end":{"line":8,"column":3}},"2":{"start":{"line":10,"column":0},"end":{"line":10,"column":77}},"3":{"start":{"line":66,"column":0},"end":{"line":90,"column":1}},"4":{"start":{"line":67,"column":2},"end":{"line":69,"column":15}},"5":{"start":{"line":71,"column":2},"end":{"line":87,"column":5}},"6":{"start":{"line":72,"column":4},"end":{"line":74,"column":33}},"7":{"start":{"line":76,"column":6},"end":{"line":86,"column":7}},"8":{"start":{"line":77,"column":8},"end":{"line":77,"column":55}},"9":{"start":{"line":78,"column":8},"end":{"line":82,"column":9}},"10":{"start":{"line":79,"column":10},"end":{"line":81,"column":13}},"11":{"start":{"line":80,"column":12},"end":{"line":80,"column":43}},"12":{"start":{"line":83,"column":8},"end":{"line":83,"column":28}},"13":{"start":{"line":84,"column":13},"end":{"line":86,"column":7}},"14":{"start":{"line":85,"column":8},"end":{"line":85,"column":48}},"15":{"start":{"line":89,"column":2},"end":{"line":89,"column":13}},"16":{"start":{"line":96,"column":0},"end":{"line":105,"column":1}},"17":{"start":{"line":97,"column":2},"end":{"line":97,"column":45}},"18":{"start":{"line":98,"column":2},"end":{"line":103,"column":3}},"19":{"start":{"line":99,"column":4},"end":{"line":99,"column":21}},"20":{"start":{"line":101,"column":4},"end":{"line":101,"column":11}},"21":{"start":{"line":102,"column":4},"end":{"line":102,"column":45}},"22":{"start":{"line":104,"column":2},"end":{"line":104,"column":53}},"23":{"start":{"line":107,"column":0},"end":{"line":111,"column":1}},"24":{"start":{"line":108,"column":2},"end":{"line":108,"column":12}},"25":{"start":{"line":109,"column":2},"end":{"line":109,"column":31}},"26":{"start":{"line":109,"column":17},"end":{"line":109,"column":31}},"27":{"start":{"line":110,"column":2},"end":{"line":110,"column":10}},"28":{"start":{"line":114,"column":0},"end":{"line":319,"column":1}},"29":{"start":{"line":115,"column":2},"end":{"line":115,"column":21}},"30":{"start":{"line":117,"column":2},"end":{"line":117,"column":15}},"31":{"start":{"line":119,"column":2},"end":{"line":137,"column":3}},"32":{"start":{"line":120,"column":4},"end":{"line":132,"column":5}},"33":{"start":{"line":121,"column":6},"end":{"line":131,"column":7}},"34":{"start":{"line":122,"column":8},"end":{"line":130,"column":9}},"35":{"start":{"line":123,"column":10},"end":{"line":126,"column":11}},"36":{"start":{"line":124,"column":12},"end":{"line":124,"column":34}},"37":{"start":{"line":125,"column":12},"end":{"line":125,"column":60}},"38":{"start":{"line":127,"column":10},"end":{"line":129,"column":11}},"39":{"start":{"line":128,"column":12},"end":{"line":128,"column":19}},"40":{"start":{"line":133,"column":4},"end":{"line":133,"column":15}},"41":{"start":{"line":134,"column":4},"end":{"line":134,"column":55}},"42":{"start":{"line":135,"column":4},"end":{"line":135,"column":59}},"43":{"start":{"line":136,"column":4},"end":{"line":136,"column":53}},"44":{"start":{"line":139,"column":2},"end":{"line":159,"column":3}},"45":{"start":{"line":140,"column":4},"end":{"line":140,"column":31}},"46":{"start":{"line":141,"column":4},"end":{"line":141,"column":28}},"47":{"start":{"line":142,"column":4},"end":{"line":142,"column":49}},"48":{"start":{"line":143,"column":4},"end":{"line":143,"column":29}},"49":{"start":{"line":144,"column":4},"end":{"line":144,"column":34}},"50":{"start":{"line":145,"column":4},"end":{"line":145,"column":80}},"51":{"start":{"line":146,"column":4},"end":{"line":158,"column":6}},"52":{"start":{"line":147,"column":6},"end":{"line":147,"column":25}},"53":{"start":{"line":147,"column":15},"end":{"line":147,"column":25}},"54":{"start":{"line":148,"column":6},"end":{"line":150,"column":7}},"55":{"start":{"line":149,"column":8},"end":{"line":149,"column":89}},"56":{"start":{"line":151,"column":6},"end":{"line":151,"column":41}},"57":{"start":{"line":152,"column":6},"end":{"line":152,"column":49}},"58":{"start":{"line":153,"column":6},"end":{"line":157,"column":8}},"59":{"start":{"line":154,"column":8},"end":{"line":154,"column":32}},"60":{"start":{"line":155,"column":8},"end":{"line":155,"column":49}},"61":{"start":{"line":156,"column":8},"end":{"line":156,"column":32}},"62":{"start":{"line":156,"column":22},"end":{"line":156,"column":32}},"63":{"start":{"line":161,"column":2},"end":{"line":229,"column":3}},"64":{"start":{"line":162,"column":4},"end":{"line":164,"column":7}},"65":{"start":{"line":166,"column":4},"end":{"line":166,"column":29}},"66":{"start":{"line":167,"column":4},"end":{"line":167,"column":26}},"67":{"start":{"line":168,"column":4},"end":{"line":170,"column":5}},"68":{"start":{"line":169,"column":6},"end":{"line":169,"column":43}},"69":{"start":{"line":169,"column":24},"end":{"line":169,"column":43}},"70":{"start":{"line":171,"column":4},"end":{"line":171,"column":18}},"71":{"start":{"line":172,"column":4},"end":{"line":172,"column":18}},"72":{"start":{"line":173,"column":4},"end":{"line":173,"column":90}},"73":{"start":{"line":175,"column":4},"end":{"line":175,"column":22}},"74":{"start":{"line":176,"column":4},"end":{"line":176,"column":18}},"75":{"start":{"line":177,"column":4},"end":{"line":180,"column":16}},"76":{"start":{"line":178,"column":6},"end":{"line":178,"column":47}},"77":{"start":{"line":179,"column":6},"end":{"line":179,"column":36}},"78":{"start":{"line":182,"column":4},"end":{"line":227,"column":6}},"79":{"start":{"line":183,"column":6},"end":{"line":226,"column":8}},"80":{"start":{"line":184,"column":8},"end":{"line":184,"column":26}},"81":{"start":{"line":185,"column":8},"end":{"line":185,"column":54}},"82":{"start":{"line":186,"column":8},"end":{"line":225,"column":14}},"83":{"start":{"line":186,"column":27},"end":{"line":225,"column":13}},"84":{"start":{"line":187,"column":10},"end":{"line":224,"column":12}},"85":{"start":{"line":188,"column":12},"end":{"line":191,"column":13}},"86":{"start":{"line":189,"column":14},"end":{"line":189,"column":74}},"87":{"start":{"line":190,"column":14},"end":{"line":190,"column":45}},"88":{"start":{"line":192,"column":12},"end":{"line":192,"column":73}},"89":{"start":{"line":193,"column":12},"end":{"line":193,"column":43}},"90":{"start":{"line":193,"column":29},"end":{"line":193,"column":43}},"91":{"start":{"line":194,"column":12},"end":{"line":216,"column":13}},"92":{"start":{"line":195,"column":14},"end":{"line":198,"column":17}},"93":{"start":{"line":199,"column":14},"end":{"line":199,"column":27}},"94":{"start":{"line":200,"column":14},"end":{"line":200,"column":37}},"95":{"start":{"line":201,"column":14},"end":{"line":213,"column":15}},"96":{"start":{"line":202,"column":16},"end":{"line":212,"column":17}},"97":{"start":{"line":204,"column":18},"end":{"line":204,"column":37}},"98":{"start":{"line":205,"column":18},"end":{"line":210,"column":19}},"99":{"start":{"line":206,"column":20},"end":{"line":206,"column":38}},"100":{"start":{"line":207,"column":20},"end":{"line":209,"column":21}},"101":{"start":{"line":208,"column":22},"end":{"line":208,"column":37}},"102":{"start":{"line":211,"column":18},"end":{"line":211,"column":25}},"103":{"start":{"line":214,"column":14},"end":{"line":214,"column":68}},"104":{"start":{"line":215,"column":14},"end":{"line":215,"column":72}},"105":{"start":{"line":217,"column":12},"end":{"line":217,"column":30}},"106":{"start":{"line":218,"column":12},"end":{"line":223,"column":13}},"107":{"start":{"line":219,"column":14},"end":{"line":219,"column":32}},"108":{"start":{"line":220,"column":14},"end":{"line":222,"column":15}},"109":{"start":{"line":221,"column":16},"end":{"line":221,"column":31}},"110":{"start":{"line":228,"column":4},"end":{"line":228,"column":84}},"111":{"start":{"line":228,"column":69},"end":{"line":228,"column":84}},"112":{"start":{"line":231,"column":2},"end":{"line":307,"column":3}},"113":{"start":{"line":241,"column":4},"end":{"line":306,"column":6}},"114":{"start":{"line":242,"column":6},"end":{"line":242,"column":23}},"115":{"start":{"line":243,"column":6},"end":{"line":243,"column":50}},"116":{"start":{"line":244,"column":6},"end":{"line":260,"column":8}},"117":{"start":{"line":245,"column":8},"end":{"line":245,"column":26}},"118":{"start":{"line":246,"column":8},"end":{"line":246,"column":64}},"119":{"start":{"line":247,"column":8},"end":{"line":247,"column":56}},"120":{"start":{"line":247,"column":43},"end":{"line":247,"column":56}},"121":{"start":{"line":248,"column":8},"end":{"line":259,"column":10}},"122":{"start":{"line":249,"column":10},"end":{"line":252,"column":12}},"123":{"start":{"line":250,"column":12},"end":{"line":250,"column":35}},"124":{"start":{"line":251,"column":12},"end":{"line":251,"column":36}},"125":{"start":{"line":253,"column":10},"end":{"line":255,"column":12}},"126":{"start":{"line":254,"column":12},"end":{"line":254,"column":56}},"127":{"start":{"line":256,"column":10},"end":{"line":258,"column":12}},"128":{"start":{"line":257,"column":12},"end":{"line":257,"column":56}},"129":{"start":{"line":261,"column":6},"end":{"line":304,"column":7}},"130":{"start":{"line":262,"column":8},"end":{"line":265,"column":11}},"131":{"start":{"line":266,"column":8},"end":{"line":303,"column":9}},"132":{"start":{"line":267,"column":10},"end":{"line":297,"column":12}},"133":{"start":{"line":268,"column":12},"end":{"line":295,"column":13}},"134":{"start":{"line":269,"column":14},"end":{"line":269,"column":53}},"135":{"start":{"line":270,"column":14},"end":{"line":270,"column":27}},"136":{"start":{"line":271,"column":14},"end":{"line":271,"column":48}},"137":{"start":{"line":273,"column":14},"end":{"line":273,"column":26}},"138":{"start":{"line":275,"column":14},"end":{"line":294,"column":16}},"139":{"start":{"line":276,"column":16},"end":{"line":280,"column":19}},"140":{"start":{"line":282,"column":16},"end":{"line":282,"column":29}},"141":{"start":{"line":283,"column":16},"end":{"line":283,"column":39}},"142":{"start":{"line":284,"column":16},"end":{"line":284,"column":28}},"143":{"start":{"line":285,"column":16},"end":{"line":290,"column":17}},"144":{"start":{"line":286,"column":18},"end":{"line":286,"column":72}},"145":{"start":{"line":287,"column":18},"end":{"line":287,"column":76}},"146":{"start":{"line":288,"column":18},"end":{"line":288,"column":31}},"147":{"start":{"line":289,"column":18},"end":{"line":289,"column":52}},"148":{"start":{"line":291,"column":16},"end":{"line":292,"column":70}},"149":{"start":{"line":291,"column":43},"end":{"line":291,"column":99}},"150":{"start":{"line":291,"column":61},"end":{"line":291,"column":75}},"151":{"start":{"line":291,"column":76},"end":{"line":291,"column":97}},"152":{"start":{"line":292,"column":21},"end":{"line":292,"column":70}},"153":{"start":{"line":292,"column":49},"end":{"line":292,"column":70}},"154":{"start":{"line":298,"column":10},"end":{"line":298,"column":22}},"155":{"start":{"line":299,"column":10},"end":{"line":300,"column":64}},"156":{"start":{"line":299,"column":37},"end":{"line":299,"column":93}},"157":{"start":{"line":299,"column":55},"end":{"line":299,"column":69}},"158":{"start":{"line":299,"column":70},"end":{"line":299,"column":91}},"159":{"start":{"line":300,"column":15},"end":{"line":300,"column":64}},"160":{"start":{"line":300,"column":43},"end":{"line":300,"column":64}},"161":{"start":{"line":302,"column":10},"end":{"line":302,"column":32}},"162":{"start":{"line":305,"column":6},"end":{"line":305,"column":27}},"163":{"start":{"line":308,"column":2},"end":{"line":308,"column":43}},"164":{"start":{"line":310,"column":2},"end":{"line":310,"column":67}},"165":{"start":{"line":310,"column":50},"end":{"line":310,"column":67}},"166":{"start":{"line":312,"column":2},"end":{"line":318,"column":4}},"167":{"start":{"line":313,"column":4},"end":{"line":313,"column":23}},"168":{"start":{"line":313,"column":13},"end":{"line":313,"column":23}},"169":{"start":{"line":314,"column":4},"end":{"line":316,"column":39}},"170":{"start":{"line":314,"column":32},"end":{"line":314,"column":49}},"171":{"start":{"line":315,"column":9},"end":{"line":316,"column":39}},"172":{"start":{"line":315,"column":38},"end":{"line":315,"column":81}},"173":{"start":{"line":316,"column":9},"end":{"line":316,"column":39}},"174":{"start":{"line":317,"column":4},"end":{"line":317,"column":11}},"175":{"start":{"line":321,"column":0},"end":{"line":321,"column":29}},"176":{"start":{"line":322,"column":0},"end":{"line":322,"column":41}},"177":{"start":{"line":323,"column":0},"end":{"line":323,"column":30}},"178":{"start":{"line":324,"column":0},"end":{"line":324,"column":29}}},"branchMap":{"1":{"line":68,"type":"binary-expr","locations":[{"start":{"line":68,"column":16},"end":{"line":68,"column":23}},{"start":{"line":68,"column":27},"end":{"line":68,"column":29}}]},"2":{"line":76,"type":"if","locations":[{"start":{"line":76,"column":6},"end":{"line":76,"column":6}},{"start":{"line":76,"column":6},"end":{"line":76,"column":6}}]},"3":{"line":78,"type":"if","locations":[{"start":{"line":78,"column":8},"end":{"line":78,"column":8}},{"start":{"line":78,"column":8},"end":{"line":78,"column":8}}]},"4":{"line":84,"type":"if","locations":[{"start":{"line":84,"column":13},"end":{"line":84,"column":13}},{"start":{"line":84,"column":13},"end":{"line":84,"column":13}}]},"5":{"line":97,"type":"binary-expr","locations":[{"start":{"line":97,"column":22},"end":{"line":97,"column":39}},{"start":{"line":97,"column":43},"end":{"line":97,"column":45}}]},"6":{"line":122,"type":"if","locations":[{"start":{"line":122,"column":8},"end":{"line":122,"column":8}},{"start":{"line":122,"column":8},"end":{"line":122,"column":8}}]},"7":{"line":123,"type":"if","locations":[{"start":{"line":123,"column":10},"end":{"line":123,"column":10}},{"start":{"line":123,"column":10},"end":{"line":123,"column":10}}]},"8":{"line":127,"type":"if","locations":[{"start":{"line":127,"column":10},"end":{"line":127,"column":10}},{"start":{"line":127,"column":10},"end":{"line":127,"column":10}}]},"9":{"line":134,"type":"binary-expr","locations":[{"start":{"line":134,"column":28},"end":{"line":134,"column":49}},{"start":{"line":134,"column":53},"end":{"line":134,"column":55}}]},"10":{"line":135,"type":"binary-expr","locations":[{"start":{"line":135,"column":30},"end":{"line":135,"column":53}},{"start":{"line":135,"column":57},"end":{"line":135,"column":59}}]},"11":{"line":136,"type":"binary-expr","locations":[{"start":{"line":136,"column":27},"end":{"line":136,"column":47}},{"start":{"line":136,"column":51},"end":{"line":136,"column":53}}]},"12":{"line":147,"type":"if","locations":[{"start":{"line":147,"column":6},"end":{"line":147,"column":6}},{"start":{"line":147,"column":6},"end":{"line":147,"column":6}}]},"13":{"line":148,"type":"if","locations":[{"start":{"line":148,"column":6},"end":{"line":148,"column":6}},{"start":{"line":148,"column":6},"end":{"line":148,"column":6}}]},"14":{"line":156,"type":"if","locations":[{"start":{"line":156,"column":8},"end":{"line":156,"column":8}},{"start":{"line":156,"column":8},"end":{"line":156,"column":8}}]},"15":{"line":169,"type":"if","locations":[{"start":{"line":169,"column":6},"end":{"line":169,"column":6}},{"start":{"line":169,"column":6},"end":{"line":169,"column":6}}]},"16":{"line":173,"type":"cond-expr","locations":[{"start":{"line":173,"column":28},"end":{"line":173,"column":85}},{"start":{"line":173,"column":88},"end":{"line":173,"column":89}}]},"17":{"line":188,"type":"if","locations":[{"start":{"line":188,"column":12},"end":{"line":188,"column":12}},{"start":{"line":188,"column":12},"end":{"line":188,"column":12}}]},"18":{"line":192,"type":"binary-expr","locations":[{"start":{"line":192,"column":36},"end":{"line":192,"column":46}},{"start":{"line":192,"column":50},"end":{"line":192,"column":52}}]},"19":{"line":193,"type":"if","locations":[{"start":{"line":193,"column":12},"end":{"line":193,"column":12}},{"start":{"line":193,"column":12},"end":{"line":193,"column":12}}]},"20":{"line":194,"type":"if","locations":[{"start":{"line":194,"column":12},"end":{"line":194,"column":12}},{"start":{"line":194,"column":12},"end":{"line":194,"column":12}}]},"21":{"line":201,"type":"if","locations":[{"start":{"line":201,"column":14},"end":{"line":201,"column":14}},{"start":{"line":201,"column":14},"end":{"line":201,"column":14}}]},"22":{"line":201,"type":"binary-expr","locations":[{"start":{"line":201,"column":18},"end":{"line":201,"column":44}},{"start":{"line":201,"column":48},"end":{"line":201,"column":71}}]},"23":{"line":202,"type":"if","locations":[{"start":{"line":202,"column":16},"end":{"line":202,"column":16}},{"start":{"line":202,"column":16},"end":{"line":202,"column":16}}]},"24":{"line":202,"type":"binary-expr","locations":[{"start":{"line":202,"column":20},"end":{"line":202,"column":88}},{"start":{"line":203,"column":20},"end":{"line":203,"column":58}}]},"25":{"line":205,"type":"if","locations":[{"start":{"line":205,"column":18},"end":{"line":205,"column":18}},{"start":{"line":205,"column":18},"end":{"line":205,"column":18}}]},"26":{"line":207,"type":"if","locations":[{"start":{"line":207,"column":20},"end":{"line":207,"column":20}},{"start":{"line":207,"column":20},"end":{"line":207,"column":20}}]},"27":{"line":218,"type":"if","locations":[{"start":{"line":218,"column":12},"end":{"line":218,"column":12}},{"start":{"line":218,"column":12},"end":{"line":218,"column":12}}]},"28":{"line":220,"type":"if","locations":[{"start":{"line":220,"column":14},"end":{"line":220,"column":14}},{"start":{"line":220,"column":14},"end":{"line":220,"column":14}}]},"29":{"line":228,"type":"if","locations":[{"start":{"line":228,"column":4},"end":{"line":228,"column":4}},{"start":{"line":228,"column":4},"end":{"line":228,"column":4}}]},"30":{"line":228,"type":"binary-expr","locations":[{"start":{"line":228,"column":8},"end":{"line":228,"column":30}},{"start":{"line":228,"column":34},"end":{"line":228,"column":67}}]},"31":{"line":246,"type":"cond-expr","locations":[{"start":{"line":246,"column":53},"end":{"line":246,"column":57}},{"start":{"line":246,"column":60},"end":{"line":246,"column":63}}]},"32":{"line":247,"type":"if","locations":[{"start":{"line":247,"column":8},"end":{"line":247,"column":8}},{"start":{"line":247,"column":8},"end":{"line":247,"column":8}}]},"33":{"line":266,"type":"if","locations":[{"start":{"line":266,"column":8},"end":{"line":266,"column":8}},{"start":{"line":266,"column":8},"end":{"line":266,"column":8}}]},"34":{"line":268,"type":"if","locations":[{"start":{"line":268,"column":12},"end":{"line":268,"column":12}},{"start":{"line":268,"column":12},"end":{"line":268,"column":12}}]},"35":{"line":285,"type":"if","locations":[{"start":{"line":285,"column":16},"end":{"line":285,"column":16}},{"start":{"line":285,"column":16},"end":{"line":285,"column":16}}]},"36":{"line":285,"type":"binary-expr","locations":[{"start":{"line":285,"column":20},"end":{"line":285,"column":47}},{"start":{"line":285,"column":52},"end":{"line":285,"column":90}}]},"37":{"line":291,"type":"if","locations":[{"start":{"line":291,"column":16},"end":{"line":291,"column":16}},{"start":{"line":291,"column":16},"end":{"line":291,"column":16}}]},"38":{"line":291,"type":"binary-expr","locations":[{"start":{"line":291,"column":20},"end":{"line":291,"column":32}},{"start":{"line":291,"column":36},"end":{"line":291,"column":41}}]},"39":{"line":292,"type":"if","locations":[{"start":{"line":292,"column":21},"end":{"line":292,"column":21}},{"start":{"line":292,"column":21},"end":{"line":292,"column":21}}]},"40":{"line":292,"type":"binary-expr","locations":[{"start":{"line":292,"column":25},"end":{"line":292,"column":37}},{"start":{"line":292,"column":41},"end":{"line":292,"column":47}}]},"41":{"line":299,"type":"if","locations":[{"start":{"line":299,"column":10},"end":{"line":299,"column":10}},{"start":{"line":299,"column":10},"end":{"line":299,"column":10}}]},"42":{"line":299,"type":"binary-expr","locations":[{"start":{"line":299,"column":14},"end":{"line":299,"column":26}},{"start":{"line":299,"column":30},"end":{"line":299,"column":35}}]},"43":{"line":300,"type":"if","locations":[{"start":{"line":300,"column":15},"end":{"line":300,"column":15}},{"start":{"line":300,"column":15},"end":{"line":300,"column":15}}]},"44":{"line":300,"type":"binary-expr","locations":[{"start":{"line":300,"column":19},"end":{"line":300,"column":31}},{"start":{"line":300,"column":35},"end":{"line":300,"column":41}}]},"45":{"line":308,"type":"cond-expr","locations":[{"start":{"line":308,"column":22},"end":{"line":308,"column":33}},{"start":{"line":308,"column":36},"end":{"line":308,"column":43}}]},"46":{"line":310,"type":"if","locations":[{"start":{"line":310,"column":2},"end":{"line":310,"column":2}},{"start":{"line":310,"column":2},"end":{"line":310,"column":2}}]},"47":{"line":313,"type":"if","locations":[{"start":{"line":313,"column":4},"end":{"line":313,"column":4}},{"start":{"line":313,"column":4},"end":{"line":313,"column":4}}]},"48":{"line":314,"type":"if","locations":[{"start":{"line":314,"column":4},"end":{"line":314,"column":4}},{"start":{"line":314,"column":4},"end":{"line":314,"column":4}}]},"49":{"line":315,"type":"if","locations":[{"start":{"line":315,"column":9},"end":{"line":315,"column":9}},{"start":{"line":315,"column":9},"end":{"line":315,"column":9}}]}},"code":["var path = require('path')","  , fs = require('fs')","  , watch = require('watch')","  , request = require('request')","  , crypto = require('crypto')","  , mimetypes = require('./mimetypes')","  , spawn = require('child_process').spawn","  ;","","var h = {'content-type':'application/json', 'accept-type':'application/json'}","  ","/**"," * Recursively load directory contents into ddoc"," *"," * It's really convenient to see the main couchapp code in single file,"," * rather than mapped into little files in lots of directories like"," * the python couchapp. But there are definitely cases where we might want "," * to use some module or another on the server side. This addition"," * loads file contents from a given directory (recursively) into a js "," * object that can be added to a design document and require()'d in "," * lists, shows, etc. "," *"," * Use couchapp.loadFiles() in app.js like this:"," *"," *    ddoc = {"," *        _id: '_design/app'"," *      , views: {}"," *      , ..."," *      , lib: couchapp.loadFiles('./lib')"," *      , vendor: couchapp.loadFiles('./vendor')"," *    }"," *"," * Optionally, pass in operators to process file contents. For example, "," * generate mustache templates from jade templates."," *"," * In yourapp/templates/index.jade"," *  "," * !!!5"," * html"," *   head"," *     //- jade locals.title"," *     title!= title"," *   body"," *     .item"," *       //- mustache variable for server-side rendering"," *       h1 {{ heading }}"," *"," * in yourapp/app.js"," * var couchapp = require('couchapp')"," *   , jade = require('jade')"," *   , options = {"," *       , operators: ["," *           function renderJade (content, options) {"," *             var compiler = jade.compile(content);"," *             return compiler(options.locals || {});"," *           }"," *         ]"," *       , locals: { title: 'Now we\\'re cookin with gas!' }"," *   };"," *"," * ddoc = { ... };"," * "," * ddoc.templates = loadFiles(dir, options);"," */","","function loadFiles(dir, options) {","  var listings = fs.readdirSync(dir)","    , options = options || {}","    , obj = {};","","  listings.forEach(function (listing) {","    var file = path.join(dir, listing)","      , prop = listing.split('.')[0] // probably want regexp or something more robust","      , stat = fs.statSync(file);","","      if (stat.isFile()) { ","        var content = fs.readFileSync(file).toString();","        if (options.operators) {","          options.operators.forEach(function (op) {","            content = op(content, options);","          });","        }","        obj[prop] = content;","      } else if (stat.isDirectory()) {","        obj[listing] = loadFiles(file, options);","      }","  });","","  return obj;","}","","/**"," * End of patch (also see exports and end of file)"," */","","function loadAttachments (doc, root, prefix) {","  doc.__attachments = doc.__attachments || []","  try {","    fs.statSync(root)","  } catch(e) {","    throw e","    throw new Error(\"Cannot stat file \"+root)","  }","  doc.__attachments.push({root:root, prefix:prefix});","}","","function copy (obj) {","  var n = {}","  for (i in obj) n[i] = obj[i];","  return n","}","","  ","function 
[...]
on while working","    // with async operations.","    //","    // ### Example","    //","    //      this.get('#/', function() {","    //        // initialize the RenderContext","    //        // Even though `load()` executes async, the next `then()`","    //        // wont execute until the load finishes","    //        this.load('myfile.txt')","    //            .then(function(content) {","    //              // the first argument to then is the content of the","    //              // prev operation","    //              $('#main').html(content);","    //            });","    //      });","    //","    then: function(callback) {","      if (_isFunction(callback)) {","        var context = this;","        if (this.waiting) {","          this.callbacks.push(callback);","        } else {","          this.wait();","          setTimeout(function() {","            var returned = callback.apply(context, [context.content, context.previous_content]);","            if (returned !== false) {","              context.next(returned);","            }","          }, 13);","        }","      }","      return this;","    },","","    // Pause the `RenderContext` queue. Combined with `next()` allows for async","    // operations.","    //","    // ### Example","    //","    //        this.get('#/', function() {","    //          this.load('mytext.json')","    //              .then(function(content) {","    //                var context = this,","    //                    data    = JSON.parse(content);","    //                // pause execution","    //                context.wait();","    //                // post to a url","    //                $.post(data.url, {}, function(response) {","    //                  context.next(JSON.parse(response));","    //                });","    //              })","    //              .then(function(data) {","    //                // data is json from the previous post","    //                $('#message').text(data.status);","    //              });","    //        });","    wait: function() {","      this.waiting = true;","    },","","    // Resume the queue, setting `content` to be used in the next operation.","    // See `wait()` for an example.","    next: function(content) {","      this.waiting = false;","      if (typeof content !== 'undefined') {","        this.previous_content = this.content;","        this.content = content;","      }","      if (this.callbacks.length > 0) {","        this.then(this.callbacks.shift());","      }","    },","","    // Load a template into the context.","    // The `location` can either be a string specifiying the remote path to the","    // file, a jQuery object, or a DOM element.","    //","    // No interpolation happens by default, the content is stored in","    // `content`.","    //","    // In the case of a path, unless the option `{cache: false}` is passed the","    // data is stored in the app's `templateCache()`.","    //","    // If a jQuery or DOM object is passed the `innerHTML` of the node is pulled in.","    // This is useful for nesting templates as part of the initial page load wrapped","    // in invisible elements or `<script>` tags. With template paths, the template","    // engine is looked up by the extension. For DOM/jQuery embedded templates,","    // this isnt possible, so there are a couple of options:","    //","    //  * pass an `{engine:}` option.","    //  * define the engine in the `data-engine` attribute of the passed node.","    //  * just store the raw template data and use `interpolate()` manually","    //","    // If a `callback` is passed it is executed after the template load.","    load: function(location, options, callback) {","      var context = this;","      return this.then(function() {","        var should_cache, cached;","        if (_isFunction(options)) {","          callback = options;","          options = {};","        } else {","          options = $.extend({}, options);","        }","        if (callback) { this.then(callback); }","        if (typeof location === 'string') {","          // its a path","          should_cache = !(options.cache === false);","          delete options.cache;","          if (options.engine) {","            context.next_engine = options.engine;","            delete options.engine;","          }","          if (should_cache && (cached = this.event_context.app.templateCache(location))) {","            return cached;","          }","          this.wait();","          $.ajax($.extend({","            url: location,","            data: {},","            type: 'get',","            success: function(data) {","              if (should_cache) {","                context.event_context.app.templateCache(location, data);","              }","              context.next(data);","            }","          }, options));","          return false;","        } else {","          // its a dom/jQuery","          if (location.nodeType) {","            return location.innerHTML;","          }","          if (location.selector) {","            // its a jQuery","            context.next_engine = location.attr('data-engine');","            if (options.clone === false) {","              return location.remove()[0].innerHTML.toString();","            } else {","              return location[0].innerHTML.toString();","            }","          }","        }","      });","    },","","    // `load()` a template and then `interpolate()` it with data.","    //","    // ### Example","    //","    //      this.get('#/', function() {","    //        this.render('mytemplate.template', {name: 'test'});","    //      });","    //","    render: function(location, data, callback) {","      if (_isFunction(location) && !data) {","        return this.then(location);","      } else {","        return this.load(location).interpolate(data, location).then(callback);","      }","    },","","    // itterates over an array, applying the callback for each item item. the","    // callback takes the same style of arguments as `jQuery.each()` (index, item).","    // The return value of each callback is collected as a single string and stored","    // as `content` to be used in the next iteration of the `RenderContext`.","    collect: function(array, callback) {","      var context = this;","      return this.then(function() {","        var contents = \"\";","        $.each(array, function(i, item) {","          var returned = callback.apply(context, [i, item]);","          contents += returned;","          return returned;","        });","        return contents;","      });","    },","","    // loads a template, and then interpolates it for each item in the `data`","    // array.","    renderEach: function(location, name, data, callback) {","      if (_isArray(name)) {","        callback = data;","        data = name;","        name = null;","      }","      if (!data && _isArray(this.content)) {","        data = this.content;","      }","      return this.load(location).collect(data, function(i, value) {","        var idata = {};","        name ? (idata[name] = value) : (idata = value);","        return this.event_context.interpolate(this.content, idata, location);","      });","    },","","    // uses the previous loaded `content` and the `data` object to interpolate","    // a template. `engine` defines the templating/interpolation method/engine","    // that should be used. If `engine` is not passed, the `next_engine` is","    // used. If `retain` is `true`, the final interpolated data is appended to","    // the `previous_content` instead of just replacing it.","    interpolate: function(data, engine, retain) {","      var context = this;","      return this.then(function(content, prev) {","        if (this.next_engine) {","          engine = this.next_engine;","          this.next_engine = false;","        }","        var rendered = context.event_context.interpolate(content, data, engine);","        return retain ? prev + rendered : rendered;","      });","    },","","    // executes `EventContext#swap()` with the `content`","    swap: function() {","      return this.then(function(content) {","        this.event_context.swap(content);","      }).trigger('changed', {});","    },","","    // Same usage as `jQuery.fn.appendTo()` but uses `then()` to ensure order","    appendTo: function(selector) {","      return this.then(function(content) {","        $(selector).append(content);","      }).trigger('changed', {});","    },","","    // Same usage as `jQuery.fn.prependTo()` but uses `then()` to ensure order","    prependTo: function(selector) {","      return this.then(function(content) {","        $(selector).prepend(content);","      }).trigger('changed', {});","    },","","    // Replaces the `$(selector)` using `html()` with the previously loaded","    // `content`","    replace: function(selector) {","      return this.then(function(content) {","        $(selector).html(content);","      }).trigger('changed', {});","    },","","    // trigger the event in the order of the event context. Same semantics","    // as `Sammy.EventContext#trigger()`. If data is ommitted, `content`","    // is sent as `{content: content}`","    trigger: function(name, data) {","      return this.then(function(content) {","        if (typeof data == 'undefined') { data = {content: content}; }","        this.event_context.trigger(name, data);","      });","    }","","  });","","  // `Sammy.EventContext` objects are created every time a route is run or a","  // bound event is triggered. The callbacks for these events are evaluated within a `Sammy.EventContext`","  // This within these callbacks the special methods of `EventContext` are available.","  //","  // ### Example","  //","  //  $.sammy(function() {","  //    // The context here is this Sammy.Application","  //    this.get('#/:name', function() {","  //      // The context here is a new Sammy.EventContext","  //      if (this.params['name'] == 'sammy') {","  //        this.partial('name.html.erb', {name: 'Sammy'});","  //      } else {","  //        this.redirect('#/somewhere-else')","  //      }","  //    });","  //  });","  //","  // Initialize a new EventContext","  //","  // ### Arguments","  //","  // * `app` The `Sammy.Application` this event is called within.","  // * `verb` The verb invoked to run this context/route.","  // * `path` The string path invoked to run this context/route.","  // * `params` An Object of optional params to pass to the context. Is converted","  //   to a `Sammy.Object`.","  // * `target` a DOM element that the event that holds this context originates","  //   from. For post, put and del routes, this is the form element that triggered","  //   the route.","  //","  Sammy.EventContext = function(app, verb, path, params, target) {","    this.app    = app;","    this.verb   = verb;","    this.path   = path;","    this.params = new Sammy.Object(params);","    this.target = target;","  };","","  Sammy.EventContext.prototype = $.extend({}, Sammy.Object.prototype, {","","    // A shortcut to the app's `$element()`","    $element: function() {","      return this.app.$element();","    },","","    // Look up a templating engine within the current app and context.","    // `engine` can be one of the following:","    //","    // * a function: should conform to `function(content, data) { return interploated; }`","    // * a template path: 'template.ejs', looks up the extension to match to","    //   the `ejs()` helper","    // * a string referering to the helper: \"mustache\" => `mustache()`","    //","    // If no engine is found, use the app's default `template_engine`","    //","    engineFor: function(engine) {","      var context = this, engine_match;","      // if path is actually an engine function just return it","      if (_isFunction(engine)) { return engine; }","      // lookup engine name by path extension","      engine = engine.toString();","      if ((engine_match = engine.match(/\\.([^\\.]+)$/))) {","        engine = engine_match[1];","      }","      // set the engine to the default template engine if no match is found","      if (engine && _isFunction(context[engine])) {","        return context[engine];","      }","      if (context.app.template_engine) {","        return this.engineFor(context.app.template_engine);","      }","      return function(content, data) { return content; };","    },","","    // using the template `engine` found with `engineFor()`, interpolate the","    // `data` into `content`","    interpolate: function(content, data, engine) {","      return this.engineFor(engine).apply(this, [content, data]);","    },","","    // Create and return a `Sammy.RenderContext` calling `render()` on it.","    // Loads the template and interpolate the data, however does not actual","    // place it in the DOM.","    //","    // ### Example","    //","    //      // mytemplate.mustache <div class=\"name\">{{name}}</div>","    //      render('mytemplate.mustache', {name: 'quirkey'});","    //      // sets the `content` to <div class=\"name\">quirkey</div>","    //      render('mytemplate.mustache', {name: 'quirkey'})","    //        .appendTo('ul');","    //      // appends the rendered content to $('ul')","    //","    render: function(location, data, callback) {","      return new Sammy.RenderContext(this).render(location, data, callback);","    },","","    // create a new `Sammy.RenderContext` calling `load()` with `location` and","    // `options`. Called without interpolation or placement, this allows for","    // preloading/caching the templates.","    load: function(location, options, callback) {","      return new Sammy.RenderContext(this).load(location, options, callback);","    },","","    // `render()` the the `location` with `data` and then `swap()` the","    // app's `$element` with the rendered content.","    partial: function(location, data) {","      return this.render(location, data).swap();","    },","","    // Changes the location of the current window. If `to` begins with","    // '#' it only changes the document's hash. If passed more than 1 argument","    // redirect will join them together with forward slashes.","    //","    // ### Example","    //","    //      redirect('#/other/route');","    //      // equivilent to","    //      redirect('#', 'other', 'route');","    //","    redirect: function() {","      var to, args = _makeArray(arguments),","          current_location = this.app.getLocation();","      if (args.length > 1) {","        args.unshift('/');","        to = this.join.apply(this, args);","      } else {","        to = args[0];","      }","      this.trigger('redirect', {to: to});","      this.app.last_location = this.path;","      this.app.setLocation(to);","      if (current_location == to) {","        this.app.trigger('location-changed');","      }","    },","","    // Triggers events on `app` within the current context.","    trigger: function(name, data) {","      if (typeof data == 'undefined') { data = {}; }","      if (!data.context) { data.context = this; }","      return this.app.trigger(name, data);","    },","","    // A shortcut to app's `eventNamespace()`","    eventNamespace: function() {","      return this.app.eventNamespace();","    },","","    // A shortcut to app's `swap()`","    swap: function(contents) {","      return this.app.swap(contents);","    },","","    // Raises a possible `notFound()` error for the current path.","    notFound: function() {","      return this.app.notFound(this.verb, this.path);","    },","","    // //=> Sammy.EventContext: get #/ {}","    toString: function() {","      return \"Sammy.EventContext: \" + [this.verb, this.path, this.params].join(' ');","    }","","  });","","  // An alias to Sammy","  $.sammy = window.Sammy = Sammy;","","})(jQuery);",""],"l":{"4":2,"6":0,"11":0,"13":0,"14":0,"17":0,"20":0,"50":0,"51":0,"53":0,"54":0,"55":0,"56":0,"57":0,"58":0,"59":0,"60":0,"61":0,"65":0,"66":0,"68":0,"69":0,"73":0,"78":0,"79":0,"85":0,"86":0,"87":0,"88":0,"89":0,"93":0,"94":0,"95":0,"96":0,"99":0,"100":0,"103":0,"104":0,"105":0,"109":0,"117":0,"118":0,"121":0,"130":0,"131":0,"132":0,"133":0,"136":0,"147":0,"148":0,"149":0,"150":0,"153":0,"159":0,"160":0,"161":0,"162":0,"165":0,"170":0,"176":0,"177":0,"178":0,"183":0,"190":0,"191":0,"192":0,"193":0,"196":0,"212":0,"213":0,"215":0,"216":0,"219":0,"223":0,"224":0,"227":0,"228":0,"229":0,"230":0,"232":0,"234":0,"235":0,"237":0,"242":0,"243":0,"244":0,"245":0,"254":0,"255":0,"260":0,"265":0,"266":0,"267":0,"268":0,"269":0,"270":0,"272":0,"273":0,"276":0,"278":0,"279":0,"289":0,"290":0,"291":0,"292":0,"293":0,"294":0,"296":0,"297":0,"298":0,"300":0,"301":0,"304":0,"305":0,"307":0,"308":0,"309":0,"314":0,"352":0,"357":0,"406":0,"409":0,"410":0,"411":0,"412":0,"413":0,"415":0,"417":0,"418":0,"419":0,"420":0,"422":0,"425":0,"444":0,"445":0,"446":0,"447":0,"449":0,"451":0,"472":0,"476":0,"477":0,"478":0,"479":0,"482":0,"485":0,"490":0,"493":0,"494":0,"497":0,"500":0,"501":0,"504":0,"505":0,"507":0,"509":0,"512":0,"513":0,"515":0,"519":0,"555":0,"556":0,"557":0,"559":0,"565":0,"578":0,"581":0,"582":0,"584":0,"585":0,"586":0,"587":0,"588":0,"589":0,"591":0,"593":0,"594":0,"600":0,"601":0,"602":0,"605":0,"607":0,"620":0,"621":0,"626":0,"627":0,"628":0,"664":0,"665":0,"666":0,"668":0,"669":0,"675":0,"722":0,"723":0,"728":0,"758":0,"759":0,"788":0,"789":0,"807":0,"808":0,"811":0,"812":0,"813":0,"817":0,"818":0,"820":0,"821":0,"822":0,"825":0,"826":0,"827":0,"828":0,"832":0,"833":0,"834":0,"838":0,"839":0,"843":0,"850":0,"851":0,"852":0,"854":0,"856":0,"858":0,"859":0,"860":0,"863":0,"864":0,"873":0,"875":0,"876":0,"879":0,"880":0,"881":0,"884":0,"890":0,"896":0,"897":0,"898":0,"899":0,"900":0,"901":0,"902":0,"903":0,"907":0,"908":0,"909":0,"910":0,"911":0,"915":0,"938":0,"949":0,"950":0,"951":0,"952":0,"954":0,"955":0,"957":0,"959":0,"961":0,"963":0,"965":0,"968":0,"969":0,"975":0,"977":0,"978":0,"980":0,"982":0,"983":0,"984":0,"985":0,"987":0,"988":0,"989":0,"992":0,"993":0,"994":0,"995":0,"996":0,"998":0,"999":0,"1000":0,"1002":0,"1003":0,"1005":0,"1007":0,"1009":0,"1045":0,"1046":0,"1047":0,"1049":0,"1050":0,"1053":0,"1054":0,"1056":0,"1057":0,"1058":0,"1059":0,"1061":0,"1062":0,"1064":0,"1065":0,"1067":0,"1070":0,"1071":0,"1073":0,"1080":0,"1091":0,"1114":0,"1121":0,"1122":0,"1124":0,"1132":0,"1133":0,"1143":0,"1144":0,"1145":0,"1146":0,"1147":0,"1149":0,"1154":0,"1156":0,"1158":0,"1160":0,"1162":0,"1164":0,"1168":0,"1169":0,"1170":0,"1171":0,"1172":0,"1176":0,"1177":0,"1178":0,"1179":0,"1180":0,"1181":0,"1182":0,"1183":0,"1184":0,"1185":0,"1187":0,"1188":0,"1190":0,"1194":0,"1197":0,"1198":0,"1200":0,"1204":0,"1206":0,"1207":0,"1208":0,"1209":0,"1210":0,"1211":0,"1214":0,"1218":0,"1219":0,"1220":0,"1222":0,"1225":0,"1227":0,"1231":0,"1235":0,"1257":0,"1258":0,"1259":0,"1260":0,"1261":0,"1262":0,"1263":0,"1266":0,"1295":0,"1296":0,"1297":0,"1298":0,"1300":0,"1301":0,"1302":0,"1303":0,"1304":0,"1309":0,"1335":0,"1341":0,"1342":0,"1343":0,"1344":0,"1346":0,"1347":0,"1373":0,"1374":0,"1375":0,"1376":0,"1377":0,"1378":0,"1380":0,"1382":0,"1383":0,"1385":0,"1386":0,"1387":0,"1388":0,"1389":0,"1391":0,"1392":0,"1394":0,"1395":0,"1400":0,"1401":0,"1403":0,"1406":0,"1409":0,"1410":0,"1412":0,"1414":0,"1415":0,"1416":0,"1418":0,"1434":0,"1435":0,"1437":0,"1446":0,"1447":0,"1448":0,"1449":0,"1450":0,"1451":0,"1452":0,"1454":0,"1461":0,"1462":0,"1463":0,"1464":0,"1466":0,"1467":0,"1469":0,"1470":0,"1471":0,"1472":0,"1482":0,"1483":0,"1484":0,"1485":0,"1486":0,"1488":0,"1489":0,"1495":0,"1496":0,"1502":0,"1503":0,"1509":0,"1510":0,"1517":0,"1518":0,"1526":0,"1527":0,"1528":0,"1565":0,"1566":0,"1567":0,"1568":0,"1569":0,"1570":0,"1573":0,"1577":0,"1591":0,"1593":0,"1595":0,"1596":0,"1597":0,"1600":0,"1601":0,"1603":0,"1604":0,"1606":0,"1612":0,"1629":0,"1636":0,"1642":0,"1656":0,"1658":0,"1659":0,"1660":0,"1662":0,"1664":0,"1665":0,"1666":0,"1667":0,"1668":0,"1674":0,"1675":0,"1676":0,"1681":0,"1686":0,"1691":0,"1696":0,"1702":0}}}